#
# There is insufficient memory for the Java Runtime Environment to continue.
# Native memory allocation (malloc) failed to allocate 1503760 bytes. Error detail: Chunk::new
# Possible reasons:
#   The system is out of physical RAM or swap space
#   This process is running with CompressedOops enabled, and the Java Heap may be blocking the growth of the native heap
# Possible solutions:
#   Reduce memory load on the system
#   Increase physical memory or swap space
#   Check if swap backing store is full
#   Decrease Java heap size (-Xmx/-Xms)
#   Decrease number of Java threads
#   Decrease Java thread stack sizes (-Xss)
#   Set larger code cache with -XX:ReservedCodeCacheSize=
#   JVM is running with Unscaled Compressed Oops mode in which the Java heap is
#     placed in the first 4GB address space. The Java Heap base address is the
#     maximum limit for the native heap growth. Please use -XX:HeapBaseMinAddress
#     to set the Java Heap base and to place the Java Heap above 4GB virtual address.
# This output file may be truncated or incomplete.
#
#  Out of Memory Error (arena.cpp:191), pid=6020, tid=15656
#
# JRE version: OpenJDK Runtime Environment Temurin-17.0.13+11 (17.0.13+11) (build 17.0.13+11)
# Java VM: OpenJDK 64-Bit Server VM Temurin-17.0.13+11 (17.0.13+11, mixed mode, tiered, compressed oops, compressed class ptrs, parallel gc, windows-amd64)
# No core dump will be written. Minidumps are not enabled by default on client versions of Windows
#

---------------  S U M M A R Y ------------

Command Line: --add-modules=ALL-SYSTEM --add-opens=java.base/java.util=ALL-UNNAMED --add-opens=java.base/java.lang=ALL-UNNAMED --add-opens=java.base/sun.nio.fs=ALL-UNNAMED -Declipse.application=org.eclipse.jdt.ls.core.id1 -Dosgi.bundles.defaultStartLevel=4 -Declipse.product=org.eclipse.jdt.ls.core.product -Djava.import.generatesMetadataFilesAtProjectRoot=false -DDetectVMInstallationsJob.disabled=true -Dfile.encoding=utf8 -XX:+UseParallelGC -XX:GCTimeRatio=4 -XX:AdaptiveSizePolicyWeight=90 -Dsun.zip.disableMemoryMapping=true -Xmx1G -Xms100m -Xlog:disable -javaagent:c:\Users\wwwgo\.vscode\extensions\redhat.java-1.38.0-win32-x64\lombok\lombok-1.18.34.jar -XX:+HeapDumpOnOutOfMemoryError -XX:HeapDumpPath=c:\Users\wwwgo\AppData\Roaming\Code\User\workspaceStorage\249a18d9a02ff7ef2690f734e7d3763f\redhat.java -Daether.dependencyCollector.impl=bf c:\Users\wwwgo\.vscode\extensions\redhat.java-1.38.0-win32-x64\server\plugins\org.eclipse.equinox.launcher_1.6.900.v20240613-2009.jar -configuration c:\Users\wwwgo\AppData\Roaming\Code\User\globalStorage\redhat.java\1.38.0\config_win -data c:\Users\wwwgo\AppData\Roaming\Code\User\workspaceStorage\249a18d9a02ff7ef2690f734e7d3763f\redhat.java\jdt_ws --pipe=\\.\pipe\lsp-c002599941d9f3b2b0235acb233d93a7-sock

Host: Intel(R) Core(TM) i3-10110U CPU @ 2.10GHz, 4 cores, 7G,  Windows 11 , 64 bit Build 26100 (10.0.26100.2454)
Time: Tue Dec 31 15:29:43 2024 India Standard Time elapsed time: 123.904699 seconds (0d 0h 2m 3s)

---------------  T H R E A D  ---------------

Current thread (0x0000025174b568b0):  JavaThread "C2 CompilerThread1" daemon [_thread_in_native, id=15656, stack(0x0000009cc0200000,0x0000009cc0300000)]


Current CompileTask:
C2: 123904 14625       4       org.eclipse.jdt.internal.core.search.indexing.BinaryIndexer::extractReferenceFromConstantPool (358 bytes)

Stack: [0x0000009cc0200000,0x0000009cc0300000]
Native frames: (J=compiled Java code, j=interpreted, Vv=VM code, C=native code)
V  [jvm.dll+0x682a19]
V  [jvm.dll+0x839538]
V  [jvm.dll+0x83afe3]
V  [jvm.dll+0x83b653]
V  [jvm.dll+0x24704f]
V  [jvm.dll+0xace34]
V  [jvm.dll+0xad4cc]
V  [jvm.dll+0x36597e]
V  [jvm.dll+0x1ba793]
V  [jvm.dll+0x2181a7]
V  [jvm.dll+0x21748f]
V  [jvm.dll+0x1a3070]
V  [jvm.dll+0x22788c]
V  [jvm.dll+0x2259eb]
V  [jvm.dll+0x7eec98]
V  [jvm.dll+0x7e8ffc]
V  [jvm.dll+0x6818f7]
C  [ucrtbase.dll+0x14ea0]
C  [KERNEL32.DLL+0x2e8d7]
C  [ntdll.dll+0xdfbcc]


---------------  P R O C E S S  ---------------

Threads class SMR info:
_java_thread_list=0x000002517ea85a40, length=51, elements={
0x0000025157e8df80, 0x0000025157f3ca90, 0x000002516bcd2010, 0x000002516bcfff30,
0x000002516bd00800, 0x000002516bd012d0, 0x000002516bd03bb0, 0x000002516bd047b0,
0x0000025170f3f9b0, 0x0000025170f411e0, 0x0000025170fb0360, 0x0000025171135190,
0x00000251719853c0, 0x00000251719e9040, 0x0000025171d6e100, 0x0000025171975590,
0x0000025171ff68a0, 0x0000025171f068e0, 0x0000025171f06df0, 0x0000025171f08230,
0x0000025171f059b0, 0x0000025171f07810, 0x0000025171f05ec0, 0x0000025171f063d0,
0x0000025171f08740, 0x0000025171f07d20, 0x0000025171f08c50, 0x00000251736e9580,
0x00000251736e9070, 0x00000251736e9a90, 0x00000251736e9fa0, 0x00000251736ea9c0,
0x00000251736e8650, 0x00000251736e7210, 0x00000251736eaed0, 0x00000251736eb3e0,
0x00000251736e7c30, 0x00000251736e8b60, 0x00000251736ee170, 0x00000251736edc60,
0x00000251736ecd30, 0x00000251736ed240, 0x0000025171f07300, 0x000002517425e8d0,
0x000002517425e3c0, 0x000002517425ca70, 0x000002517425ede0, 0x000002517425f800,
0x000002517425fd10, 0x000002517425c560, 0x0000025174b568b0
}

Java Threads: ( => current thread )
  0x0000025157e8df80 JavaThread "main" [_thread_blocked, id=11084, stack(0x0000009cc0300000,0x0000009cc0400000)]
  0x0000025157f3ca90 JavaThread "Reference Handler" daemon [_thread_blocked, id=1076, stack(0x0000009cc0700000,0x0000009cc0800000)]
  0x000002516bcd2010 JavaThread "Finalizer" daemon [_thread_blocked, id=7604, stack(0x0000009cc0800000,0x0000009cc0900000)]
  0x000002516bcfff30 JavaThread "Signal Dispatcher" daemon [_thread_blocked, id=21100, stack(0x0000009cc0900000,0x0000009cc0a00000)]
  0x000002516bd00800 JavaThread "Attach Listener" daemon [_thread_blocked, id=2972, stack(0x0000009cc0a00000,0x0000009cc0b00000)]
  0x000002516bd012d0 JavaThread "Service Thread" daemon [_thread_blocked, id=7524, stack(0x0000009cc0b00000,0x0000009cc0c00000)]
  0x000002516bd03bb0 JavaThread "Monitor Deflation Thread" daemon [_thread_blocked, id=8532, stack(0x0000009cc0c00000,0x0000009cc0d00000)]
  0x000002516bd047b0 JavaThread "C2 CompilerThread0" daemon [_thread_blocked, id=15020, stack(0x0000009cc0d00000,0x0000009cc0e00000)]
  0x0000025170f3f9b0 JavaThread "C1 CompilerThread0" daemon [_thread_blocked, id=10244, stack(0x0000009cc0e00000,0x0000009cc0f00000)]
  0x0000025170f411e0 JavaThread "Sweeper thread" daemon [_thread_blocked, id=3680, stack(0x0000009cc0f00000,0x0000009cc1000000)]
  0x0000025170fb0360 JavaThread "Common-Cleaner" daemon [_thread_blocked, id=8544, stack(0x0000009cc1000000,0x0000009cc1100000)]
  0x0000025171135190 JavaThread "Notification Thread" daemon [_thread_blocked, id=15984, stack(0x0000009cc1100000,0x0000009cc1200000)]
  0x00000251719853c0 JavaThread "Active Thread: Equinox Container: 67803c24-d474-4782-87d5-a9eba5c798bd" [_thread_blocked, id=13280, stack(0x0000009cc1700000,0x0000009cc1800000)]
  0x00000251719e9040 JavaThread "Refresh Thread: Equinox Container: 67803c24-d474-4782-87d5-a9eba5c798bd" daemon [_thread_blocked, id=6000, stack(0x0000009cc1600000,0x0000009cc1700000)]
  0x0000025171d6e100 JavaThread "Framework Event Dispatcher: Equinox Container: 67803c24-d474-4782-87d5-a9eba5c798bd" daemon [_thread_blocked, id=7624, stack(0x0000009cc1800000,0x0000009cc1900000)]
  0x0000025171975590 JavaThread "Start Level: Equinox Container: 67803c24-d474-4782-87d5-a9eba5c798bd" daemon [_thread_blocked, id=6316, stack(0x0000009cc1900000,0x0000009cc1a00000)]
  0x0000025171ff68a0 JavaThread "Bundle File Closer" daemon [_thread_blocked, id=7684, stack(0x0000009cc1b00000,0x0000009cc1c00000)]
  0x0000025171f068e0 JavaThread "SCR Component Actor" daemon [_thread_blocked, id=9740, stack(0x0000009cc1a00000,0x0000009cc1b00000)]
  0x0000025171f06df0 JavaThread "Worker-JM" [_thread_blocked, id=16056, stack(0x0000009cc1d00000,0x0000009cc1e00000)]
  0x0000025171f08230 JavaThread "JNA Cleaner" daemon [_thread_blocked, id=17416, stack(0x0000009cc1e00000,0x0000009cc1f00000)]
  0x0000025171f059b0 JavaThread "Worker-0" [_thread_blocked, id=3492, stack(0x0000009cc2000000,0x0000009cc2100000)]
  0x0000025171f07810 JavaThread "Worker-1" [_thread_blocked, id=8708, stack(0x0000009cc1f00000,0x0000009cc2000000)]
  0x0000025171f05ec0 JavaThread "Worker-2: Check JDK Index" [_thread_blocked, id=14928, stack(0x0000009cc2100000,0x0000009cc2200000)]
  0x0000025171f063d0 JavaThread "Worker-3" [_thread_blocked, id=15112, stack(0x0000009cc2200000,0x0000009cc2300000)]
  0x0000025171f08740 JavaThread "Java indexing" daemon [_thread_in_native, id=10500, stack(0x0000009cc2300000,0x0000009cc2400000)]
  0x0000025171f07d20 JavaThread "Thread-2" daemon [_thread_in_native, id=14524, stack(0x0000009cc2600000,0x0000009cc2700000)]
  0x0000025171f08c50 JavaThread "Thread-3" daemon [_thread_in_native, id=18168, stack(0x0000009cc2700000,0x0000009cc2800000)]
  0x00000251736e9580 JavaThread "Thread-4" daemon [_thread_in_native, id=5960, stack(0x0000009cc2800000,0x0000009cc2900000)]
  0x00000251736e9070 JavaThread "Thread-5" daemon [_thread_in_native, id=5544, stack(0x0000009cc2900000,0x0000009cc2a00000)]
  0x00000251736e9a90 JavaThread "Thread-6" daemon [_thread_in_native, id=7156, stack(0x0000009cc2a00000,0x0000009cc2b00000)]
  0x00000251736e9fa0 JavaThread "pool-2-thread-1" [_thread_blocked, id=17248, stack(0x0000009cc2b00000,0x0000009cc2c00000)]
  0x00000251736ea9c0 JavaThread "Worker-4" [_thread_blocked, id=20164, stack(0x0000009cc2c00000,0x0000009cc2d00000)]
  0x00000251736e8650 JavaThread "Worker-5: Java indexing... " [_thread_blocked, id=15136, stack(0x0000009cc2d00000,0x0000009cc2e00000)]
  0x00000251736e7210 JavaThread "WorkspaceEventsHandler" [_thread_blocked, id=7520, stack(0x0000009cc2e00000,0x0000009cc2f00000)]
  0x00000251736eaed0 JavaThread "pool-1-thread-1" [_thread_blocked, id=19440, stack(0x0000009cc2f00000,0x0000009cc3000000)]
  0x00000251736eb3e0 JavaThread "Worker-6" [_thread_blocked, id=12228, stack(0x0000009cc3000000,0x0000009cc3100000)]
  0x00000251736e7c30 JavaThread "Timer-0" [_thread_blocked, id=10284, stack(0x0000009cc3100000,0x0000009cc3200000)]
  0x00000251736e8b60 JavaThread "Timer-1" [_thread_blocked, id=4592, stack(0x0000009cc2500000,0x0000009cc2600000)]
  0x00000251736ee170 JavaThread "ForkJoinPool.commonPool-worker-1" daemon [_thread_blocked, id=17336, stack(0x0000009cc3600000,0x0000009cc3700000)]
  0x00000251736edc60 JavaThread "ForkJoinPool.commonPool-worker-2" daemon [_thread_blocked, id=16680, stack(0x0000009cc3700000,0x0000009cc3800000)]
  0x00000251736ecd30 JavaThread "ForkJoinPool.commonPool-worker-3" daemon [_thread_blocked, id=20768, stack(0x0000009cc3900000,0x0000009cc3a00000)]
  0x00000251736ed240 JavaThread "LocalFile Deleter" daemon [_thread_blocked, id=19888, stack(0x0000009cc3a00000,0x0000009cc3b00000)]
  0x0000025171f07300 JavaThread "LocalFile Deleter" daemon [_thread_blocked, id=5500, stack(0x0000009cc3b00000,0x0000009cc3c00000)]
  0x000002517425e8d0 JavaThread "LocalFile Deleter" daemon [_thread_blocked, id=6696, stack(0x0000009cc3c00000,0x0000009cc3d00000)]
  0x000002517425e3c0 JavaThread "LocalFile Deleter" daemon [_thread_blocked, id=17952, stack(0x0000009cc3d00000,0x0000009cc3e00000)]
  0x000002517425ca70 JavaThread "Compiler Source File Reader" daemon [_thread_blocked, id=3284, stack(0x0000009cc3200000,0x0000009cc3300000)]
  0x000002517425ede0 JavaThread "Compiler Source File Reader" daemon [_thread_blocked, id=6436, stack(0x0000009cc3e00000,0x0000009cc3f00000)]
  0x000002517425f800 JavaThread "Compiler Processing Task" daemon [_thread_blocked, id=10420, stack(0x0000009cc4000000,0x0000009cc4100000)]
  0x000002517425fd10 JavaThread "Compiler Class File Writer" daemon [_thread_blocked, id=6440, stack(0x0000009cc3f00000,0x0000009cc4000000)]
  0x000002517425c560 JavaThread "Compiler Class File Writer" daemon [_thread_blocked, id=2540, stack(0x0000009cc4200000,0x0000009cc4300000)]
=>0x0000025174b568b0 JavaThread "C2 CompilerThread1" daemon [_thread_in_native, id=15656, stack(0x0000009cc0200000,0x0000009cc0300000)]

Other Threads:
  0x000002516bcbf300 VMThread "VM Thread" [stack: 0x0000009cc0600000,0x0000009cc0700000] [id=16164]
  0x0000025171135670 WatcherThread [stack: 0x0000009cc1200000,0x0000009cc1300000] [id=12332]
  0x0000025157ea2de0 GCTaskThread "GC Thread#0" [stack: 0x0000009cc0500000,0x0000009cc0600000] [id=20736]
  0x0000025171714ba0 GCTaskThread "GC Thread#1" [stack: 0x0000009cc1300000,0x0000009cc1400000] [id=840]
  0x00000251716f2610 GCTaskThread "GC Thread#2" [stack: 0x0000009cc1400000,0x0000009cc1500000] [id=16564]
  0x00000251716f28d0 GCTaskThread "GC Thread#3" [stack: 0x0000009cc1500000,0x0000009cc1600000] [id=17404]

Threads with active compile tasks:
C2 CompilerThread1   123941 14625       4       org.eclipse.jdt.internal.core.search.indexing.BinaryIndexer::extractReferenceFromConstantPool (358 bytes)

VM state: not at safepoint (normal execution)

VM Mutex/Monitor currently owned by a thread: None

Heap address: 0x00000000c0000000, size: 1024 MB, Compressed Oops mode: 32-bit

CDS archive(s) not mapped
Compressed class space mapped at: 0x0000000100000000-0x0000000140000000, reserved size: 1073741824
Narrow klass base: 0x0000000000000000, Narrow klass shift: 3, Narrow klass range: 0x140000000

GC Precious Log:
 CPUs: 4 total, 4 available
 Memory: 8025M
 Large Page Support: Disabled
 NUMA Support: Disabled
 Compressed Oops: Enabled (32-bit)
 Alignments: Space 512K, Generation 512K, Heap 2M
 Heap Min Capacity: 100M
 Heap Initial Capacity: 100M
 Heap Max Capacity: 1G
 Pre-touch: Disabled
 Parallel Workers: 4

Heap:
 PSYoungGen      total 7680K, used 6395K [0x00000000eab00000, 0x00000000eb680000, 0x0000000100000000)
  eden space 4096K, 79% used [0x00000000eab00000,0x00000000eae29d60,0x00000000eaf00000)
  from space 3584K, 88% used [0x00000000eaf00000,0x00000000eb214fa8,0x00000000eb280000)
  to   space 3584K, 0% used [0x00000000eb300000,0x00000000eb300000,0x00000000eb680000)
 ParOldGen       total 495104K, used 493911K [0x00000000c0000000, 0x00000000de380000, 0x00000000eab00000)
  object space 495104K, 99% used [0x00000000c0000000,0x00000000de255c90,0x00000000de380000)
 Metaspace       used 84621K, committed 86016K, reserved 1179648K
  class space    used 9243K, committed 9856K, reserved 1048576K

Card table byte_map: [0x0000025157820000,0x0000025157a30000] _byte_map_base: 0x0000025157220000

Marking Bits: (ParMarkBitMap*) 0x00007ffd0e0c6940
 Begin Bits: [0x0000025169b20000, 0x000002516ab20000)
 End Bits:   [0x000002516ab20000, 0x000002516bb20000)

Polling page: 0x0000025155e30000

Metaspace:

Usage:
  Non-class:     73.61 MB used.
      Class:      9.03 MB used.
       Both:     82.64 MB used.

Virtual space:
  Non-class space:      128.00 MB reserved,      74.38 MB ( 58%) committed,  2 nodes.
      Class space:        1.00 GB reserved,       9.62 MB ( <1%) committed,  1 nodes.
             Both:        1.12 GB reserved,      84.00 MB (  7%) committed. 

Chunk freelists:
   Non-Class:  5.11 MB
       Class:  6.39 MB
        Both:  11.50 MB

MaxMetaspaceSize: unlimited
CompressedClassSpaceSize: 1.00 GB
Initial GC threshold: 21.00 MB
Current GC threshold: 139.94 MB
CDS: off
MetaspaceReclaimPolicy: balanced
 - commit_granule_bytes: 65536.
 - commit_granule_words: 8192.
 - virtual_space_node_default_size: 8388608.
 - enlarge_chunks_in_place: 1.
 - new_chunks_are_fully_committed: 0.
 - uncommit_free_chunks: 1.
 - use_allocation_guard: 0.
 - handle_deallocations: 1.


Internal statistics:

num_allocs_failed_limit: 9.
num_arena_births: 882.
num_arena_deaths: 22.
num_vsnodes_births: 3.
num_vsnodes_deaths: 0.
num_space_committed: 1344.
num_space_uncommitted: 0.
num_chunks_returned_to_freelist: 35.
num_chunks_taken_from_freelist: 4300.
num_chunk_merges: 15.
num_chunk_splits: 2638.
num_chunks_enlarged: 1526.
num_inconsistent_stats: 0.

CodeHeap 'non-profiled nmethods': size=120000Kb used=10691Kb max_used=10691Kb free=109308Kb
 bounds [0x00000251625f0000, 0x0000025163070000, 0x0000025169b20000]
CodeHeap 'profiled nmethods': size=120000Kb used=25598Kb max_used=25762Kb free=94402Kb
 bounds [0x000002515ab20000, 0x000002515c450000, 0x0000025162050000]
CodeHeap 'non-nmethods': size=5760Kb used=1415Kb max_used=1559Kb free=4344Kb
 bounds [0x0000025162050000, 0x00000251622c0000, 0x00000251625f0000]
 total_blobs=12366 nmethods=11595 adapters=683
 compilation: enabled
              stopped_count=0, restarted_count=0
 full_count=0

Compilation events (20 events):
Event: 122.878 Thread 0x0000025170f3f9b0 nmethod 14620 0x000002515c166190 code [0x000002515c166340, 0x000002515c166568]
Event: 122.893 Thread 0x000002516bd047b0 nmethod 14617 0x000002516303d710 code [0x000002516303d900, 0x000002516303e650]
Event: 122.893 Thread 0x000002516bd047b0 14612   !   4       org.eclipse.jdt.internal.core.search.indexing.BinaryIndexer::indexDocument (1157 bytes)
Event: 122.915 Thread 0x0000025170f3f9b0 14622       2       org.eclipse.jdt.internal.core.search.indexing.BinaryIndexer::addBinaryStandardAnnotations (238 bytes)
Event: 122.917 Thread 0x0000025170f3f9b0 nmethod 14622 0x000002515bd7f210 code [0x000002515bd7f660, 0x000002515bd80448]
Event: 123.180 Thread 0x0000025170f3f9b0 14624       2       org.eclipse.jdt.internal.core.search.indexing.AbstractIndexer::addDefaultConstructorDeclaration (21 bytes)
Event: 123.180 Thread 0x0000025170f3f9b0 nmethod 14624 0x000002515bd7eb10 code [0x000002515bd7ece0, 0x000002515bd7ef88]
Event: 123.279 Thread 0x0000025174b568b0 nmethod 14613% 0x000002516303f010 code [0x000002516303f540, 0x0000025163048588]
Event: 123.279 Thread 0x0000025174b568b0 14621       4       org.eclipse.jdt.internal.core.search.indexing.AbstractIndexer::addIndexMetaQualification (44 bytes)
Event: 123.291 Thread 0x0000025174b568b0 nmethod 14621 0x000002516304b910 code [0x000002516304bac0, 0x000002516304c408]
Event: 123.292 Thread 0x0000025174b568b0 14614       4       org.eclipse.jdt.internal.core.search.indexing.AbstractIndexer::addFieldDeclaration (17 bytes)
Event: 123.305 Thread 0x0000025174b568b0 nmethod 14614 0x000002516304c990 code [0x000002516304cb80, 0x000002516304d778]
Event: 123.305 Thread 0x0000025174b568b0 14623       4       org.eclipse.jdt.internal.core.search.matching.FieldPattern::createIndexKey (2 bytes)
Event: 123.305 Thread 0x0000025174b568b0 nmethod 14623 0x000002516304df90 code [0x000002516304e100, 0x000002516304e158]
Event: 123.328 Thread 0x0000025174b568b0 14625       4       org.eclipse.jdt.internal.core.search.indexing.BinaryIndexer::extractReferenceFromConstantPool (358 bytes)
Event: 123.709 Thread 0x000002516bd047b0 nmethod 14612 0x000002516304e290 code [0x000002516304ebe0, 0x0000025163058a20]
Event: 123.710 Thread 0x000002516bd047b0 14627       4       org.eclipse.jdt.internal.core.search.indexing.BinaryIndexer::extractClassName (42 bytes)
Event: 123.723 Thread 0x000002516bd047b0 nmethod 14627 0x000002516305f810 code [0x000002516305f9c0, 0x0000025163060178]
Event: 123.723 Thread 0x000002516bd047b0 14626       4       org.eclipse.jdt.core.compiler.CharOperation::concat (71 bytes)
Event: 123.726 Thread 0x000002516bd047b0 nmethod 14626 0x0000025163060510 code [0x00000251630606a0, 0x0000025163060af8]

GC Heap History (20 events):
Event: 122.729 GC heap before
{Heap before GC invocations=881 (full 23):
 PSYoungGen      total 9728K, used 8955K [0x00000000eab00000, 0x00000000ebb00000, 0x0000000100000000)
  eden space 2560K, 100% used [0x00000000eab00000,0x00000000ead80000,0x00000000ead80000)
  from space 7168K, 89% used [0x00000000ead80000,0x00000000eb3bec08,0x00000000eb480000)
  to   space 6656K, 0% used [0x00000000eb480000,0x00000000eb480000,0x00000000ebb00000)
 ParOldGen       total 495104K, used 486727K [0x00000000c0000000, 0x00000000de380000, 0x00000000eab00000)
  object space 495104K, 98% used [0x00000000c0000000,0x00000000ddb51c90,0x00000000de380000)
 Metaspace       used 84621K, committed 86016K, reserved 1179648K
  class space    used 9243K, committed 9856K, reserved 1048576K
}
Event: 122.733 GC heap after
{Heap after GC invocations=881 (full 23):
 PSYoungGen      total 9216K, used 6651K [0x00000000eab00000, 0x00000000ebc00000, 0x0000000100000000)
  eden space 2560K, 0% used [0x00000000eab00000,0x00000000eab00000,0x00000000ead80000)
  from space 6656K, 99% used [0x00000000eb480000,0x00000000ebafec08,0x00000000ebb00000)
  to   space 7168K, 0% used [0x00000000ead80000,0x00000000ead80000,0x00000000eb480000)
 ParOldGen       total 495104K, used 486727K [0x00000000c0000000, 0x00000000de380000, 0x00000000eab00000)
  object space 495104K, 98% used [0x00000000c0000000,0x00000000ddb51c90,0x00000000de380000)
 Metaspace       used 84621K, committed 86016K, reserved 1179648K
  class space    used 9243K, committed 9856K, reserved 1048576K
}
Event: 122.900 GC heap before
{Heap before GC invocations=882 (full 23):
 PSYoungGen      total 9216K, used 9211K [0x00000000eab00000, 0x00000000ebc00000, 0x0000000100000000)
  eden space 2560K, 100% used [0x00000000eab00000,0x00000000ead80000,0x00000000ead80000)
  from space 6656K, 99% used [0x00000000eb480000,0x00000000ebafec08,0x00000000ebb00000)
  to   space 7168K, 0% used [0x00000000ead80000,0x00000000ead80000,0x00000000eb480000)
 ParOldGen       total 495104K, used 486727K [0x00000000c0000000, 0x00000000de380000, 0x00000000eab00000)
  object space 495104K, 98% used [0x00000000c0000000,0x00000000ddb51c90,0x00000000de380000)
 Metaspace       used 84621K, committed 86016K, reserved 1179648K
  class space    used 9243K, committed 9856K, reserved 1048576K
}
Event: 122.908 GC heap after
{Heap after GC invocations=882 (full 23):
 PSYoungGen      total 9728K, used 6998K [0x00000000eab00000, 0x00000000ebc00000, 0x0000000100000000)
  eden space 2560K, 0% used [0x00000000eab00000,0x00000000eab00000,0x00000000ead80000)
  from space 7168K, 97% used [0x00000000ead80000,0x00000000eb455808,0x00000000eb480000)
  to   space 7168K, 0% used [0x00000000eb500000,0x00000000eb500000,0x00000000ebc00000)
 ParOldGen       total 495104K, used 486727K [0x00000000c0000000, 0x00000000de380000, 0x00000000eab00000)
  object space 495104K, 98% used [0x00000000c0000000,0x00000000ddb51c90,0x00000000de380000)
 Metaspace       used 84621K, committed 86016K, reserved 1179648K
  class space    used 9243K, committed 9856K, reserved 1048576K
}
Event: 122.918 GC heap before
{Heap before GC invocations=883 (full 23):
 PSYoungGen      total 9728K, used 9558K [0x00000000eab00000, 0x00000000ebc00000, 0x0000000100000000)
  eden space 2560K, 100% used [0x00000000eab00000,0x00000000ead80000,0x00000000ead80000)
  from space 7168K, 97% used [0x00000000ead80000,0x00000000eb455808,0x00000000eb480000)
  to   space 7168K, 0% used [0x00000000eb500000,0x00000000eb500000,0x00000000ebc00000)
 ParOldGen       total 495104K, used 486727K [0x00000000c0000000, 0x00000000de380000, 0x00000000eab00000)
  object space 495104K, 98% used [0x00000000c0000000,0x00000000ddb51c90,0x00000000de380000)
 Metaspace       used 84621K, committed 86016K, reserved 1179648K
  class space    used 9243K, committed 9856K, reserved 1048576K
}
Event: 122.929 GC heap after
{Heap after GC invocations=883 (full 23):
 PSYoungGen      total 9728K, used 7158K [0x00000000eab00000, 0x00000000ebd00000, 0x0000000100000000)
  eden space 2560K, 0% used [0x00000000eab00000,0x00000000eab00000,0x00000000ead80000)
  from space 7168K, 99% used [0x00000000eb500000,0x00000000ebbfd808,0x00000000ebc00000)
  to   space 7680K, 0% used [0x00000000ead80000,0x00000000ead80000,0x00000000eb500000)
 ParOldGen       total 495104K, used 486775K [0x00000000c0000000, 0x00000000de380000, 0x00000000eab00000)
  object space 495104K, 98% used [0x00000000c0000000,0x00000000ddb5dc90,0x00000000de380000)
 Metaspace       used 84621K, committed 86016K, reserved 1179648K
  class space    used 9243K, committed 9856K, reserved 1048576K
}
Event: 122.939 GC heap before
{Heap before GC invocations=884 (full 23):
 PSYoungGen      total 9728K, used 9717K [0x00000000eab00000, 0x00000000ebd00000, 0x0000000100000000)
  eden space 2560K, 99% used [0x00000000eab00000,0x00000000ead7ff90,0x00000000ead80000)
  from space 7168K, 99% used [0x00000000eb500000,0x00000000ebbfd808,0x00000000ebc00000)
  to   space 7680K, 0% used [0x00000000ead80000,0x00000000ead80000,0x00000000eb500000)
 ParOldGen       total 495104K, used 486775K [0x00000000c0000000, 0x00000000de380000, 0x00000000eab00000)
  object space 495104K, 98% used [0x00000000c0000000,0x00000000ddb5dc90,0x00000000de380000)
 Metaspace       used 84621K, committed 86016K, reserved 1179648K
  class space    used 9243K, committed 9856K, reserved 1048576K
}
Event: 122.944 GC heap after
{Heap after GC invocations=884 (full 23):
 PSYoungGen      total 8704K, used 5878K [0x00000000eab00000, 0x00000000ebb00000, 0x0000000100000000)
  eden space 2560K, 0% used [0x00000000eab00000,0x00000000eab00000,0x00000000ead80000)
  from space 6144K, 95% used [0x00000000ead80000,0x00000000eb33d808,0x00000000eb380000)
  to   space 6656K, 0% used [0x00000000eb480000,0x00000000eb480000,0x00000000ebb00000)
 ParOldGen       total 495104K, used 488455K [0x00000000c0000000, 0x00000000de380000, 0x00000000eab00000)
  object space 495104K, 98% used [0x00000000c0000000,0x00000000ddd01c90,0x00000000de380000)
 Metaspace       used 84621K, committed 86016K, reserved 1179648K
  class space    used 9243K, committed 9856K, reserved 1048576K
}
Event: 123.167 GC heap before
{Heap before GC invocations=885 (full 23):
 PSYoungGen      total 8704K, used 8438K [0x00000000eab00000, 0x00000000ebb00000, 0x0000000100000000)
  eden space 2560K, 100% used [0x00000000eab00000,0x00000000ead80000,0x00000000ead80000)
  from space 6144K, 95% used [0x00000000ead80000,0x00000000eb33d808,0x00000000eb380000)
  to   space 6656K, 0% used [0x00000000eb480000,0x00000000eb480000,0x00000000ebb00000)
 ParOldGen       total 495104K, used 488455K [0x00000000c0000000, 0x00000000de380000, 0x00000000eab00000)
  object space 495104K, 98% used [0x00000000c0000000,0x00000000ddd01c90,0x00000000de380000)
 Metaspace       used 84621K, committed 86016K, reserved 1179648K
  class space    used 9243K, committed 9856K, reserved 1048576K
}
Event: 123.178 GC heap after
{Heap after GC invocations=885 (full 23):
 PSYoungGen      total 8192K, used 5100K [0x00000000eab00000, 0x00000000eb980000, 0x0000000100000000)
  eden space 3072K, 0% used [0x00000000eab00000,0x00000000eab00000,0x00000000eae00000)
  from space 5120K, 99% used [0x00000000eb480000,0x00000000eb97b008,0x00000000eb980000)
  to   space 5632K, 0% used [0x00000000eae80000,0x00000000eae80000,0x00000000eb400000)
 ParOldGen       total 495104K, used 489535K [0x00000000c0000000, 0x00000000de380000, 0x00000000eab00000)
  object space 495104K, 98% used [0x00000000c0000000,0x00000000dde0fc90,0x00000000de380000)
 Metaspace       used 84621K, committed 86016K, reserved 1179648K
  class space    used 9243K, committed 9856K, reserved 1048576K
}
Event: 123.215 GC heap before
{Heap before GC invocations=886 (full 23):
 PSYoungGen      total 8192K, used 8172K [0x00000000eab00000, 0x00000000eb980000, 0x0000000100000000)
  eden space 3072K, 100% used [0x00000000eab00000,0x00000000eae00000,0x00000000eae00000)
  from space 5120K, 99% used [0x00000000eb480000,0x00000000eb97b008,0x00000000eb980000)
  to   space 5632K, 0% used [0x00000000eae80000,0x00000000eae80000,0x00000000eb400000)
 ParOldGen       total 495104K, used 489535K [0x00000000c0000000, 0x00000000de380000, 0x00000000eab00000)
  object space 495104K, 98% used [0x00000000c0000000,0x00000000dde0fc90,0x00000000de380000)
 Metaspace       used 84621K, committed 86016K, reserved 1179648K
  class space    used 9243K, committed 9856K, reserved 1048576K
}
Event: 123.225 GC heap after
{Heap after GC invocations=886 (full 23):
 PSYoungGen      total 7680K, used 3980K [0x00000000eab00000, 0x00000000eb800000, 0x0000000100000000)
  eden space 3584K, 0% used [0x00000000eab00000,0x00000000eab00000,0x00000000eae80000)
  from space 4096K, 97% used [0x00000000eae80000,0x00000000eb263008,0x00000000eb280000)
  to   space 4608K, 0% used [0x00000000eb380000,0x00000000eb380000,0x00000000eb800000)
 ParOldGen       total 495104K, used 491039K [0x00000000c0000000, 0x00000000de380000, 0x00000000eab00000)
  object space 495104K, 99% used [0x00000000c0000000,0x00000000ddf87c90,0x00000000de380000)
 Metaspace       used 84621K, committed 86016K, reserved 1179648K
  class space    used 9243K, committed 9856K, reserved 1048576K
}
Event: 123.440 GC heap before
{Heap before GC invocations=887 (full 23):
 PSYoungGen      total 7680K, used 7564K [0x00000000eab00000, 0x00000000eb800000, 0x0000000100000000)
  eden space 3584K, 100% used [0x00000000eab00000,0x00000000eae80000,0x00000000eae80000)
  from space 4096K, 97% used [0x00000000eae80000,0x00000000eb263008,0x00000000eb280000)
  to   space 4608K, 0% used [0x00000000eb380000,0x00000000eb380000,0x00000000eb800000)
 ParOldGen       total 495104K, used 491039K [0x00000000c0000000, 0x00000000de380000, 0x00000000eab00000)
  object space 495104K, 99% used [0x00000000c0000000,0x00000000ddf87c90,0x00000000de380000)
 Metaspace       used 84621K, committed 86016K, reserved 1179648K
  class space    used 9243K, committed 9856K, reserved 1048576K
}
Event: 123.443 GC heap after
{Heap after GC invocations=887 (full 23):
 PSYoungGen      total 7168K, used 2636K [0x00000000eab00000, 0x00000000eb680000, 0x0000000100000000)
  eden space 4096K, 0% used [0x00000000eab00000,0x00000000eab00000,0x00000000eaf00000)
  from space 3072K, 85% used [0x00000000eb380000,0x00000000eb613008,0x00000000eb680000)
  to   space 3584K, 0% used [0x00000000eaf80000,0x00000000eaf80000,0x00000000eb300000)
 ParOldGen       total 495104K, used 492751K [0x00000000c0000000, 0x00000000de380000, 0x00000000eab00000)
  object space 495104K, 99% used [0x00000000c0000000,0x00000000de133c90,0x00000000de380000)
 Metaspace       used 84621K, committed 86016K, reserved 1179648K
  class space    used 9243K, committed 9856K, reserved 1048576K
}
Event: 123.465 GC heap before
{Heap before GC invocations=888 (full 23):
 PSYoungGen      total 7168K, used 6732K [0x00000000eab00000, 0x00000000eb680000, 0x0000000100000000)
  eden space 4096K, 100% used [0x00000000eab00000,0x00000000eaf00000,0x00000000eaf00000)
  from space 3072K, 85% used [0x00000000eb380000,0x00000000eb613008,0x00000000eb680000)
  to   space 3584K, 0% used [0x00000000eaf80000,0x00000000eaf80000,0x00000000eb300000)
 ParOldGen       total 495104K, used 492751K [0x00000000c0000000, 0x00000000de380000, 0x00000000eab00000)
  object space 495104K, 99% used [0x00000000c0000000,0x00000000de133c90,0x00000000de380000)
 Metaspace       used 84621K, committed 86016K, reserved 1179648K
  class space    used 9243K, committed 9856K, reserved 1048576K
}
Event: 123.467 GC heap after
{Heap after GC invocations=888 (full 23):
 PSYoungGen      total 7680K, used 2796K [0x00000000eab00000, 0x00000000eb580000, 0x0000000100000000)
  eden space 4608K, 0% used [0x00000000eab00000,0x00000000eab00000,0x00000000eaf80000)
  from space 3072K, 91% used [0x00000000eaf80000,0x00000000eb23b008,0x00000000eb280000)
  to   space 3072K, 0% used [0x00000000eb280000,0x00000000eb280000,0x00000000eb580000)
 ParOldGen       total 495104K, used 493047K [0x00000000c0000000, 0x00000000de380000, 0x00000000eab00000)
  object space 495104K, 99% used [0x00000000c0000000,0x00000000de17dc90,0x00000000de380000)
 Metaspace       used 84621K, committed 86016K, reserved 1179648K
  class space    used 9243K, committed 9856K, reserved 1048576K
}
Event: 123.672 GC heap before
{Heap before GC invocations=889 (full 23):
 PSYoungGen      total 7680K, used 7404K [0x00000000eab00000, 0x00000000eb580000, 0x0000000100000000)
  eden space 4608K, 100% used [0x00000000eab00000,0x00000000eaf80000,0x00000000eaf80000)
  from space 3072K, 91% used [0x00000000eaf80000,0x00000000eb23b008,0x00000000eb280000)
  to   space 3072K, 0% used [0x00000000eb280000,0x00000000eb280000,0x00000000eb580000)
 ParOldGen       total 495104K, used 493047K [0x00000000c0000000, 0x00000000de380000, 0x00000000eab00000)
  object space 495104K, 99% used [0x00000000c0000000,0x00000000de17dc90,0x00000000de380000)
 Metaspace       used 84621K, committed 86016K, reserved 1179648K
  class space    used 9243K, committed 9856K, reserved 1048576K
}
Event: 123.675 GC heap after
{Heap after GC invocations=889 (full 23):
 PSYoungGen      total 7168K, used 3052K [0x00000000eab00000, 0x00000000eb700000, 0x0000000100000000)
  eden space 4096K, 0% used [0x00000000eab00000,0x00000000eab00000,0x00000000eaf00000)
  from space 3072K, 99% used [0x00000000eb280000,0x00000000eb57b008,0x00000000eb580000)
  to   space 3584K, 0% used [0x00000000eaf00000,0x00000000eaf00000,0x00000000eb280000)
 ParOldGen       total 495104K, used 493343K [0x00000000c0000000, 0x00000000de380000, 0x00000000eab00000)
  object space 495104K, 99% used [0x00000000c0000000,0x00000000de1c7c90,0x00000000de380000)
 Metaspace       used 84621K, committed 86016K, reserved 1179648K
  class space    used 9243K, committed 9856K, reserved 1048576K
}
Event: 123.715 GC heap before
{Heap before GC invocations=890 (full 23):
 PSYoungGen      total 7168K, used 7148K [0x00000000eab00000, 0x00000000eb700000, 0x0000000100000000)
  eden space 4096K, 100% used [0x00000000eab00000,0x00000000eaf00000,0x00000000eaf00000)
  from space 3072K, 99% used [0x00000000eb280000,0x00000000eb57b008,0x00000000eb580000)
  to   space 3584K, 0% used [0x00000000eaf00000,0x00000000eaf00000,0x00000000eb280000)
 ParOldGen       total 495104K, used 493343K [0x00000000c0000000, 0x00000000de380000, 0x00000000eab00000)
  object space 495104K, 99% used [0x00000000c0000000,0x00000000de1c7c90,0x00000000de380000)
 Metaspace       used 84621K, committed 86016K, reserved 1179648K
  class space    used 9243K, committed 9856K, reserved 1048576K
}
Event: 123.718 GC heap after
{Heap after GC invocations=890 (full 23):
 PSYoungGen      total 7680K, used 3155K [0x00000000eab00000, 0x00000000eb680000, 0x0000000100000000)
  eden space 4096K, 0% used [0x00000000eab00000,0x00000000eab00000,0x00000000eaf00000)
  from space 3584K, 88% used [0x00000000eaf00000,0x00000000eb214fa8,0x00000000eb280000)
  to   space 3584K, 0% used [0x00000000eb300000,0x00000000eb300000,0x00000000eb680000)
 ParOldGen       total 495104K, used 493911K [0x00000000c0000000, 0x00000000de380000, 0x00000000eab00000)
  object space 495104K, 99% used [0x00000000c0000000,0x00000000de255c90,0x00000000de380000)
 Metaspace       used 84621K, committed 86016K, reserved 1179648K
  class space    used 9243K, committed 9856K, reserved 1048576K
}

Dll operation events (15 events):
Event: 0.116 Loaded shared library c:\Users\wwwgo\.vscode\extensions\redhat.java-1.38.0-win32-x64\jre\17.0.13-win32-x86_64\bin\java.dll
Event: 0.765 Loaded shared library c:\Users\wwwgo\.vscode\extensions\redhat.java-1.38.0-win32-x64\jre\17.0.13-win32-x86_64\bin\zip.dll
Event: 0.770 Loaded shared library C:\Users\wwwgo\.vscode\extensions\redhat.java-1.38.0-win32-x64\jre\17.0.13-win32-x86_64\bin\instrument.dll
Event: 0.788 Loaded shared library C:\Users\wwwgo\.vscode\extensions\redhat.java-1.38.0-win32-x64\jre\17.0.13-win32-x86_64\bin\net.dll
Event: 0.792 Loaded shared library C:\Users\wwwgo\.vscode\extensions\redhat.java-1.38.0-win32-x64\jre\17.0.13-win32-x86_64\bin\nio.dll
Event: 0.861 Loaded shared library C:\Users\wwwgo\.vscode\extensions\redhat.java-1.38.0-win32-x64\jre\17.0.13-win32-x86_64\bin\zip.dll
Event: 0.884 Loaded shared library C:\Users\wwwgo\.vscode\extensions\redhat.java-1.38.0-win32-x64\jre\17.0.13-win32-x86_64\bin\jimage.dll
Event: 1.107 Loaded shared library c:\Users\wwwgo\.vscode\extensions\redhat.java-1.38.0-win32-x64\jre\17.0.13-win32-x86_64\bin\verify.dll
Event: 7.311 Loaded shared library C:\Users\wwwgo\AppData\Roaming\Code\User\globalStorage\redhat.java\1.38.0\config_win\org.eclipse.equinox.launcher\org.eclipse.equinox.launcher.win32.win32.x86_64_1.2.1100.v20240722-2106\eclipse_11904.dll
Event: 14.181 Loaded shared library C:\Users\wwwgo\AppData\Local\Temp\jna-113561791\jna6085220580917043273.dll
Event: 37.908 Loaded shared library C:\Users\wwwgo\.gradle\native\c067742578af261105cb4f569cf0c3c89f3d7b1fecec35dd04571415982c5e48\windows-amd64\native-platform.dll
Event: 40.556 Loaded shared library C:\Users\wwwgo\.vscode\extensions\redhat.java-1.38.0-win32-x64\jre\17.0.13-win32-x86_64\bin\management.dll
Event: 40.559 Loaded shared library C:\Users\wwwgo\.vscode\extensions\redhat.java-1.38.0-win32-x64\jre\17.0.13-win32-x86_64\bin\management_ext.dll
Event: 41.385 Loaded shared library C:\Users\wwwgo\.vscode\extensions\redhat.java-1.38.0-win32-x64\jre\17.0.13-win32-x86_64\bin\sunmscapi.dll
Event: 41.744 Loaded shared library C:\Users\wwwgo\.vscode\extensions\redhat.java-1.38.0-win32-x64\jre\17.0.13-win32-x86_64\bin\extnet.dll

Deoptimization events (20 events):
Event: 122.710 Thread 0x0000025171f08740 DEOPT PACKING pc=0x000002515bd861f5 sp=0x0000009cc23ff1d0
Event: 122.710 Thread 0x0000025171f08740 DEOPT UNPACKING pc=0x00000251620a6e43 sp=0x0000009cc23fe750 mode 0
Event: 122.719 Thread 0x0000025171f08740 DEOPT PACKING pc=0x000002515c05c3db sp=0x0000009cc23feef0
Event: 122.719 Thread 0x0000025171f08740 DEOPT UNPACKING pc=0x00000251620a6e43 sp=0x0000009cc23fe428 mode 0
Event: 123.164 Thread 0x0000025171f08740 DEOPT PACKING pc=0x000002515bd861f5 sp=0x0000009cc23ff1a0
Event: 123.164 Thread 0x0000025171f08740 DEOPT UNPACKING pc=0x00000251620a6e43 sp=0x0000009cc23fe720 mode 0
Event: 123.210 Thread 0x0000025171f08740 DEOPT PACKING pc=0x000002515bd861f5 sp=0x0000009cc23ff1a0
Event: 123.210 Thread 0x0000025171f08740 DEOPT UNPACKING pc=0x00000251620a6e43 sp=0x0000009cc23fe720 mode 0
Event: 123.428 Thread 0x0000025171f08740 DEOPT PACKING pc=0x000002515bd861b7 sp=0x0000009cc23ff1a0
Event: 123.428 Thread 0x0000025171f08740 DEOPT UNPACKING pc=0x00000251620a6e43 sp=0x0000009cc23fe720 mode 0
Event: 123.448 Thread 0x0000025171f08740 DEOPT PACKING pc=0x000002515bd861b7 sp=0x0000009cc23ff1a0
Event: 123.448 Thread 0x0000025171f08740 DEOPT UNPACKING pc=0x00000251620a6e43 sp=0x0000009cc23fe720 mode 0
Event: 123.468 Thread 0x0000025171f08740 DEOPT PACKING pc=0x000002515bd861b7 sp=0x0000009cc23ff1a0
Event: 123.468 Thread 0x0000025171f08740 DEOPT UNPACKING pc=0x00000251620a6e43 sp=0x0000009cc23fe720 mode 0
Event: 123.654 Thread 0x0000025171f08740 DEOPT PACKING pc=0x000002515bd861f5 sp=0x0000009cc23ff1a0
Event: 123.654 Thread 0x0000025171f08740 DEOPT UNPACKING pc=0x00000251620a6e43 sp=0x0000009cc23fe720 mode 0
Event: 123.679 Thread 0x0000025171f08740 DEOPT PACKING pc=0x000002515bd861b7 sp=0x0000009cc23ff1a0
Event: 123.680 Thread 0x0000025171f08740 DEOPT UNPACKING pc=0x00000251620a6e43 sp=0x0000009cc23fe720 mode 0
Event: 123.714 Thread 0x0000025171f08740 DEOPT PACKING pc=0x000002515bd861b7 sp=0x0000009cc23ff1b0
Event: 123.714 Thread 0x0000025171f08740 DEOPT UNPACKING pc=0x00000251620a6e43 sp=0x0000009cc23fe718 mode 0

Classes loaded (20 events):
Event: 87.690 Loading class java/nio/channels/Channels$1
Event: 87.690 Loading class java/nio/channels/Channels$1 done
Event: 89.199 Loading class java/util/ArrayDeque$DeqSpliterator
Event: 89.199 Loading class java/util/ArrayDeque$DeqSpliterator done
Event: 96.560 Loading class java/util/TreeMap$AscendingSubMap
Event: 96.561 Loading class java/util/TreeMap$NavigableSubMap
Event: 96.562 Loading class java/util/TreeMap$NavigableSubMap done
Event: 96.562 Loading class java/util/TreeMap$AscendingSubMap done
Event: 96.562 Loading class java/util/TreeMap$AscendingSubMap$AscendingEntrySetView
Event: 96.562 Loading class java/util/TreeMap$NavigableSubMap$EntrySetView
Event: 96.564 Loading class java/util/TreeMap$NavigableSubMap$EntrySetView done
Event: 96.564 Loading class java/util/TreeMap$AscendingSubMap$AscendingEntrySetView done
Event: 96.564 Loading class java/util/TreeMap$NavigableSubMap$SubMapEntryIterator
Event: 96.565 Loading class java/util/TreeMap$NavigableSubMap$SubMapIterator
Event: 96.566 Loading class java/util/TreeMap$NavigableSubMap$SubMapIterator done
Event: 96.566 Loading class java/util/TreeMap$NavigableSubMap$SubMapEntryIterator done
Event: 96.570 Loading class java/util/ImmutableCollections$SubList
Event: 96.571 Loading class java/util/ImmutableCollections$SubList done
Event: 104.005 Loading class sun/nio/fs/WindowsFileCopy
Event: 104.008 Loading class sun/nio/fs/WindowsFileCopy done

Classes unloaded (11 events):
Event: 18.517 Thread 0x000002516bcbf300 Unloading class 0x0000000100389000 'java/lang/invoke/LambdaForm$MH+0x0000000100389000'
Event: 18.517 Thread 0x000002516bcbf300 Unloading class 0x0000000100388800 'java/lang/invoke/LambdaForm$MH+0x0000000100388800'
Event: 18.517 Thread 0x000002516bcbf300 Unloading class 0x0000000100383800 'java/lang/invoke/LambdaForm$MH+0x0000000100383800'
Event: 18.517 Thread 0x000002516bcbf300 Unloading class 0x0000000100383400 'java/lang/invoke/LambdaForm$MH+0x0000000100383400'
Event: 18.517 Thread 0x000002516bcbf300 Unloading class 0x0000000100254000 'java/lang/invoke/LambdaForm$MH+0x0000000100254000'
Event: 18.517 Thread 0x000002516bcbf300 Unloading class 0x0000000100253c00 'java/lang/invoke/LambdaForm$MH+0x0000000100253c00'
Event: 18.517 Thread 0x000002516bcbf300 Unloading class 0x0000000100253800 'java/lang/invoke/LambdaForm$MH+0x0000000100253800'
Event: 18.517 Thread 0x000002516bcbf300 Unloading class 0x0000000100253400 'java/lang/invoke/LambdaForm$MH+0x0000000100253400'
Event: 18.517 Thread 0x000002516bcbf300 Unloading class 0x0000000100253000 'java/lang/invoke/LambdaForm$BMH+0x0000000100253000'
Event: 18.517 Thread 0x000002516bcbf300 Unloading class 0x0000000100252c00 'java/lang/invoke/LambdaForm$DMH+0x0000000100252c00'
Event: 18.517 Thread 0x000002516bcbf300 Unloading class 0x0000000100250400 'java/lang/invoke/LambdaForm$DMH+0x0000000100250400'

Classes redefined (0 events):
No events

Internal exceptions (20 events):
Event: 96.801 Thread 0x0000025171f059b0 Exception <a 'sun/nio/fs/WindowsException'{0x00000000eb7369f0}> (0x00000000eb7369f0) 
thrown [s\src\hotspot\share\prims\jni.cpp, line 516]
Event: 96.801 Thread 0x0000025171f059b0 Exception <a 'sun/nio/fs/WindowsException'{0x00000000eb737330}> (0x00000000eb737330) 
thrown [s\src\hotspot\share\prims\jni.cpp, line 516]
Event: 96.801 Thread 0x0000025171f059b0 Exception <a 'sun/nio/fs/WindowsException'{0x00000000eb737f18}> (0x00000000eb737f18) 
thrown [s\src\hotspot\share\prims\jni.cpp, line 516]
Event: 96.801 Thread 0x0000025171f059b0 Exception <a 'sun/nio/fs/WindowsException'{0x00000000eb7385f8}> (0x00000000eb7385f8) 
thrown [s\src\hotspot\share\prims\jni.cpp, line 516]
Event: 96.808 Thread 0x0000025171f059b0 Exception <a 'sun/nio/fs/WindowsException'{0x00000000eb7bb480}> (0x00000000eb7bb480) 
thrown [s\src\hotspot\share\prims\jni.cpp, line 516]
Event: 96.808 Thread 0x00000251736ed240 Exception <a 'sun/nio/fs/WindowsException'{0x00000000eb63d2e8}> (0x00000000eb63d2e8) 
thrown [s\src\hotspot\share\prims\jni.cpp, line 516]
Event: 96.808 Thread 0x000002517425e3c0 Exception <a 'sun/nio/fs/WindowsException'{0x00000000eb63f558}> (0x00000000eb63f558) 
thrown [s\src\hotspot\share\prims\jni.cpp, line 516]
Event: 96.837 Thread 0x0000025171f059b0 Exception <a 'sun/nio/fs/WindowsException'{0x00000000eb818fc8}> (0x00000000eb818fc8) 
thrown [s\src\hotspot\share\prims\jni.cpp, line 516]
Event: 96.841 Thread 0x0000025171f059b0 Exception <a 'sun/nio/fs/WindowsException'{0x00000000eb83b2f8}> (0x00000000eb83b2f8) 
thrown [s\src\hotspot\share\prims\jni.cpp, line 516]
Event: 96.845 Thread 0x0000025171f059b0 Exception <a 'sun/nio/fs/WindowsException'{0x00000000eb85d270}> (0x00000000eb85d270) 
thrown [s\src\hotspot\share\prims\jni.cpp, line 516]
Event: 96.845 Thread 0x00000251736ed240 Exception <a 'sun/nio/fs/WindowsException'{0x00000000eb63e648}> (0x00000000eb63e648) 
thrown [s\src\hotspot\share\prims\jni.cpp, line 516]
Event: 96.845 Thread 0x000002517425e3c0 Exception <a 'sun/nio/fs/WindowsException'{0x00000000eb640d00}> (0x00000000eb640d00) 
thrown [s\src\hotspot\share\prims\jni.cpp, line 516]
Event: 96.856 Thread 0x0000025171f059b0 Exception <a 'sun/nio/fs/WindowsException'{0x00000000eb8b99f8}> (0x00000000eb8b99f8) 
thrown [s\src\hotspot\share\prims\jni.cpp, line 516]
Event: 96.860 Thread 0x0000025171f059b0 Exception <a 'sun/nio/fs/WindowsException'{0x00000000eb8d7b00}> (0x00000000eb8d7b00) 
thrown [s\src\hotspot\share\prims\jni.cpp, line 516]
Event: 96.860 Thread 0x0000025171f059b0 Exception <a 'sun/nio/fs/WindowsException'{0x00000000eb8d81e0}> (0x00000000eb8d81e0) 
thrown [s\src\hotspot\share\prims\jni.cpp, line 516]
Event: 96.860 Thread 0x0000025171f059b0 Exception <a 'sun/nio/fs/WindowsException'{0x00000000eb8d8dc8}> (0x00000000eb8d8dc8) 
thrown [s\src\hotspot\share\prims\jni.cpp, line 516]
Event: 96.861 Thread 0x0000025171f059b0 Exception <a 'sun/nio/fs/WindowsException'{0x00000000eb8d94a8}> (0x00000000eb8d94a8) 
thrown [s\src\hotspot\share\prims\jni.cpp, line 516]
Event: 97.263 Thread 0x0000025171f059b0 Implicit null exception at 0x0000025162cbb9d1 to 0x0000025162cbd2d0
Event: 104.008 Thread 0x0000025171f08740 Exception <a 'sun/nio/fs/WindowsException'{0x00000000eab1cb88}> (0x00000000eab1cb88) 
thrown [s\src\hotspot\share\prims\jni.cpp, line 516]
Event: 122.539 Thread 0x0000025171f08740 Exception <a 'sun/nio/fs/WindowsException'{0x00000000eab4f060}> (0x00000000eab4f060) 
thrown [s\src\hotspot\share\prims\jni.cpp, line 516]

VM Operations (20 events):
Event: 122.729 Executing VM operation: ParallelGCFailedAllocation
Event: 122.733 Executing VM operation: ParallelGCFailedAllocation done
Event: 122.900 Executing VM operation: ParallelGCFailedAllocation
Event: 122.908 Executing VM operation: ParallelGCFailedAllocation done
Event: 122.918 Executing VM operation: ParallelGCFailedAllocation
Event: 122.929 Executing VM operation: ParallelGCFailedAllocation done
Event: 122.939 Executing VM operation: ParallelGCFailedAllocation
Event: 122.944 Executing VM operation: ParallelGCFailedAllocation done
Event: 123.167 Executing VM operation: ParallelGCFailedAllocation
Event: 123.178 Executing VM operation: ParallelGCFailedAllocation done
Event: 123.215 Executing VM operation: ParallelGCFailedAllocation
Event: 123.225 Executing VM operation: ParallelGCFailedAllocation done
Event: 123.440 Executing VM operation: ParallelGCFailedAllocation
Event: 123.443 Executing VM operation: ParallelGCFailedAllocation done
Event: 123.465 Executing VM operation: ParallelGCFailedAllocation
Event: 123.468 Executing VM operation: ParallelGCFailedAllocation done
Event: 123.672 Executing VM operation: ParallelGCFailedAllocation
Event: 123.675 Executing VM operation: ParallelGCFailedAllocation done
Event: 123.715 Executing VM operation: ParallelGCFailedAllocation
Event: 123.718 Executing VM operation: ParallelGCFailedAllocation done

Memory protections (0 events):
No events

Nmethod flushes (20 events):
Event: 95.926 Thread 0x0000025170f411e0 flushing  nmethod 0x000002515c2beb10
Event: 95.926 Thread 0x0000025170f411e0 flushing  nmethod 0x000002515c2c3a90
Event: 95.926 Thread 0x0000025170f411e0 flushing  nmethod 0x000002515c2d8b10
Event: 95.926 Thread 0x0000025170f411e0 flushing  nmethod 0x000002515c2f7c90
Event: 95.926 Thread 0x0000025170f411e0 flushing  nmethod 0x000002515c2f9090
Event: 95.926 Thread 0x0000025170f411e0 flushing  nmethod 0x000002515c30c590
Event: 95.926 Thread 0x0000025170f411e0 flushing  nmethod 0x000002515c31d090
Event: 95.926 Thread 0x0000025170f411e0 flushing  nmethod 0x000002515c323610
Event: 95.926 Thread 0x0000025170f411e0 flushing  nmethod 0x000002515c324d10
Event: 95.926 Thread 0x0000025170f411e0 flushing  nmethod 0x000002515c38e790
Event: 95.926 Thread 0x0000025170f411e0 flushing  nmethod 0x000002515c3c8a10
Event: 107.444 Thread 0x0000025170f411e0 flushing  nmethod 0x000002515b04d290
Event: 107.444 Thread 0x0000025170f411e0 flushing  nmethod 0x000002515b10a090
Event: 107.453 Thread 0x0000025170f411e0 flushing  nmethod 0x000002515be89b90
Event: 107.453 Thread 0x0000025170f411e0 flushing  nmethod 0x000002515be8a690
Event: 107.454 Thread 0x0000025170f411e0 flushing  nmethod 0x000002515c031710
Event: 107.458 Thread 0x0000025170f411e0 flushing  nmethod 0x000002515c294b90
Event: 107.459 Thread 0x0000025170f411e0 flushing  nmethod 0x000002515c2f4210
Event: 107.459 Thread 0x0000025170f411e0 flushing  nmethod 0x000002515c30a090
Event: 107.460 Thread 0x0000025170f411e0 flushing  nmethod 0x000002515c3e9310

Events (20 events):
Event: 83.488 Thread 0x0000025174b08030 Thread exited: 0x0000025174b08030
Event: 83.522 Thread 0x0000025170f3f9b0 Thread added: 0x0000025174b05060
Event: 86.846 Thread 0x0000025174b05060 Thread exited: 0x0000025174b05060
Event: 87.450 Thread 0x0000025170f3f9b0 Thread added: 0x0000025174b05060
Event: 87.461 Thread 0x0000025171f059b0 Thread added: 0x000002517425f800
Event: 87.638 Thread 0x0000025174b05060 Thread exited: 0x0000025174b05060
Event: 87.687 Thread 0x0000025171f059b0 Thread added: 0x000002517425fd10
Event: 87.737 Thread 0x0000025170f3f9b0 Thread added: 0x0000025174b055b0
Event: 87.747 Thread 0x0000025171f059b0 Thread added: 0x000002517425c560
Event: 91.136 Thread 0x0000025174b055b0 Thread exited: 0x0000025174b055b0
Event: 91.279 Thread 0x0000025170f3f9b0 Thread added: 0x0000025174b56360
Event: 98.717 Thread 0x0000025174b56360 Thread exited: 0x0000025174b56360
Event: 99.011 Thread 0x000002516bd047b0 Thread added: 0x0000025174b57df0
Event: 101.255 Thread 0x00000251736ec310 Thread exited: 0x00000251736ec310
Event: 101.263 Thread 0x00000251736ebe00 Thread exited: 0x00000251736ebe00
Event: 101.265 Thread 0x00000251736e8140 Thread exited: 0x00000251736e8140
Event: 101.846 Thread 0x0000025174b57df0 Thread exited: 0x0000025174b57df0
Event: 104.240 Thread 0x000002516bd047b0 Thread added: 0x0000025174b57350
Event: 105.611 Thread 0x0000025174b57350 Thread exited: 0x0000025174b57350
Event: 122.548 Thread 0x0000025170f3f9b0 Thread added: 0x0000025174b568b0


Dynamic libraries:
0x00007ff7f19b0000 - 0x00007ff7f19be000 	c:\Users\wwwgo\.vscode\extensions\redhat.java-1.38.0-win32-x64\jre\17.0.13-win32-x86_64\bin\java.exe
0x00007ffd773e0000 - 0x00007ffd77643000 	C:\WINDOWS\SYSTEM32\ntdll.dll
0x00007ffd762c0000 - 0x00007ffd76388000 	C:\WINDOWS\System32\KERNEL32.DLL
0x00007ffd747b0000 - 0x00007ffd74b62000 	C:\WINDOWS\System32\KERNELBASE.dll
0x00007ffd75050000 - 0x00007ffd7519b000 	C:\WINDOWS\System32\ucrtbase.dll
0x00007ffd43740000 - 0x00007ffd43757000 	c:\Users\wwwgo\.vscode\extensions\redhat.java-1.38.0-win32-x64\jre\17.0.13-win32-x86_64\bin\jli.dll
0x00007ffd769d0000 - 0x00007ffd76b98000 	C:\WINDOWS\System32\USER32.dll
0x00007ffd74ef0000 - 0x00007ffd74f17000 	C:\WINDOWS\System32\win32u.dll
0x00007ffd75c30000 - 0x00007ffd75c5a000 	C:\WINDOWS\System32\GDI32.dll
0x00007ffd74f20000 - 0x00007ffd7504b000 	C:\WINDOWS\System32\gdi32full.dll
0x00007ffd74db0000 - 0x00007ffd74e53000 	C:\WINDOWS\System32\msvcp_win.dll
0x00007ffd3fc80000 - 0x00007ffd3fc9e000 	c:\Users\wwwgo\.vscode\extensions\redhat.java-1.38.0-win32-x64\jre\17.0.13-win32-x86_64\bin\VCRUNTIME140.dll
0x00007ffd73990000 - 0x00007ffd73c20000 	C:\WINDOWS\WinSxS\amd64_microsoft.windows.common-controls_6595b64144ccf1df_6.0.26100.2454_none_3e0b68a2e331ad60\COMCTL32.dll
0x00007ffd75f90000 - 0x00007ffd76039000 	C:\WINDOWS\System32\msvcrt.dll
0x00007ffd772b0000 - 0x00007ffd772df000 	C:\WINDOWS\System32\IMM32.DLL
0x00007ffd60420000 - 0x00007ffd6042c000 	c:\Users\wwwgo\.vscode\extensions\redhat.java-1.38.0-win32-x64\jre\17.0.13-win32-x86_64\bin\vcruntime140_1.dll
0x00007ffd23600000 - 0x00007ffd2368d000 	c:\Users\wwwgo\.vscode\extensions\redhat.java-1.38.0-win32-x64\jre\17.0.13-win32-x86_64\bin\msvcp140.dll
0x00007ffd0d520000 - 0x00007ffd0e18b000 	c:\Users\wwwgo\.vscode\extensions\redhat.java-1.38.0-win32-x64\jre\17.0.13-win32-x86_64\bin\server\jvm.dll
0x00007ffd75c60000 - 0x00007ffd75d14000 	C:\WINDOWS\System32\ADVAPI32.dll
0x00007ffd772f0000 - 0x00007ffd77396000 	C:\WINDOWS\System32\sechost.dll
0x00007ffd75b10000 - 0x00007ffd75c26000 	C:\WINDOWS\System32\RPCRT4.dll
0x00007ffd75820000 - 0x00007ffd75894000 	C:\WINDOWS\System32\WS2_32.dll
0x00007ffd74640000 - 0x00007ffd7468e000 	C:\WINDOWS\SYSTEM32\POWRPROF.dll
0x00007ffd4cf50000 - 0x00007ffd4cf86000 	C:\WINDOWS\SYSTEM32\WINMM.dll
0x00007ffd6d9d0000 - 0x00007ffd6d9db000 	C:\WINDOWS\SYSTEM32\VERSION.dll
0x00007ffd74620000 - 0x00007ffd74634000 	C:\WINDOWS\SYSTEM32\UMPDC.dll
0x00007ffd72ca0000 - 0x00007ffd72cba000 	C:\WINDOWS\SYSTEM32\kernel.appcore.dll
0x00007ffd5e090000 - 0x00007ffd5e09a000 	c:\Users\wwwgo\.vscode\extensions\redhat.java-1.38.0-win32-x64\jre\17.0.13-win32-x86_64\bin\jimage.dll
0x00007ffd73f70000 - 0x00007ffd741b1000 	C:\WINDOWS\SYSTEM32\DBGHELP.DLL
0x00007ffd76510000 - 0x00007ffd7688e000 	C:\WINDOWS\System32\combase.dll
0x00007ffd758b0000 - 0x00007ffd75986000 	C:\WINDOWS\System32\OLEAUT32.dll
0x00007ffd2ddf0000 - 0x00007ffd2de29000 	C:\WINDOWS\SYSTEM32\dbgcore.DLL
0x00007ffd751a0000 - 0x00007ffd75239000 	C:\WINDOWS\System32\bcryptPrimitives.dll
0x00007ffd5fc20000 - 0x00007ffd5fc2e000 	c:\Users\wwwgo\.vscode\extensions\redhat.java-1.38.0-win32-x64\jre\17.0.13-win32-x86_64\bin\instrument.dll
0x00007ffd36b50000 - 0x00007ffd36b75000 	c:\Users\wwwgo\.vscode\extensions\redhat.java-1.38.0-win32-x64\jre\17.0.13-win32-x86_64\bin\java.dll
0x00007ffd3e890000 - 0x00007ffd3e8a8000 	c:\Users\wwwgo\.vscode\extensions\redhat.java-1.38.0-win32-x64\jre\17.0.13-win32-x86_64\bin\zip.dll
0x00007ffd76ba0000 - 0x00007ffd772a0000 	C:\WINDOWS\System32\SHELL32.dll
0x00007ffd71a10000 - 0x00007ffd72241000 	C:\WINDOWS\SYSTEM32\windows.storage.dll
0x00007ffd761e0000 - 0x00007ffd762ba000 	C:\WINDOWS\System32\SHCORE.dll
0x00007ffd757b0000 - 0x00007ffd7580d000 	C:\WINDOWS\System32\shlwapi.dll
0x00007ffd746c0000 - 0x00007ffd746ee000 	C:\WINDOWS\SYSTEM32\profapi.dll
0x00007ffd3afd0000 - 0x00007ffd3afe9000 	C:\Users\wwwgo\.vscode\extensions\redhat.java-1.38.0-win32-x64\jre\17.0.13-win32-x86_64\bin\net.dll
0x00007ffd6c7c0000 - 0x00007ffd6c8e6000 	C:\WINDOWS\SYSTEM32\WINHTTP.dll
0x00007ffd73170000 - 0x00007ffd731d8000 	C:\WINDOWS\system32\mswsock.dll
0x00007ffd3af60000 - 0x00007ffd3af76000 	C:\Users\wwwgo\.vscode\extensions\redhat.java-1.38.0-win32-x64\jre\17.0.13-win32-x86_64\bin\nio.dll
0x00007ffd590c0000 - 0x00007ffd590d0000 	c:\Users\wwwgo\.vscode\extensions\redhat.java-1.38.0-win32-x64\jre\17.0.13-win32-x86_64\bin\verify.dll
0x00007ffd207c0000 - 0x00007ffd20805000 	C:\Users\wwwgo\AppData\Roaming\Code\User\globalStorage\redhat.java\1.38.0\config_win\org.eclipse.equinox.launcher\org.eclipse.equinox.launcher.win32.win32.x86_64_1.2.1100.v20240722-2106\eclipse_11904.dll
0x00007ffd76040000 - 0x00007ffd761d9000 	C:\WINDOWS\System32\ole32.dll
0x00007ffd742e0000 - 0x00007ffd742fc000 	C:\WINDOWS\SYSTEM32\CRYPTSP.dll
0x00007ffd731e0000 - 0x00007ffd73218000 	C:\WINDOWS\system32\rsaenh.dll
0x00007ffd73250000 - 0x00007ffd7327b000 	C:\WINDOWS\SYSTEM32\USERENV.dll
0x00007ffd73e70000 - 0x00007ffd73e96000 	C:\WINDOWS\SYSTEM32\bcrypt.dll
0x00007ffd73730000 - 0x00007ffd7373c000 	C:\WINDOWS\SYSTEM32\CRYPTBASE.dll
0x00007ffd727a0000 - 0x00007ffd727d2000 	C:\WINDOWS\SYSTEM32\IPHLPAPI.DLL
0x00007ffd75d20000 - 0x00007ffd75d2a000 	C:\WINDOWS\System32\NSI.dll
0x00007ffd66d10000 - 0x00007ffd66d2e000 	C:\WINDOWS\SYSTEM32\dhcpcsvc6.DLL
0x00007ffd63e90000 - 0x00007ffd63eb5000 	C:\WINDOWS\SYSTEM32\dhcpcsvc.DLL
0x00007ffd727e0000 - 0x00007ffd72905000 	C:\WINDOWS\SYSTEM32\DNSAPI.dll
0x00007ffd1dc10000 - 0x00007ffd1dc59000 	C:\Users\wwwgo\AppData\Local\Temp\jna-113561791\jna6085220580917043273.dll
0x00007ffd768a0000 - 0x00007ffd768a8000 	C:\WINDOWS\System32\PSAPI.DLL
0x00007ffd06ab0000 - 0x00007ffd06ad7000 	C:\Users\wwwgo\.gradle\native\c067742578af261105cb4f569cf0c3c89f3d7b1fecec35dd04571415982c5e48\windows-amd64\native-platform.dll
0x00007ffd5dda0000 - 0x00007ffd5ddaa000 	C:\Users\wwwgo\.vscode\extensions\redhat.java-1.38.0-win32-x64\jre\17.0.13-win32-x86_64\bin\management.dll
0x00007ffd5d960000 - 0x00007ffd5d96b000 	C:\Users\wwwgo\.vscode\extensions\redhat.java-1.38.0-win32-x64\jre\17.0.13-win32-x86_64\bin\management_ext.dll
0x00007ffd5b7f0000 - 0x00007ffd5b7fe000 	C:\Users\wwwgo\.vscode\extensions\redhat.java-1.38.0-win32-x64\jre\17.0.13-win32-x86_64\bin\sunmscapi.dll
0x00007ffd74c30000 - 0x00007ffd74da6000 	C:\WINDOWS\System32\CRYPT32.dll
0x00007ffd73850000 - 0x00007ffd73880000 	C:\WINDOWS\SYSTEM32\ncrypt.dll
0x00007ffd73800000 - 0x00007ffd7383f000 	C:\WINDOWS\SYSTEM32\NTASN1.dll
0x00007ffd68d20000 - 0x00007ffd68d2b000 	C:\Windows\System32\rasadhlp.dll
0x00007ffd5b1d0000 - 0x00007ffd5b1d9000 	C:\Users\wwwgo\.vscode\extensions\redhat.java-1.38.0-win32-x64\jre\17.0.13-win32-x86_64\bin\extnet.dll
0x00007ffd61d00000 - 0x00007ffd61d85000 	C:\WINDOWS\System32\fwpuclnt.dll
0x00007ffd5f2a0000 - 0x00007ffd5f2a8000 	C:\WINDOWS\system32\wshunix.dll

dbghelp: loaded successfully - version: 4.0.5 - missing functions: none
symbol engine: initialized successfully - sym options: 0x614 - pdb path: .;c:\Users\wwwgo\.vscode\extensions\redhat.java-1.38.0-win32-x64\jre\17.0.13-win32-x86_64\bin;C:\WINDOWS\SYSTEM32;C:\WINDOWS\WinSxS\amd64_microsoft.windows.common-controls_6595b64144ccf1df_6.0.26100.2454_none_3e0b68a2e331ad60;c:\Users\wwwgo\.vscode\extensions\redhat.java-1.38.0-win32-x64\jre\17.0.13-win32-x86_64\bin\server;C:\Users\wwwgo\AppData\Roaming\Code\User\globalStorage\redhat.java\1.38.0\config_win\org.eclipse.equinox.launcher\org.eclipse.equinox.launcher.win32.win32.x86_64_1.2.1100.v20240722-2106;C:\Users\wwwgo\AppData\Local\Temp\jna-113561791;C:\Users\wwwgo\.gradle\native\c067742578af261105cb4f569cf0c3c89f3d7b1fecec35dd04571415982c5e48\windows-amd64

VM Arguments:
jvm_args: --add-modules=ALL-SYSTEM --add-opens=java.base/java.util=ALL-UNNAMED --add-opens=java.base/java.lang=ALL-UNNAMED --add-opens=java.base/sun.nio.fs=ALL-UNNAMED -Declipse.application=org.eclipse.jdt.ls.core.id1 -Dosgi.bundles.defaultStartLevel=4 -Declipse.product=org.eclipse.jdt.ls.core.product -Djava.import.generatesMetadataFilesAtProjectRoot=false -DDetectVMInstallationsJob.disabled=true -Dfile.encoding=utf8 -XX:+UseParallelGC -XX:GCTimeRatio=4 -XX:AdaptiveSizePolicyWeight=90 -Dsun.zip.disableMemoryMapping=true -Xmx1G -Xms100m -Xlog:disable -javaagent:c:\Users\wwwgo\.vscode\extensions\redhat.java-1.38.0-win32-x64\lombok\lombok-1.18.34.jar -XX:+HeapDumpOnOutOfMemoryError -XX:HeapDumpPath=c:\Users\wwwgo\AppData\Roaming\Code\User\workspaceStorage\249a18d9a02ff7ef2690f734e7d3763f\redhat.java -Daether.dependencyCollector.impl=bf 
java_command: c:\Users\wwwgo\.vscode\extensions\redhat.java-1.38.0-win32-x64\server\plugins\org.eclipse.equinox.launcher_1.6.900.v20240613-2009.jar -configuration c:\Users\wwwgo\AppData\Roaming\Code\User\globalStorage\redhat.java\1.38.0\config_win -data c:\Users\wwwgo\AppData\Roaming\Code\User\workspaceStorage\249a18d9a02ff7ef2690f734e7d3763f\redhat.java\jdt_ws --pipe=\\.\pipe\lsp-c002599941d9f3b2b0235acb233d93a7-sock
java_class_path (initial): c:\Users\wwwgo\.vscode\extensions\redhat.java-1.38.0-win32-x64\server\plugins\org.eclipse.equinox.launcher_1.6.900.v20240613-2009.jar
Launcher Type: SUN_STANDARD

[Global flags]
    uintx AdaptiveSizePolicyWeight                 = 90                                        {product} {command line}
     intx CICompilerCount                          = 3                                         {product} {ergonomic}
    uintx GCTimeRatio                              = 4                                         {product} {command line}
     bool HeapDumpOnOutOfMemoryError               = true                                   {manageable} {command line}
    ccstr HeapDumpPath                             = c:\Users\wwwgo\AppData\Roaming\Code\User\workspaceStorage\249a18d9a02ff7ef2690f734e7d3763f\redhat.java         {manageable} {command line}
   size_t InitialHeapSize                          = 104857600                                 {product} {command line}
   size_t MaxHeapSize                              = 1073741824                                {product} {command line}
   size_t MaxNewSize                               = 357564416                                 {product} {ergonomic}
   size_t MinHeapDeltaBytes                        = 524288                                    {product} {ergonomic}
   size_t MinHeapSize                              = 104857600                                 {product} {command line}
   size_t NewSize                                  = 34603008                                  {product} {ergonomic}
    uintx NonNMethodCodeHeapSize                   = 5832780                                {pd product} {ergonomic}
    uintx NonProfiledCodeHeapSize                  = 122912730                              {pd product} {ergonomic}
   size_t OldSize                                  = 70254592                                  {product} {ergonomic}
    uintx ProfiledCodeHeapSize                     = 122912730                              {pd product} {ergonomic}
    uintx ReservedCodeCacheSize                    = 251658240                              {pd product} {ergonomic}
     bool SegmentedCodeCache                       = true                                      {product} {ergonomic}
   size_t SoftMaxHeapSize                          = 1073741824                             {manageable} {ergonomic}
     bool UseCompressedClassPointers               = true                           {product lp64_product} {ergonomic}
     bool UseCompressedOops                        = true                           {product lp64_product} {ergonomic}
     bool UseLargePagesIndividualAllocation        = false                                  {pd product} {ergonomic}
     bool UseParallelGC                            = true                                      {product} {command line}

Logging:
Log output configuration:
 #0: stdout all=off uptime,level,tags
 #1: stderr all=off uptime,level,tags

Environment Variables:
JAVA_HOME=C:\Program Files\Microsoft\jdk-17.0.12.7-hotspot\
PATH=C:\Program Files\Microsoft\jdk-17.0.12.7-hotspot\bin;C:\Python312\Scripts\;C:\Python312\;C:\WINDOWS\system32;C:\WINDOWS;C:\WINDOWS\System32\Wbem;C:\WINDOWS\System32\WindowsPowerShell\v1.0\;C:\WINDOWS\System32\OpenSSH\;C:\Program Files\Git\cmd;C:\xampp2\php;C:\ProgramData\ComposerSetup\bin;C:\ProgramData\chocolatey\bin;C:\Program Files\nodejs\;%LOCALAPPDATA%\Android\Sdk\platform-tools;C:\Users\wwwgo\AppData\Local\Android\Sdk\tools;C:\Program Files\Microsoft\jdk-17.0.12.7-hotspot\bin;C:\Python312\Scripts\;C:\Python312\;C:\WINDOWS\system32;C:\WINDOWS;C:\WINDOWS\System32\Wbem;C:\WINDOWS\System32\WindowsPowerShell\v1.0\;C:\WINDOWS\System32\OpenSSH\;C:\Program Files\Git\cmd;C:\xampp2\php;C:\ProgramData\ComposerSetup\bin;C:\ProgramData\chocolatey\bin;C:\Program Files\nodejs\;C:\Users\wwwgo\AppData\Local\Android\Sdk\platform-tools;C:\Users\wwwgo\AppData\Local\Microsoft\WindowsApps;;C:\Users\wwwgo\AppData\Local\Programs\Microsoft VS Code\bin;C:\Users\wwwgo\AppData\Roaming\Composer\vendor\bin;C:\Users\wwwgo\AppData\Roaming\npm;C:\Program Files\android-sdk-windows\platform-tools;C:\Users\wwwgo\AppData\Local\Microsoft\WindowsApps
USERNAME=wwwgo
OS=Windows_NT
PROCESSOR_IDENTIFIER=Intel64 Family 6 Model 142 Stepping 12, GenuineIntel
TMP=C:\Users\wwwgo\AppData\Local\Temp
TEMP=C:\Users\wwwgo\AppData\Local\Temp



Periodic native trim disabled


---------------  S Y S T E M  ---------------

OS:
 Windows 11 , 64 bit Build 26100 (10.0.26100.2454)
OS uptime: 12 days 3:13 hours
Hyper-V role detected

CPU: total 4 (initial active 4) (2 cores per cpu, 2 threads per core) family 6 model 142 stepping 12 microcode 0xde, cx8, cmov, fxsr, ht, mmx, 3dnowpref, sse, sse2, sse3, ssse3, sse4.1, sse4.2, popcnt, lzcnt, tsc, tscinvbit, avx, avx2, aes, erms, clmul, bmi1, bmi2, adx, fma, vzeroupper, clflush, clflushopt, hv
Processor Information for all 4 processors :
  Max Mhz: 2592, Current Mhz: 2592, Mhz Limit: 2073

Memory: 4k page, system-wide physical 8025M (551M free)
TotalPageFile size 23385M (AvailPageFile size 11M)
current process WorkingSet (physical memory assigned to process): 602M, peak: 756M
current process commit charge ("private bytes"): 782M, peak: 790M

vm_info: OpenJDK 64-Bit Server VM (17.0.13+11) for windows-amd64 JRE (17.0.13+11), built on Oct 16 2024 00:10:08 by "admin" with MS VC++ 17.7 (VS2022)

END.
