#
# There is insufficient memory for the Java Runtime Environment to continue.
# Native memory allocation (malloc) failed to allocate 1221616 bytes. Error detail: Chunk::new
# Possible reasons:
#   The system is out of physical RAM or swap space
#   This process is running with CompressedOops enabled, and the Java Heap may be blocking the growth of the native heap
# Possible solutions:
#   Reduce memory load on the system
#   Increase physical memory or swap space
#   Check if swap backing store is full
#   Decrease Java heap size (-Xmx/-Xms)
#   Decrease number of Java threads
#   Decrease Java thread stack sizes (-Xss)
#   Set larger code cache with -XX:ReservedCodeCacheSize=
#   JVM is running with Unscaled Compressed Oops mode in which the Java heap is
#     placed in the first 4GB address space. The Java Heap base address is the
#     maximum limit for the native heap growth. Please use -XX:HeapBaseMinAddress
#     to set the Java Heap base and to place the Java Heap above 4GB virtual address.
# This output file may be truncated or incomplete.
#
#  Out of Memory Error (arena.cpp:191), pid=1624, tid=19044
#
# JRE version: OpenJDK Runtime Environment Temurin-17.0.13+11 (17.0.13+11) (build 17.0.13+11)
# Java VM: OpenJDK 64-Bit Server VM Temurin-17.0.13+11 (17.0.13+11, mixed mode, tiered, compressed oops, compressed class ptrs, parallel gc, windows-amd64)
# No core dump will be written. Minidumps are not enabled by default on client versions of Windows
#

---------------  S U M M A R Y ------------

Command Line: --add-modules=ALL-SYSTEM --add-opens=java.base/java.util=ALL-UNNAMED --add-opens=java.base/java.lang=ALL-UNNAMED --add-opens=java.base/sun.nio.fs=ALL-UNNAMED -Declipse.application=org.eclipse.jdt.ls.core.id1 -Dosgi.bundles.defaultStartLevel=4 -Declipse.product=org.eclipse.jdt.ls.core.product -Djava.import.generatesMetadataFilesAtProjectRoot=false -DDetectVMInstallationsJob.disabled=true -Dfile.encoding=utf8 -XX:+UseParallelGC -XX:GCTimeRatio=4 -XX:AdaptiveSizePolicyWeight=90 -Dsun.zip.disableMemoryMapping=true -Xmx1G -Xms100m -Xlog:disable -javaagent:c:\Users\wwwgo\.vscode\extensions\redhat.java-1.38.0-win32-x64\lombok\lombok-1.18.34.jar -XX:+HeapDumpOnOutOfMemoryError -XX:HeapDumpPath=c:\Users\wwwgo\AppData\Roaming\Code\User\workspaceStorage\249a18d9a02ff7ef2690f734e7d3763f\redhat.java -Daether.dependencyCollector.impl=bf c:\Users\wwwgo\.vscode\extensions\redhat.java-1.38.0-win32-x64\server\plugins\org.eclipse.equinox.launcher_1.6.900.v20240613-2009.jar -configuration c:\Users\wwwgo\AppData\Roaming\Code\User\globalStorage\redhat.java\1.38.0\config_win -data c:\Users\wwwgo\AppData\Roaming\Code\User\workspaceStorage\249a18d9a02ff7ef2690f734e7d3763f\redhat.java\jdt_ws --pipe=\\.\pipe\lsp-f872e1735471e585b5e63098a9f2c75e-sock

Host: Intel(R) Core(TM) i3-10110U CPU @ 2.10GHz, 4 cores, 7G,  Windows 11 , 64 bit Build 26100 (10.0.26100.2454)
Time: Tue Dec 31 15:30:29 2024 India Standard Time elapsed time: 45.599286 seconds (0d 0h 0m 45s)

---------------  T H R E A D  ---------------

Current thread (0x00000210e4a1d670):  JavaThread "C2 CompilerThread1" daemon [_thread_in_native, id=19044, stack(0x000000ca90200000,0x000000ca90300000)]


Current CompileTask:
C2:  45599 13594   !   4       java.io.ObjectStreamClass::readNonProxy (401 bytes)

Stack: [0x000000ca90200000,0x000000ca90300000]
Native frames: (J=compiled Java code, j=interpreted, Vv=VM code, C=native code)
V  [jvm.dll+0x682a19]
V  [jvm.dll+0x839538]
V  [jvm.dll+0x83afe3]
V  [jvm.dll+0x83b653]
V  [jvm.dll+0x24704f]
V  [jvm.dll+0xace34]
V  [jvm.dll+0xad4cc]
V  [jvm.dll+0x36592f]
V  [jvm.dll+0x1ba793]
V  [jvm.dll+0x2181a7]
V  [jvm.dll+0x21748f]
V  [jvm.dll+0x1a3070]
V  [jvm.dll+0x22788c]
V  [jvm.dll+0x2259eb]
V  [jvm.dll+0x7eec98]
V  [jvm.dll+0x7e8ffc]
V  [jvm.dll+0x6818f7]
C  [ucrtbase.dll+0x14ea0]
C  [KERNEL32.DLL+0x2e8d7]
C  [ntdll.dll+0xdfbcc]


---------------  P R O C E S S  ---------------

Threads class SMR info:
_java_thread_list=0x00000210db416710, length=55, elements={
0x00000210bcfbdf80, 0x00000210bd06cea0, 0x00000210d16227b0, 0x00000210d164ff30,
0x00000210d1650a00, 0x00000210d16514d0, 0x00000210d1653db0, 0x00000210d16549b0,
0x00000210d67bfb80, 0x00000210d67c13b0, 0x00000210d6853010, 0x00000210d6b4c420,
0x00000210d71280d0, 0x00000210d7307010, 0x00000210d7894810, 0x00000210d6b79290,
0x00000210d6b76500, 0x00000210d6b78d80, 0x00000210d6b797a0, 0x00000210d6b77e50,
0x00000210d6b78870, 0x00000210d79ab1f0, 0x00000210d79a9390, 0x00000210d79ac630,
0x00000210d79abc10, 0x00000210d79aace0, 0x00000210d79ab700, 0x00000210d79aa7d0,
0x00000210d79ac120, 0x00000210d79a8e80, 0x00000210d79a98a0, 0x00000210d6b79cb0,
0x00000210d6b78360, 0x00000210d6b76f20, 0x00000210d95aa570, 0x00000210d95ab9b0,
0x00000210d95ac8e0, 0x00000210d95ad300, 0x00000210d95ad810, 0x00000210d95aa060,
0x00000210d95afb80, 0x00000210d95b05a0, 0x00000210d95ae230, 0x00000210d95af670,
0x00000210d95b14d0, 0x00000210d95ae740, 0x00000210d79aa2c0, 0x00000210d807e7e0,
0x00000210d807d8b0, 0x00000210d807d3a0, 0x00000210e4a1d670, 0x00000210d807c470,
0x00000210d807c980, 0x00000210d807f200, 0x00000210d807ddc0
}

Java Threads: ( => current thread )
  0x00000210bcfbdf80 JavaThread "main" [_thread_blocked, id=11560, stack(0x000000ca8e600000,0x000000ca8e700000)]
  0x00000210bd06cea0 JavaThread "Reference Handler" daemon [_thread_blocked, id=19712, stack(0x000000ca8ea00000,0x000000ca8eb00000)]
  0x00000210d16227b0 JavaThread "Finalizer" daemon [_thread_blocked, id=7972, stack(0x000000ca8eb00000,0x000000ca8ec00000)]
  0x00000210d164ff30 JavaThread "Signal Dispatcher" daemon [_thread_blocked, id=96, stack(0x000000ca8ec00000,0x000000ca8ed00000)]
  0x00000210d1650a00 JavaThread "Attach Listener" daemon [_thread_blocked, id=6416, stack(0x000000ca8ed00000,0x000000ca8ee00000)]
  0x00000210d16514d0 JavaThread "Service Thread" daemon [_thread_blocked, id=20968, stack(0x000000ca8ee00000,0x000000ca8ef00000)]
  0x00000210d1653db0 JavaThread "Monitor Deflation Thread" daemon [_thread_blocked, id=7916, stack(0x000000ca8ef00000,0x000000ca8f000000)]
  0x00000210d16549b0 JavaThread "C2 CompilerThread0" daemon [_thread_in_native, id=10556, stack(0x000000ca8f000000,0x000000ca8f100000)]
  0x00000210d67bfb80 JavaThread "C1 CompilerThread0" daemon [_thread_blocked, id=6148, stack(0x000000ca8f100000,0x000000ca8f200000)]
  0x00000210d67c13b0 JavaThread "Sweeper thread" daemon [_thread_blocked, id=2824, stack(0x000000ca8f200000,0x000000ca8f300000)]
  0x00000210d6853010 JavaThread "Common-Cleaner" daemon [_thread_blocked, id=3656, stack(0x000000ca8f300000,0x000000ca8f400000)]
  0x00000210d6b4c420 JavaThread "Notification Thread" daemon [_thread_blocked, id=13824, stack(0x000000ca8f400000,0x000000ca8f500000)]
  0x00000210d71280d0 JavaThread "Active Thread: Equinox Container: b1ae8284-9452-44eb-941c-c624b8d48f15" [_thread_blocked, id=8412, stack(0x000000ca8fa00000,0x000000ca8fb00000)]
  0x00000210d7307010 JavaThread "Refresh Thread: Equinox Container: b1ae8284-9452-44eb-941c-c624b8d48f15" daemon [_thread_blocked, id=9504, stack(0x000000ca8fb00000,0x000000ca8fc00000)]
  0x00000210d7894810 JavaThread "Framework Event Dispatcher: Equinox Container: b1ae8284-9452-44eb-941c-c624b8d48f15" daemon [_thread_blocked, id=1616, stack(0x000000ca8fc00000,0x000000ca8fd00000)]
  0x00000210d6b79290 JavaThread "Start Level: Equinox Container: b1ae8284-9452-44eb-941c-c624b8d48f15" daemon [_thread_blocked, id=7948, stack(0x000000ca8fd00000,0x000000ca8fe00000)]
  0x00000210d6b76500 JavaThread "Bundle File Closer" daemon [_thread_blocked, id=19736, stack(0x000000ca8f600000,0x000000ca8f700000)]
  0x00000210d6b78d80 JavaThread "SCR Component Actor" daemon [_thread_blocked, id=21472, stack(0x000000ca8fe00000,0x000000ca8ff00000)]
  0x00000210d6b797a0 JavaThread "Worker-JM" [_thread_blocked, id=20048, stack(0x000000ca90000000,0x000000ca90100000)]
  0x00000210d6b77e50 JavaThread "JNA Cleaner" daemon [_thread_blocked, id=19384, stack(0x000000ca90100000,0x000000ca90200000)]
  0x00000210d6b78870 JavaThread "Worker-0" [_thread_blocked, id=18676, stack(0x000000ca90300000,0x000000ca90400000)]
  0x00000210d79ab1f0 JavaThread "Worker-1" [_thread_blocked, id=12324, stack(0x000000ca90400000,0x000000ca90500000)]
  0x00000210d79a9390 JavaThread "Java indexing" daemon [_thread_blocked, id=9592, stack(0x000000ca90500000,0x000000ca90600000)]
  0x00000210d79ac630 JavaThread "Worker-2" [_thread_blocked, id=11948, stack(0x000000ca90600000,0x000000ca90700000)]
  0x00000210d79abc10 JavaThread "Worker-3" [_thread_blocked, id=15836, stack(0x000000ca90700000,0x000000ca90800000)]
  0x00000210d79aace0 JavaThread "Thread-2" daemon [_thread_in_native, id=6472, stack(0x000000ca90a00000,0x000000ca90b00000)]
  0x00000210d79ab700 JavaThread "Thread-3" daemon [_thread_in_native, id=16172, stack(0x000000ca90b00000,0x000000ca90c00000)]
  0x00000210d79aa7d0 JavaThread "Thread-4" daemon [_thread_in_native, id=4280, stack(0x000000ca90c00000,0x000000ca90d00000)]
  0x00000210d79ac120 JavaThread "Thread-5" daemon [_thread_in_native, id=10020, stack(0x000000ca90d00000,0x000000ca90e00000)]
  0x00000210d79a8e80 JavaThread "Thread-6" daemon [_thread_in_native, id=4080, stack(0x000000ca90e00000,0x000000ca90f00000)]
  0x00000210d79a98a0 JavaThread "pool-2-thread-1" [_thread_blocked, id=18684, stack(0x000000ca90f00000,0x000000ca91000000)]
  0x00000210d6b79cb0 JavaThread "Worker-4: Initialize Workspace" [_thread_blocked, id=18632, stack(0x000000ca91000000,0x000000ca91100000)]
  0x00000210d6b78360 JavaThread "WorkspaceEventsHandler" [_thread_blocked, id=5956, stack(0x000000ca91100000,0x000000ca91200000)]
  0x00000210d6b76f20 JavaThread "pool-1-thread-1" [_thread_blocked, id=15096, stack(0x000000ca91200000,0x000000ca91300000)]
  0x00000210d95aa570 JavaThread "Worker-5: Java indexing... " [_thread_blocked, id=6192, stack(0x000000ca91300000,0x000000ca91400000)]
  0x00000210d95ab9b0 JavaThread "Worker-6" [_thread_blocked, id=7888, stack(0x000000ca91400000,0x000000ca91500000)]
  0x00000210d95ac8e0 JavaThread "Worker-7" [_thread_blocked, id=17860, stack(0x000000ca91500000,0x000000ca91600000)]
  0x00000210d95ad300 JavaThread "LocalFile Deleter" daemon [_thread_blocked, id=6800, stack(0x000000ca8ff00000,0x000000ca90000000)]
  0x00000210d95ad810 JavaThread "LocalFile Deleter" daemon [_thread_blocked, id=18600, stack(0x000000ca91600000,0x000000ca91700000)]
  0x00000210d95aa060 JavaThread "LocalFile Deleter" daemon [_thread_blocked, id=9664, stack(0x000000ca91700000,0x000000ca91800000)]
  0x00000210d95afb80 JavaThread "LocalFile Deleter" daemon [_thread_blocked, id=1784, stack(0x000000ca91800000,0x000000ca91900000)]
  0x00000210d95b05a0 JavaThread "Compiler Source File Reader" daemon [_thread_blocked, id=8656, stack(0x000000ca91900000,0x000000ca91a00000)]
  0x00000210d95ae230 JavaThread "Compiler Source File Reader" daemon [_thread_blocked, id=18276, stack(0x000000ca91a00000,0x000000ca91b00000)]
  0x00000210d95af670 JavaThread "Compiler Processing Task" daemon [_thread_blocked, id=5972, stack(0x000000ca91b00000,0x000000ca91c00000)]
  0x00000210d95b14d0 JavaThread "Compiler Class File Writer" daemon [_thread_blocked, id=1140, stack(0x000000ca91c00000,0x000000ca91d00000)]
  0x00000210d95ae740 JavaThread "Compiler Class File Writer" daemon [_thread_blocked, id=8944, stack(0x000000ca91d00000,0x000000ca91e00000)]
  0x00000210d79aa2c0 JavaThread "Timer-0" [_thread_blocked, id=17444, stack(0x000000ca91e00000,0x000000ca91f00000)]
  0x00000210d807e7e0 JavaThread "Exec process" [_thread_blocked, id=11700, stack(0x000000ca92000000,0x000000ca92100000)]
  0x00000210d807d8b0 JavaThread "Exec process Thread 2" [_thread_blocked, id=21112, stack(0x000000ca92100000,0x000000ca92200000)]
  0x00000210d807d3a0 JavaThread "Exec process Thread 3" [_thread_blocked, id=14532, stack(0x000000ca92200000,0x000000ca92300000)]
=>0x00000210e4a1d670 JavaThread "C2 CompilerThread1" daemon [_thread_in_native, id=19044, stack(0x000000ca90200000,0x000000ca90300000)]
  0x00000210d807c470 JavaThread "Timer-1" [_thread_blocked, id=2680, stack(0x000000ca91f00000,0x000000ca92000000)]
  0x00000210d807c980 JavaThread "Connection worker" [_thread_in_vm, id=14448, stack(0x000000ca92300000,0x000000ca92400000)]
  0x00000210d807f200 JavaThread "pool-3-thread-1" [_thread_blocked, id=20036, stack(0x000000ca92400000,0x000000ca92500000)]
  0x00000210d807ddc0 JavaThread "Forward input" [_thread_blocked, id=13604, stack(0x000000ca92600000,0x000000ca92700000)]

Other Threads:
  0x00000210d160d2f0 VMThread "VM Thread" [stack: 0x000000ca8e900000,0x000000ca8ea00000] [id=8904]
  0x00000210d6aa0af0 WatcherThread [stack: 0x000000ca8f500000,0x000000ca8f600000] [id=12796]
  0x00000210bcfd2de0 GCTaskThread "GC Thread#0" [stack: 0x000000ca8e800000,0x000000ca8e900000] [id=9304]
  0x00000210d6fbf720 GCTaskThread "GC Thread#1" [stack: 0x000000ca8f700000,0x000000ca8f800000] [id=11876]
  0x00000210d6ff8840 GCTaskThread "GC Thread#2" [stack: 0x000000ca8f800000,0x000000ca8f900000] [id=5528]
  0x00000210d6ff8b00 GCTaskThread "GC Thread#3" [stack: 0x000000ca8f900000,0x000000ca8fa00000] [id=17576]

Threads with active compile tasks:
C2 CompilerThread0    45621 13620       4       java.io.ObjectInputStream::readClassDesc (121 bytes)
C2 CompilerThread1    45621 13594   !   4       java.io.ObjectStreamClass::readNonProxy (401 bytes)

VM state: not at safepoint (normal execution)

VM Mutex/Monitor currently owned by a thread:  ([mutex/lock_event])
[0x00000210bcfb8fa0] Heap_lock - owner thread: 0x00000210d79a9390

Heap address: 0x00000000c0000000, size: 1024 MB, Compressed Oops mode: 32-bit

CDS archive(s) not mapped
Compressed class space mapped at: 0x0000000100000000-0x0000000140000000, reserved size: 1073741824
Narrow klass base: 0x0000000000000000, Narrow klass shift: 3, Narrow klass range: 0x140000000

GC Precious Log:
 CPUs: 4 total, 4 available
 Memory: 8025M
 Large Page Support: Disabled
 NUMA Support: Disabled
 Compressed Oops: Enabled (32-bit)
 Alignments: Space 512K, Generation 512K, Heap 2M
 Heap Min Capacity: 100M
 Heap Initial Capacity: 100M
 Heap Max Capacity: 1G
 Pre-touch: Disabled
 Parallel Workers: 4

Heap:
 PSYoungGen      total 2560K, used 1613K [0x00000000eab00000, 0x00000000eaf00000, 0x0000000100000000)
  eden space 2048K, 54% used [0x00000000eab00000,0x00000000eac150f8,0x00000000ead00000)
  from space 512K, 98% used [0x00000000ead80000,0x00000000eadfe410,0x00000000eae00000)
  to   space 1024K, 0% used [0x00000000eae00000,0x00000000eae00000,0x00000000eaf00000)
 ParOldGen       total 159232K, used 143444K [0x00000000c0000000, 0x00000000c9b80000, 0x00000000eab00000)
  object space 159232K, 90% used [0x00000000c0000000,0x00000000c8c150d0,0x00000000c9b80000)
 Metaspace       used 82353K, committed 83520K, reserved 1179648K
  class space    used 9030K, committed 9536K, reserved 1048576K

Card table byte_map: [0x00000210cef00000,0x00000210cf110000] _byte_map_base: 0x00000210ce900000

Marking Bits: (ParMarkBitMap*) 0x00007ffd0e0c6940
 Begin Bits: [0x00000210cf270000, 0x00000210d0270000)
 End Bits:   [0x00000210d0270000, 0x00000210d1270000)

Polling page: 0x00000210bb700000

Metaspace:

Usage:
  Non-class:     71.60 MB used.
      Class:      8.82 MB used.
       Both:     80.42 MB used.

Virtual space:
  Non-class space:      128.00 MB reserved,      72.25 MB ( 56%) committed,  2 nodes.
      Class space:        1.00 GB reserved,       9.31 MB ( <1%) committed,  1 nodes.
             Both:        1.12 GB reserved,      81.56 MB (  7%) committed. 

Chunk freelists:
   Non-Class:  7.76 MB
       Class:  6.56 MB
        Both:  14.32 MB

MaxMetaspaceSize: unlimited
CompressedClassSpaceSize: 1.00 GB
Initial GC threshold: 21.00 MB
Current GC threshold: 134.50 MB
CDS: off
MetaspaceReclaimPolicy: balanced
 - commit_granule_bytes: 65536.
 - commit_granule_words: 8192.
 - virtual_space_node_default_size: 8388608.
 - enlarge_chunks_in_place: 1.
 - new_chunks_are_fully_committed: 0.
 - uncommit_free_chunks: 1.
 - use_allocation_guard: 0.
 - handle_deallocations: 1.


Internal statistics:

num_allocs_failed_limit: 9.
num_arena_births: 828.
num_arena_deaths: 14.
num_vsnodes_births: 3.
num_vsnodes_deaths: 0.
num_space_committed: 1305.
num_space_uncommitted: 0.
num_chunks_returned_to_freelist: 23.
num_chunks_taken_from_freelist: 3939.
num_chunk_merges: 14.
num_chunk_splits: 2544.
num_chunks_enlarged: 1613.
num_inconsistent_stats: 0.

CodeHeap 'non-profiled nmethods': size=120000Kb used=8892Kb max_used=8934Kb free=111107Kb
 bounds [0x00000210c77f0000, 0x00000210c80c0000, 0x00000210ced20000]
CodeHeap 'profiled nmethods': size=120000Kb used=23861Kb max_used=24266Kb free=96138Kb
 bounds [0x00000210bfd20000, 0x00000210c14e0000, 0x00000210c7250000]
CodeHeap 'non-nmethods': size=5760Kb used=1408Kb max_used=1516Kb free=4351Kb
 bounds [0x00000210c7250000, 0x00000210c74c0000, 0x00000210c77f0000]
 total_blobs=11657 nmethods=10892 adapters=677
 compilation: enabled
              stopped_count=0, restarted_count=0
 full_count=0

Compilation events (20 events):
Event: 45.297 Thread 0x00000210d67bfb80 13617       2       org.gradle.internal.build.event.types.DefaultOperationFinishedProgressEvent::getResult (5 bytes)
Event: 45.297 Thread 0x00000210d67bfb80 nmethod 13617 0x00000210c14d1910 code [0x00000210c14d1aa0, 0x00000210c14d1bb8]
Event: 45.297 Thread 0x00000210d67bfb80 13618  s    2       org.gradle.tooling.internal.consumer.parameters.BuildProgressListenerAdapter::removeDescriptor (52 bytes)
Event: 45.298 Thread 0x00000210d67bfb80 nmethod 13618 0x00000210c14d1c90 code [0x00000210c14d1ec0, 0x00000210c14d25a8]
Event: 45.298 Thread 0x00000210d67bfb80 13619       2       org.gradle.tooling.internal.consumer.parameters.BuildProgressListenerAdapter::genericFinishedEvent (44 bytes)
Event: 45.298 Thread 0x00000210d67bfb80 nmethod 13619 0x00000210c14d2910 code [0x00000210c14d2b00, 0x00000210c14d2da8]
Event: 45.299 Thread 0x00000210d16549b0 nmethod 13475 0x00000210c80a7590 code [0x00000210c80a7d00, 0x00000210c80b3628]
Event: 45.300 Thread 0x00000210d16549b0 13615       4       java.io.ObjectStreamClass::computeFieldOffsets (308 bytes)
Event: 45.304 Thread 0x00000210d67bfb80 13621       3       java.io.ObjectStreamClass::checkInitialized (19 bytes)
Event: 45.304 Thread 0x00000210d67bfb80 nmethod 13621 0x00000210c14d2f90 code [0x00000210c14d3140, 0x00000210c14d3308]
Event: 45.304 Thread 0x00000210d67bfb80 13622       2       java.io.ObjectInputStream::readNull (27 bytes)
Event: 45.304 Thread 0x00000210d67bfb80 nmethod 13622 0x00000210bfd35990 code [0x00000210bfd35b60, 0x00000210bfd35e08]
Event: 45.306 Thread 0x00000210d16549b0 nmethod 13615 0x00000210c7e44590 code [0x00000210c7e44720, 0x00000210c7e44998]
Event: 45.306 Thread 0x00000210d16549b0 13620       4       java.io.ObjectInputStream::readClassDesc (121 bytes)
Event: 45.547 Thread 0x00000210d67bfb80 13630   !   2       org.gradle.internal.logging.console.ThrottlingOutputEventListener::onOutput (85 bytes)
Event: 45.547 Thread 0x00000210d67bfb80 nmethod 13630 0x00000210bfe70e90 code [0x00000210bfe71080, 0x00000210bfe714b8]
Event: 45.547 Thread 0x00000210d67bfb80 13631       2       org.gradle.internal.logging.console.AbstractUserInputRenderer::onOutput (74 bytes)
Event: 45.547 Thread 0x00000210d67bfb80 nmethod 13631 0x00000210c13f5f10 code [0x00000210c13f6160, 0x00000210c13f66a8]
Event: 45.548 Thread 0x00000210d67bfb80 13632       2       org.gradle.internal.logging.console.BuildLogLevelFilterRenderer::onOutput (53 bytes)
Event: 45.548 Thread 0x00000210d67bfb80 nmethod 13632 0x00000210c04b6290 code [0x00000210c04b6460, 0x00000210c04b66f8]

GC Heap History (20 events):
Event: 45.286 GC heap after
{Heap after GC invocations=216 (full 8):
 PSYoungGen      total 3072K, used 243K [0x00000000eab00000, 0x00000000eae80000, 0x0000000100000000)
  eden space 2048K, 0% used [0x00000000eab00000,0x00000000eab00000,0x00000000ead00000)
  from space 1024K, 23% used [0x00000000ead00000,0x00000000ead3cc08,0x00000000eae00000)
  to   space 512K, 0% used [0x00000000eae00000,0x00000000eae00000,0x00000000eae80000)
 ParOldGen       total 159232K, used 141997K [0x00000000c0000000, 0x00000000c9b80000, 0x00000000eab00000)
  object space 159232K, 89% used [0x00000000c0000000,0x00000000c8aab608,0x00000000c9b80000)
 Metaspace       used 82322K, committed 83520K, reserved 1179648K
  class space    used 9022K, committed 9536K, reserved 1048576K
}
Event: 45.300 GC heap before
{Heap before GC invocations=217 (full 8):
 PSYoungGen      total 3072K, used 2290K [0x00000000eab00000, 0x00000000eae80000, 0x0000000100000000)
  eden space 2048K, 99% used [0x00000000eab00000,0x00000000eacfffd0,0x00000000ead00000)
  from space 1024K, 23% used [0x00000000ead00000,0x00000000ead3cc08,0x00000000eae00000)
  to   space 512K, 0% used [0x00000000eae00000,0x00000000eae00000,0x00000000eae80000)
 ParOldGen       total 159232K, used 141997K [0x00000000c0000000, 0x00000000c9b80000, 0x00000000eab00000)
  object space 159232K, 89% used [0x00000000c0000000,0x00000000c8aab608,0x00000000c9b80000)
 Metaspace       used 82327K, committed 83520K, reserved 1179648K
  class space    used 9023K, committed 9536K, reserved 1048576K
}
Event: 45.302 GC heap after
{Heap after GC invocations=217 (full 8):
 PSYoungGen      total 2560K, used 96K [0x00000000eab00000, 0x00000000eae80000, 0x0000000100000000)
  eden space 2048K, 0% used [0x00000000eab00000,0x00000000eab00000,0x00000000ead00000)
  from space 512K, 18% used [0x00000000eae00000,0x00000000eae18000,0x00000000eae80000)
  to   space 512K, 0% used [0x00000000ead80000,0x00000000ead80000,0x00000000eae00000)
 ParOldGen       total 159232K, used 142223K [0x00000000c0000000, 0x00000000c9b80000, 0x00000000eab00000)
  object space 159232K, 89% used [0x00000000c0000000,0x00000000c8ae3de0,0x00000000c9b80000)
 Metaspace       used 82327K, committed 83520K, reserved 1179648K
  class space    used 9023K, committed 9536K, reserved 1048576K
}
Event: 45.328 GC heap before
{Heap before GC invocations=218 (full 8):
 PSYoungGen      total 2560K, used 2144K [0x00000000eab00000, 0x00000000eae80000, 0x0000000100000000)
  eden space 2048K, 100% used [0x00000000eab00000,0x00000000ead00000,0x00000000ead00000)
  from space 512K, 18% used [0x00000000eae00000,0x00000000eae18000,0x00000000eae80000)
  to   space 512K, 0% used [0x00000000ead80000,0x00000000ead80000,0x00000000eae00000)
 ParOldGen       total 159232K, used 142223K [0x00000000c0000000, 0x00000000c9b80000, 0x00000000eab00000)
  object space 159232K, 89% used [0x00000000c0000000,0x00000000c8ae3de0,0x00000000c9b80000)
 Metaspace       used 82327K, committed 83520K, reserved 1179648K
  class space    used 9023K, committed 9536K, reserved 1048576K
}
Event: 45.329 GC heap after
{Heap after GC invocations=218 (full 8):
 PSYoungGen      total 2560K, used 128K [0x00000000eab00000, 0x00000000eae80000, 0x0000000100000000)
  eden space 2048K, 0% used [0x00000000eab00000,0x00000000eab00000,0x00000000ead00000)
  from space 512K, 25% used [0x00000000ead80000,0x00000000eada0000,0x00000000eae00000)
  to   space 512K, 0% used [0x00000000eae00000,0x00000000eae00000,0x00000000eae80000)
 ParOldGen       total 159232K, used 142271K [0x00000000c0000000, 0x00000000c9b80000, 0x00000000eab00000)
  object space 159232K, 89% used [0x00000000c0000000,0x00000000c8aefde0,0x00000000c9b80000)
 Metaspace       used 82327K, committed 83520K, reserved 1179648K
  class space    used 9023K, committed 9536K, reserved 1048576K
}
Event: 45.351 GC heap before
{Heap before GC invocations=219 (full 8):
 PSYoungGen      total 2560K, used 2176K [0x00000000eab00000, 0x00000000eae80000, 0x0000000100000000)
  eden space 2048K, 100% used [0x00000000eab00000,0x00000000ead00000,0x00000000ead00000)
  from space 512K, 25% used [0x00000000ead80000,0x00000000eada0000,0x00000000eae00000)
  to   space 512K, 0% used [0x00000000eae00000,0x00000000eae00000,0x00000000eae80000)
 ParOldGen       total 159232K, used 142271K [0x00000000c0000000, 0x00000000c9b80000, 0x00000000eab00000)
  object space 159232K, 89% used [0x00000000c0000000,0x00000000c8aefde0,0x00000000c9b80000)
 Metaspace       used 82327K, committed 83520K, reserved 1179648K
  class space    used 9023K, committed 9536K, reserved 1048576K
}
Event: 45.351 GC heap after
{Heap after GC invocations=219 (full 8):
 PSYoungGen      total 2560K, used 128K [0x00000000eab00000, 0x00000000eae80000, 0x0000000100000000)
  eden space 2048K, 0% used [0x00000000eab00000,0x00000000eab00000,0x00000000ead00000)
  from space 512K, 25% used [0x00000000eae00000,0x00000000eae20000,0x00000000eae80000)
  to   space 512K, 0% used [0x00000000ead80000,0x00000000ead80000,0x00000000eae00000)
 ParOldGen       total 159232K, used 142347K [0x00000000c0000000, 0x00000000c9b80000, 0x00000000eab00000)
  object space 159232K, 89% used [0x00000000c0000000,0x00000000c8b02ea0,0x00000000c9b80000)
 Metaspace       used 82327K, committed 83520K, reserved 1179648K
  class space    used 9023K, committed 9536K, reserved 1048576K
}
Event: 45.362 GC heap before
{Heap before GC invocations=220 (full 8):
 PSYoungGen      total 2560K, used 2176K [0x00000000eab00000, 0x00000000eae80000, 0x0000000100000000)
  eden space 2048K, 100% used [0x00000000eab00000,0x00000000ead00000,0x00000000ead00000)
  from space 512K, 25% used [0x00000000eae00000,0x00000000eae20000,0x00000000eae80000)
  to   space 512K, 0% used [0x00000000ead80000,0x00000000ead80000,0x00000000eae00000)
 ParOldGen       total 159232K, used 142347K [0x00000000c0000000, 0x00000000c9b80000, 0x00000000eab00000)
  object space 159232K, 89% used [0x00000000c0000000,0x00000000c8b02ea0,0x00000000c9b80000)
 Metaspace       used 82327K, committed 83520K, reserved 1179648K
  class space    used 9023K, committed 9536K, reserved 1048576K
}
Event: 45.363 GC heap after
{Heap after GC invocations=220 (full 8):
 PSYoungGen      total 2560K, used 192K [0x00000000eab00000, 0x00000000eae80000, 0x0000000100000000)
  eden space 2048K, 0% used [0x00000000eab00000,0x00000000eab00000,0x00000000ead00000)
  from space 512K, 37% used [0x00000000ead80000,0x00000000eadb0000,0x00000000eae00000)
  to   space 512K, 0% used [0x00000000eae00000,0x00000000eae00000,0x00000000eae80000)
 ParOldGen       total 159232K, used 142371K [0x00000000c0000000, 0x00000000c9b80000, 0x00000000eab00000)
  object space 159232K, 89% used [0x00000000c0000000,0x00000000c8b08ea0,0x00000000c9b80000)
 Metaspace       used 82327K, committed 83520K, reserved 1179648K
  class space    used 9023K, committed 9536K, reserved 1048576K
}
Event: 45.377 GC heap before
{Heap before GC invocations=221 (full 8):
 PSYoungGen      total 2560K, used 2240K [0x00000000eab00000, 0x00000000eae80000, 0x0000000100000000)
  eden space 2048K, 100% used [0x00000000eab00000,0x00000000ead00000,0x00000000ead00000)
  from space 512K, 37% used [0x00000000ead80000,0x00000000eadb0000,0x00000000eae00000)
  to   space 512K, 0% used [0x00000000eae00000,0x00000000eae00000,0x00000000eae80000)
 ParOldGen       total 159232K, used 142371K [0x00000000c0000000, 0x00000000c9b80000, 0x00000000eab00000)
  object space 159232K, 89% used [0x00000000c0000000,0x00000000c8b08ea0,0x00000000c9b80000)
 Metaspace       used 82327K, committed 83520K, reserved 1179648K
  class space    used 9023K, committed 9536K, reserved 1048576K
}
Event: 45.378 GC heap after
{Heap after GC invocations=221 (full 8):
 PSYoungGen      total 2560K, used 128K [0x00000000eab00000, 0x00000000eae80000, 0x0000000100000000)
  eden space 2048K, 0% used [0x00000000eab00000,0x00000000eab00000,0x00000000ead00000)
  from space 512K, 25% used [0x00000000eae00000,0x00000000eae20000,0x00000000eae80000)
  to   space 512K, 0% used [0x00000000ead80000,0x00000000ead80000,0x00000000eae00000)
 ParOldGen       total 159232K, used 142497K [0x00000000c0000000, 0x00000000c9b80000, 0x00000000eab00000)
  object space 159232K, 89% used [0x00000000c0000000,0x00000000c8b286a0,0x00000000c9b80000)
 Metaspace       used 82327K, committed 83520K, reserved 1179648K
  class space    used 9023K, committed 9536K, reserved 1048576K
}
Event: 45.387 GC heap before
{Heap before GC invocations=222 (full 8):
 PSYoungGen      total 2560K, used 2176K [0x00000000eab00000, 0x00000000eae80000, 0x0000000100000000)
  eden space 2048K, 100% used [0x00000000eab00000,0x00000000ead00000,0x00000000ead00000)
  from space 512K, 25% used [0x00000000eae00000,0x00000000eae20000,0x00000000eae80000)
  to   space 512K, 0% used [0x00000000ead80000,0x00000000ead80000,0x00000000eae00000)
 ParOldGen       total 159232K, used 142497K [0x00000000c0000000, 0x00000000c9b80000, 0x00000000eab00000)
  object space 159232K, 89% used [0x00000000c0000000,0x00000000c8b286a0,0x00000000c9b80000)
 Metaspace       used 82327K, committed 83520K, reserved 1179648K
  class space    used 9023K, committed 9536K, reserved 1048576K
}
Event: 45.389 GC heap after
{Heap after GC invocations=222 (full 8):
 PSYoungGen      total 2560K, used 192K [0x00000000eab00000, 0x00000000eae80000, 0x0000000100000000)
  eden space 2048K, 0% used [0x00000000eab00000,0x00000000eab00000,0x00000000ead00000)
  from space 512K, 37% used [0x00000000ead80000,0x00000000eadb0000,0x00000000eae00000)
  to   space 512K, 0% used [0x00000000eae00000,0x00000000eae00000,0x00000000eae80000)
 ParOldGen       total 159232K, used 142544K [0x00000000c0000000, 0x00000000c9b80000, 0x00000000eab00000)
  object space 159232K, 89% used [0x00000000c0000000,0x00000000c8b342d0,0x00000000c9b80000)
 Metaspace       used 82327K, committed 83520K, reserved 1179648K
  class space    used 9023K, committed 9536K, reserved 1048576K
}
Event: 45.400 GC heap before
{Heap before GC invocations=223 (full 8):
 PSYoungGen      total 2560K, used 2240K [0x00000000eab00000, 0x00000000eae80000, 0x0000000100000000)
  eden space 2048K, 100% used [0x00000000eab00000,0x00000000ead00000,0x00000000ead00000)
  from space 512K, 37% used [0x00000000ead80000,0x00000000eadb0000,0x00000000eae00000)
  to   space 512K, 0% used [0x00000000eae00000,0x00000000eae00000,0x00000000eae80000)
 ParOldGen       total 159232K, used 142544K [0x00000000c0000000, 0x00000000c9b80000, 0x00000000eab00000)
  object space 159232K, 89% used [0x00000000c0000000,0x00000000c8b342d0,0x00000000c9b80000)
 Metaspace       used 82327K, committed 83520K, reserved 1179648K
  class space    used 9023K, committed 9536K, reserved 1048576K
}
Event: 45.401 GC heap after
{Heap after GC invocations=223 (full 8):
 PSYoungGen      total 2560K, used 128K [0x00000000eab00000, 0x00000000eae80000, 0x0000000100000000)
  eden space 2048K, 0% used [0x00000000eab00000,0x00000000eab00000,0x00000000ead00000)
  from space 512K, 25% used [0x00000000eae00000,0x00000000eae20000,0x00000000eae80000)
  to   space 512K, 0% used [0x00000000ead80000,0x00000000ead80000,0x00000000eae00000)
 ParOldGen       total 159232K, used 142662K [0x00000000c0000000, 0x00000000c9b80000, 0x00000000eab00000)
  object space 159232K, 89% used [0x00000000c0000000,0x00000000c8b51a78,0x00000000c9b80000)
 Metaspace       used 82327K, committed 83520K, reserved 1179648K
  class space    used 9023K, committed 9536K, reserved 1048576K
}
Event: 45.545 GC heap before
{Heap before GC invocations=224 (full 8):
 PSYoungGen      total 2560K, used 2176K [0x00000000eab00000, 0x00000000eae80000, 0x0000000100000000)
  eden space 2048K, 100% used [0x00000000eab00000,0x00000000ead00000,0x00000000ead00000)
  from space 512K, 25% used [0x00000000eae00000,0x00000000eae20000,0x00000000eae80000)
  to   space 512K, 0% used [0x00000000ead80000,0x00000000ead80000,0x00000000eae00000)
 ParOldGen       total 159232K, used 142662K [0x00000000c0000000, 0x00000000c9b80000, 0x00000000eab00000)
  object space 159232K, 89% used [0x00000000c0000000,0x00000000c8b51a78,0x00000000c9b80000)
 Metaspace       used 82327K, committed 83520K, reserved 1179648K
  class space    used 9023K, committed 9536K, reserved 1048576K
}
Event: 45.546 GC heap after
{Heap after GC invocations=224 (full 8):
 PSYoungGen      total 2560K, used 224K [0x00000000eab00000, 0x00000000eae80000, 0x0000000100000000)
  eden space 2048K, 0% used [0x00000000eab00000,0x00000000eab00000,0x00000000ead00000)
  from space 512K, 43% used [0x00000000ead80000,0x00000000eadb8000,0x00000000eae00000)
  to   space 512K, 0% used [0x00000000eae00000,0x00000000eae00000,0x00000000eae80000)
 ParOldGen       total 159232K, used 142756K [0x00000000c0000000, 0x00000000c9b80000, 0x00000000eab00000)
  object space 159232K, 89% used [0x00000000c0000000,0x00000000c8b69020,0x00000000c9b80000)
 Metaspace       used 82327K, committed 83520K, reserved 1179648K
  class space    used 9023K, committed 9536K, reserved 1048576K
}
Event: 45.562 GC heap before
{Heap before GC invocations=225 (full 8):
 PSYoungGen      total 2560K, used 2272K [0x00000000eab00000, 0x00000000eae80000, 0x0000000100000000)
  eden space 2048K, 100% used [0x00000000eab00000,0x00000000ead00000,0x00000000ead00000)
  from space 512K, 43% used [0x00000000ead80000,0x00000000eadb8000,0x00000000eae00000)
  to   space 512K, 0% used [0x00000000eae00000,0x00000000eae00000,0x00000000eae80000)
 ParOldGen       total 159232K, used 142756K [0x00000000c0000000, 0x00000000c9b80000, 0x00000000eab00000)
  object space 159232K, 89% used [0x00000000c0000000,0x00000000c8b69020,0x00000000c9b80000)
 Metaspace       used 82338K, committed 83520K, reserved 1179648K
  class space    used 9024K, committed 9536K, reserved 1048576K
}
Event: 45.564 GC heap after
{Heap after GC invocations=225 (full 8):
 PSYoungGen      total 2560K, used 460K [0x00000000eab00000, 0x00000000eae80000, 0x0000000100000000)
  eden space 2048K, 0% used [0x00000000eab00000,0x00000000eab00000,0x00000000ead00000)
  from space 512K, 89% used [0x00000000eae00000,0x00000000eae73008,0x00000000eae80000)
  to   space 512K, 0% used [0x00000000ead80000,0x00000000ead80000,0x00000000eae00000)
 ParOldGen       total 159232K, used 143024K [0x00000000c0000000, 0x00000000c9b80000, 0x00000000eab00000)
  object space 159232K, 89% used [0x00000000c0000000,0x00000000c8bac028,0x00000000c9b80000)
 Metaspace       used 82338K, committed 83520K, reserved 1179648K
  class space    used 9024K, committed 9536K, reserved 1048576K
}
Event: 45.580 GC heap before
{Heap before GC invocations=226 (full 8):
 PSYoungGen      total 2560K, used 2508K [0x00000000eab00000, 0x00000000eae80000, 0x0000000100000000)
  eden space 2048K, 100% used [0x00000000eab00000,0x00000000ead00000,0x00000000ead00000)
  from space 512K, 89% used [0x00000000eae00000,0x00000000eae73008,0x00000000eae80000)
  to   space 512K, 0% used [0x00000000ead80000,0x00000000ead80000,0x00000000eae00000)
 ParOldGen       total 159232K, used 143024K [0x00000000c0000000, 0x00000000c9b80000, 0x00000000eab00000)
  object space 159232K, 89% used [0x00000000c0000000,0x00000000c8bac028,0x00000000c9b80000)
 Metaspace       used 82338K, committed 83520K, reserved 1179648K
  class space    used 9024K, committed 9536K, reserved 1048576K
}

Dll operation events (15 events):
Event: 0.112 Loaded shared library c:\Users\wwwgo\.vscode\extensions\redhat.java-1.38.0-win32-x64\jre\17.0.13-win32-x86_64\bin\java.dll
Event: 0.596 Loaded shared library c:\Users\wwwgo\.vscode\extensions\redhat.java-1.38.0-win32-x64\jre\17.0.13-win32-x86_64\bin\zip.dll
Event: 0.600 Loaded shared library C:\Users\wwwgo\.vscode\extensions\redhat.java-1.38.0-win32-x64\jre\17.0.13-win32-x86_64\bin\instrument.dll
Event: 0.631 Loaded shared library C:\Users\wwwgo\.vscode\extensions\redhat.java-1.38.0-win32-x64\jre\17.0.13-win32-x86_64\bin\net.dll
Event: 0.635 Loaded shared library C:\Users\wwwgo\.vscode\extensions\redhat.java-1.38.0-win32-x64\jre\17.0.13-win32-x86_64\bin\nio.dll
Event: 0.665 Loaded shared library C:\Users\wwwgo\.vscode\extensions\redhat.java-1.38.0-win32-x64\jre\17.0.13-win32-x86_64\bin\zip.dll
Event: 0.699 Loaded shared library C:\Users\wwwgo\.vscode\extensions\redhat.java-1.38.0-win32-x64\jre\17.0.13-win32-x86_64\bin\jimage.dll
Event: 0.952 Loaded shared library c:\Users\wwwgo\.vscode\extensions\redhat.java-1.38.0-win32-x64\jre\17.0.13-win32-x86_64\bin\verify.dll
Event: 3.058 Loaded shared library C:\Users\wwwgo\AppData\Roaming\Code\User\globalStorage\redhat.java\1.38.0\config_win\org.eclipse.equinox.launcher\org.eclipse.equinox.launcher.win32.win32.x86_64_1.2.1100.v20240722-2106\eclipse_11904.dll
Event: 5.577 Loaded shared library C:\Users\wwwgo\AppData\Local\Temp\jna-113561791\jna8406021622039408608.dll
Event: 37.382 Loaded shared library C:\Users\wwwgo\.gradle\native\c067742578af261105cb4f569cf0c3c89f3d7b1fecec35dd04571415982c5e48\windows-amd64\native-platform.dll
Event: 40.526 Loaded shared library C:\Users\wwwgo\.vscode\extensions\redhat.java-1.38.0-win32-x64\jre\17.0.13-win32-x86_64\bin\management.dll
Event: 40.534 Loaded shared library C:\Users\wwwgo\.vscode\extensions\redhat.java-1.38.0-win32-x64\jre\17.0.13-win32-x86_64\bin\management_ext.dll
Event: 41.480 Loaded shared library C:\Users\wwwgo\.vscode\extensions\redhat.java-1.38.0-win32-x64\jre\17.0.13-win32-x86_64\bin\sunmscapi.dll
Event: 41.916 Loaded shared library C:\Users\wwwgo\.vscode\extensions\redhat.java-1.38.0-win32-x64\jre\17.0.13-win32-x86_64\bin\extnet.dll

Deoptimization events (20 events):
Event: 42.767 Thread 0x00000210d807c980 Uncommon trap: trap_request=0xffffff45 fr.pc=0x00000210c7f1ebbc relative=0x00000000000004fc
Event: 42.767 Thread 0x00000210d807c980 Uncommon trap: reason=unstable_if action=reinterpret pc=0x00000210c7f1ebbc method=java.io.ObjectInputStream$PeekInputStream.read([BII)I @ 10 c2
Event: 42.767 Thread 0x00000210d807c980 DEOPT PACKING pc=0x00000210c7f1ebbc sp=0x000000ca923fc5e0
Event: 42.767 Thread 0x00000210d807c980 DEOPT UNPACKING pc=0x00000210c72a66a3 sp=0x000000ca923fc540 mode 2
Event: 43.346 Thread 0x00000210d807c980 DEOPT PACKING pc=0x00000210c0c5b41a sp=0x000000ca923fb7f0
Event: 43.346 Thread 0x00000210d807c980 DEOPT UNPACKING pc=0x00000210c72a6e43 sp=0x000000ca923fad38 mode 0
Event: 43.355 Thread 0x00000210d807c980 DEOPT PACKING pc=0x00000210c031cf4d sp=0x000000ca923fb600
Event: 43.355 Thread 0x00000210d807c980 DEOPT UNPACKING pc=0x00000210c72a6e43 sp=0x000000ca923faa78 mode 0
Event: 45.175 Thread 0x00000210d807c980 Uncommon trap: trap_request=0xffffff45 fr.pc=0x00000210c7e53ca0 relative=0x0000000000000180
Event: 45.175 Thread 0x00000210d807c980 Uncommon trap: reason=unstable_if action=reinterpret pc=0x00000210c7e53ca0 method=java.io.ObjectStreamField.<init>(Ljava/lang/String;Ljava/lang/String;Z)V @ 45 c2
Event: 45.175 Thread 0x00000210d807c980 DEOPT PACKING pc=0x00000210c7e53ca0 sp=0x000000ca923fd3e0
Event: 45.175 Thread 0x00000210d807c980 DEOPT UNPACKING pc=0x00000210c72a66a3 sp=0x000000ca923fd368 mode 2
Event: 45.274 Thread 0x00000210d807c980 Uncommon trap: trap_request=0xffffff45 fr.pc=0x00000210c7e48ce0 relative=0x0000000000003bc0
Event: 45.274 Thread 0x00000210d807c980 Uncommon trap: reason=unstable_if action=reinterpret pc=0x00000210c7e48ce0 method=java.io.ObjectInputStream$HandleTable.markDependency(II)V @ 12 c2
Event: 45.274 Thread 0x00000210d807c980 DEOPT PACKING pc=0x00000210c7e48ce0 sp=0x000000ca923fd460
Event: 45.274 Thread 0x00000210d807c980 DEOPT UNPACKING pc=0x00000210c72a66a3 sp=0x000000ca923fd350 mode 2
Event: 45.299 Thread 0x00000210d807c980 Uncommon trap: trap_request=0xfffffff4 fr.pc=0x00000210c80b1c54 relative=0x0000000000009f54
Event: 45.299 Thread 0x00000210d807c980 Uncommon trap: reason=null_check action=make_not_entrant pc=0x00000210c80b1c54 method=java.io.ObjectInputStream.readClassDesc(Z)Ljava/io/ObjectStreamClass; @ 56 c2
Event: 45.299 Thread 0x00000210d807c980 DEOPT PACKING pc=0x00000210c80b1c54 sp=0x000000ca923fdb60
Event: 45.299 Thread 0x00000210d807c980 DEOPT UNPACKING pc=0x00000210c72a66a3 sp=0x000000ca923fdbe0 mode 2

Classes loaded (20 events):
Event: 42.568 Loading class sun/security/ssl/Alert
Event: 42.568 Loading class sun/security/ssl/Alert done
Event: 42.569 Loading class sun/security/ssl/Alert$AlertConsumer
Event: 42.569 Loading class sun/security/ssl/Alert$AlertConsumer done
Event: 42.570 Loading class sun/security/ssl/Alert$Level
Event: 42.570 Loading class sun/security/ssl/Alert$Level done
Event: 42.693 Loading class sun/net/www/http/ChunkedInputStream
Event: 42.694 Loading class sun/net/www/http/ChunkedInputStream done
Event: 42.694 Loading class sun/net/www/protocol/http/HttpURLConnection$HttpInputStream
Event: 42.694 Loading class sun/net/www/protocol/http/HttpURLConnection$HttpInputStream done
Event: 42.695 Loading class java/lang/Throwable$WrappedPrintWriter
Event: 42.695 Loading class java/lang/Throwable$PrintStreamOrWriter
Event: 42.695 Loading class java/lang/Throwable$PrintStreamOrWriter done
Event: 42.695 Loading class java/lang/Throwable$WrappedPrintWriter done
Event: 42.852 Loading class java/security/DigestInputStream
Event: 42.852 Loading class java/security/DigestInputStream done
Event: 43.346 Loading class java/time/Ser
Event: 43.347 Loading class java/time/Ser done
Event: 45.180 Loading class java/io/ObjectStreamClass$ExceptionInfo
Event: 45.180 Loading class java/io/ObjectStreamClass$ExceptionInfo done

Classes unloaded (7 events):
Event: 7.569 Thread 0x00000210d160d2f0 Unloading class 0x0000000100252000 'java/lang/invoke/LambdaForm$MH+0x0000000100252000'
Event: 7.569 Thread 0x00000210d160d2f0 Unloading class 0x0000000100251c00 'java/lang/invoke/LambdaForm$MH+0x0000000100251c00'
Event: 7.569 Thread 0x00000210d160d2f0 Unloading class 0x0000000100251800 'java/lang/invoke/LambdaForm$MH+0x0000000100251800'
Event: 7.569 Thread 0x00000210d160d2f0 Unloading class 0x0000000100251400 'java/lang/invoke/LambdaForm$MH+0x0000000100251400'
Event: 7.569 Thread 0x00000210d160d2f0 Unloading class 0x0000000100251000 'java/lang/invoke/LambdaForm$BMH+0x0000000100251000'
Event: 7.569 Thread 0x00000210d160d2f0 Unloading class 0x0000000100250c00 'java/lang/invoke/LambdaForm$DMH+0x0000000100250c00'
Event: 7.569 Thread 0x00000210d160d2f0 Unloading class 0x000000010024c400 'java/lang/invoke/LambdaForm$DMH+0x000000010024c400'

Classes redefined (0 events):
No events

Internal exceptions (20 events):
Event: 42.256 Thread 0x00000210d807c980 Exception <a 'java/lang/NoSuchMethodError'{0x00000000eac92468}: static Lorg/gradle/internal/build/event/types/DefaultOperationFinishedProgressEvent;.<clinit>()V> (0x00000000eac92468) 
thrown [s\src\hotspot\share\prims\jni.cpp, line 1112]
Event: 42.259 Thread 0x00000210d807c980 Exception <a 'java/lang/NoSuchMethodError'{0x00000000eacb1418}: static Lorg/gradle/internal/build/event/types/AbstractResult;.<clinit>()V> (0x00000000eacb1418) 
thrown [s\src\hotspot\share\prims\jni.cpp, line 1112]
Event: 42.260 Thread 0x00000210d807c980 Exception <a 'java/lang/NoSuchMethodError'{0x00000000eacc48c0}: static Lorg/gradle/internal/build/event/types/AbstractOperationResult;.<clinit>()V> (0x00000000eacc48c0) 
thrown [s\src\hotspot\share\prims\jni.cpp, line 1112]
Event: 42.263 Thread 0x00000210d807c980 Exception <a 'java/lang/NoSuchMethodError'{0x00000000eace6c58}: static Lorg/gradle/internal/build/event/types/DefaultSuccessResult;.<clinit>()V> (0x00000000eace6c58) 
thrown [s\src\hotspot\share\prims\jni.cpp, line 1112]
Event: 42.456 Thread 0x00000210d79ac630 Implicit null exception at 0x00000210c7a63f10 to 0x00000210c7a67ec0
Event: 42.663 Thread 0x00000210d807c980 Exception <a 'java/lang/NoSuchMethodError'{0x00000000eabb7d98}: static Lorg/gradle/internal/build/event/types/DefaultBuildPhaseDescriptor;.<clinit>()V> (0x00000000eabb7d98) 
thrown [s\src\hotspot\share\prims\jni.cpp, line 1112]
Event: 42.766 Thread 0x00000210d807c980 Exception <a 'java/lang/NoSuchMethodError'{0x00000000eab1e3c8}: static Lorg/gradle/internal/build/event/types/DefaultProjectConfigurationDescriptor;.<clinit>()V> (0x00000000eab1e3c8) 
thrown [s\src\hotspot\share\prims\jni.cpp, line 1112]
Event: 43.338 Thread 0x00000210d807c980 Exception <a 'java/lang/NoSuchMethodError'{0x00000000eaba4770}: static Lorg/gradle/internal/build/event/types/AbstractProjectConfigurationResult;.<clinit>()V> (0x00000000eaba4770) 
thrown [s\src\hotspot\share\prims\jni.cpp, line 1112]
Event: 43.340 Thread 0x00000210d807c980 Exception <a 'java/lang/NoSuchMethodError'{0x00000000eabc1ce0}: static Lorg/gradle/internal/build/event/types/DefaultProjectConfigurationSuccessResult;.<clinit>()V> (0x00000000eabc1ce0) 
thrown [s\src\hotspot\share\prims\jni.cpp, line 1112]
Event: 43.343 Thread 0x00000210d807c980 Exception <a 'java/lang/NoSuchMethodError'{0x00000000eac7b858}: static Lorg/gradle/internal/build/event/types/DefaultPluginApplicationResult;.<clinit>()V> (0x00000000eac7b858) 
thrown [s\src\hotspot\share\prims\jni.cpp, line 1112]
Event: 43.346 Thread 0x00000210d807c980 Exception <a 'java/lang/NoSuchMethodError'{0x00000000eab05ab8}: static Lorg/gradle/internal/build/event/types/DefaultBinaryPluginIdentifier;.<clinit>()V> (0x00000000eab05ab8) 
thrown [s\src\hotspot\share\prims\jni.cpp, line 1112]
Event: 43.350 Thread 0x00000210d807c980 Exception <a 'java/lang/NoSuchMethodError'{0x00000000eab31d20}: static Lorg/gradle/internal/build/event/types/DefaultScriptPluginIdentifier;.<clinit>()V> (0x00000000eab31d20) 
thrown [s\src\hotspot\share\prims\jni.cpp, line 1112]
Event: 45.154 Thread 0x00000210d807c980 Exception <a 'java/lang/NoSuchMethodError'{0x00000000eabe26e8}: static Lorg/gradle/internal/build/event/types/DefaultTaskStartedProgressEvent;.<clinit>()V> (0x00000000eabe26e8) 
thrown [s\src\hotspot\share\prims\jni.cpp, line 1112]
Event: 45.158 Thread 0x00000210d807c980 Exception <a 'java/lang/NoSuchMethodError'{0x00000000eacb0ff8}: static Lorg/gradle/internal/build/event/types/DefaultTaskDescriptor;.<clinit>()V> (0x00000000eacb0ff8) 
thrown [s\src\hotspot\share\prims\jni.cpp, line 1112]
Event: 45.174 Thread 0x00000210d807c980 Exception <a 'java/lang/NoSuchMethodError'{0x00000000eab89c88}: static Lorg/gradle/internal/build/event/types/DefaultTaskFinishedProgressEvent;.<clinit>()V> (0x00000000eab89c88) 
thrown [s\src\hotspot\share\prims\jni.cpp, line 1112]
Event: 45.177 Thread 0x00000210d807c980 Exception <a 'java/lang/NoSuchMethodError'{0x00000000eabaf2b0}: static Lorg/gradle/internal/build/event/types/AbstractTaskResult;.<clinit>()V> (0x00000000eabaf2b0) 
thrown [s\src\hotspot\share\prims\jni.cpp, line 1112]
Event: 45.178 Thread 0x00000210d807c980 Exception <a 'java/lang/NoSuchMethodError'{0x00000000eabbe4f0}: static Lorg/gradle/internal/build/event/types/DefaultTaskSuccessResult;.<clinit>()V> (0x00000000eabbe4f0) 
thrown [s\src\hotspot\share\prims\jni.cpp, line 1112]
Event: 45.276 Thread 0x00000210d807c980 Exception <a 'java/lang/NoSuchMethodError'{0x00000000eab5d250}: static Lorg/gradle/internal/build/event/types/DefaultTaskSkippedResult;.<clinit>()V> (0x00000000eab5d250) 
thrown [s\src\hotspot\share\prims\jni.cpp, line 1112]
Event: 45.299 Thread 0x00000210d807c980 Implicit null exception at 0x00000210c80a7ea0 to 0x00000210c80b1c44
Event: 45.549 Thread 0x00000210d807c980 Exception <a 'java/lang/NoSuchMethodError'{0x00000000eab6d168}: static Lorg/gradle/internal/build/event/types/DefaultTransformDescriptor;.<clinit>()V> (0x00000000eab6d168) 
thrown [s\src\hotspot\share\prims\jni.cpp, line 1112]

VM Operations (20 events):
Event: 45.299 Executing VM operation: HandshakeAllThreads done
Event: 45.300 Executing VM operation: ParallelGCFailedAllocation
Event: 45.302 Executing VM operation: ParallelGCFailedAllocation done
Event: 45.327 Executing VM operation: ParallelGCFailedAllocation
Event: 45.329 Executing VM operation: ParallelGCFailedAllocation done
Event: 45.346 Executing VM operation: ParallelGCFailedAllocation
Event: 45.351 Executing VM operation: ParallelGCFailedAllocation done
Event: 45.362 Executing VM operation: ParallelGCFailedAllocation
Event: 45.363 Executing VM operation: ParallelGCFailedAllocation done
Event: 45.377 Executing VM operation: ParallelGCFailedAllocation
Event: 45.378 Executing VM operation: ParallelGCFailedAllocation done
Event: 45.387 Executing VM operation: ParallelGCFailedAllocation
Event: 45.389 Executing VM operation: ParallelGCFailedAllocation done
Event: 45.400 Executing VM operation: ParallelGCFailedAllocation
Event: 45.401 Executing VM operation: ParallelGCFailedAllocation done
Event: 45.411 Executing VM operation: ParallelGCFailedAllocation
Event: 45.546 Executing VM operation: ParallelGCFailedAllocation done
Event: 45.562 Executing VM operation: ParallelGCFailedAllocation
Event: 45.564 Executing VM operation: ParallelGCFailedAllocation done
Event: 45.580 Executing VM operation: ParallelGCFailedAllocation

Memory protections (0 events):
No events

Nmethod flushes (20 events):
Event: 45.314 Thread 0x00000210d67c13b0 flushing  nmethod 0x00000210c0c02b90
Event: 45.314 Thread 0x00000210d67c13b0 flushing  nmethod 0x00000210c0c36190
Event: 45.315 Thread 0x00000210d67c13b0 flushing  nmethod 0x00000210c0c48190
Event: 45.315 Thread 0x00000210d67c13b0 flushing  nmethod 0x00000210c0c98d10
Event: 45.315 Thread 0x00000210d67c13b0 flushing  nmethod 0x00000210c0caef90
Event: 45.315 Thread 0x00000210d67c13b0 flushing  nmethod 0x00000210c0cb0390
Event: 45.315 Thread 0x00000210d67c13b0 flushing  nmethod 0x00000210c0cb0f90
Event: 45.315 Thread 0x00000210d67c13b0 flushing  nmethod 0x00000210c0cc5390
Event: 45.315 Thread 0x00000210d67c13b0 flushing  nmethod 0x00000210c0cf6d10
Event: 45.316 Thread 0x00000210d67c13b0 flushing  nmethod 0x00000210c0e19a10
Event: 45.316 Thread 0x00000210d67c13b0 flushing  nmethod 0x00000210c0e30190
Event: 45.318 Thread 0x00000210d67c13b0 flushing  nmethod 0x00000210c11cd310
Event: 45.319 Thread 0x00000210d67c13b0 flushing  nmethod 0x00000210c1367910
Event: 45.319 Thread 0x00000210d67c13b0 flushing  nmethod 0x00000210c13f5f10
Event: 45.319 Thread 0x00000210d67c13b0 flushing  nmethod 0x00000210c1414d10
Event: 45.319 Thread 0x00000210d67c13b0 flushing  nmethod 0x00000210c1418310
Event: 45.320 Thread 0x00000210d67c13b0 flushing  nmethod 0x00000210c143ff90
Event: 45.320 Thread 0x00000210d67c13b0 flushing  nmethod 0x00000210c1440790
Event: 45.320 Thread 0x00000210d67c13b0 flushing  nmethod 0x00000210c144d290
Event: 45.320 Thread 0x00000210d67c13b0 flushing  nmethod 0x00000210c144f490

Events (20 events):
Event: 40.974 Thread 0x00000210d807f710 Thread added: 0x00000210d807e7e0
Event: 41.141 Thread 0x00000210d807e7e0 Thread added: 0x00000210d807d8b0
Event: 41.142 Thread 0x00000210d807e7e0 Thread added: 0x00000210d807d3a0
Event: 41.292 Thread 0x00000210e4a1e110 Thread exited: 0x00000210e4a1e110
Event: 41.398 Thread 0x00000210d807f710 Thread exited: 0x00000210d807f710
Event: 41.410 Thread 0x00000210d67bfb80 Thread added: 0x00000210e4a1d670
Event: 41.422 Thread 0x00000210d6b79cb0 Thread added: 0x00000210d807c470
Event: 41.424 Thread 0x00000210d6b79cb0 Thread added: 0x00000210d807c980
Event: 41.579 Thread 0x00000210d807c980 Thread added: 0x00000210d807f200
Event: 42.107 Thread 0x00000210d807c980 Thread added: 0x00000210d807ce90
Event: 42.111 Thread 0x00000210d807ce90 Thread exited: 0x00000210d807ce90
Event: 42.113 Thread 0x00000210d807c980 Thread added: 0x00000210d807ddc0
Event: 42.533 Thread 0x00000210d79ac630 Thread added: 0x00000210d807bf60
Event: 42.550 Thread 0x00000210d807bf60 Thread exited: 0x00000210d807bf60
Event: 42.662 Thread 0x00000210d79ac630 Thread added: 0x00000210d807bf60
Event: 42.693 Thread 0x00000210d807bf60 Thread exited: 0x00000210d807bf60
Event: 42.741 Thread 0x00000210d79ac630 Thread added: 0x00000210d807bf60
Event: 42.763 Thread 0x00000210d807bf60 Thread exited: 0x00000210d807bf60
Event: 42.812 Thread 0x00000210d79ac630 Thread added: 0x00000210d807bf60
Event: 42.819 Thread 0x00000210d807bf60 Thread exited: 0x00000210d807bf60


Dynamic libraries:
0x00007ff7f19b0000 - 0x00007ff7f19be000 	c:\Users\wwwgo\.vscode\extensions\redhat.java-1.38.0-win32-x64\jre\17.0.13-win32-x86_64\bin\java.exe
0x00007ffd773e0000 - 0x00007ffd77643000 	C:\WINDOWS\SYSTEM32\ntdll.dll
0x00007ffd762c0000 - 0x00007ffd76388000 	C:\WINDOWS\System32\KERNEL32.DLL
0x00007ffd747b0000 - 0x00007ffd74b62000 	C:\WINDOWS\System32\KERNELBASE.dll
0x00007ffd75050000 - 0x00007ffd7519b000 	C:\WINDOWS\System32\ucrtbase.dll
0x00007ffd43740000 - 0x00007ffd43757000 	c:\Users\wwwgo\.vscode\extensions\redhat.java-1.38.0-win32-x64\jre\17.0.13-win32-x86_64\bin\jli.dll
0x00007ffd769d0000 - 0x00007ffd76b98000 	C:\WINDOWS\System32\USER32.dll
0x00007ffd74ef0000 - 0x00007ffd74f17000 	C:\WINDOWS\System32\win32u.dll
0x00007ffd75c30000 - 0x00007ffd75c5a000 	C:\WINDOWS\System32\GDI32.dll
0x00007ffd74f20000 - 0x00007ffd7504b000 	C:\WINDOWS\System32\gdi32full.dll
0x00007ffd74db0000 - 0x00007ffd74e53000 	C:\WINDOWS\System32\msvcp_win.dll
0x00007ffd3fc80000 - 0x00007ffd3fc9e000 	c:\Users\wwwgo\.vscode\extensions\redhat.java-1.38.0-win32-x64\jre\17.0.13-win32-x86_64\bin\VCRUNTIME140.dll
0x00007ffd73990000 - 0x00007ffd73c20000 	C:\WINDOWS\WinSxS\amd64_microsoft.windows.common-controls_6595b64144ccf1df_6.0.26100.2454_none_3e0b68a2e331ad60\COMCTL32.dll
0x00007ffd75f90000 - 0x00007ffd76039000 	C:\WINDOWS\System32\msvcrt.dll
0x00007ffd772b0000 - 0x00007ffd772df000 	C:\WINDOWS\System32\IMM32.DLL
0x00007ffd60420000 - 0x00007ffd6042c000 	c:\Users\wwwgo\.vscode\extensions\redhat.java-1.38.0-win32-x64\jre\17.0.13-win32-x86_64\bin\vcruntime140_1.dll
0x00007ffd23600000 - 0x00007ffd2368d000 	c:\Users\wwwgo\.vscode\extensions\redhat.java-1.38.0-win32-x64\jre\17.0.13-win32-x86_64\bin\msvcp140.dll
0x00007ffd0d520000 - 0x00007ffd0e18b000 	c:\Users\wwwgo\.vscode\extensions\redhat.java-1.38.0-win32-x64\jre\17.0.13-win32-x86_64\bin\server\jvm.dll
0x00007ffd75c60000 - 0x00007ffd75d14000 	C:\WINDOWS\System32\ADVAPI32.dll
0x00007ffd772f0000 - 0x00007ffd77396000 	C:\WINDOWS\System32\sechost.dll
0x00007ffd75b10000 - 0x00007ffd75c26000 	C:\WINDOWS\System32\RPCRT4.dll
0x00007ffd75820000 - 0x00007ffd75894000 	C:\WINDOWS\System32\WS2_32.dll
0x00007ffd74640000 - 0x00007ffd7468e000 	C:\WINDOWS\SYSTEM32\POWRPROF.dll
0x00007ffd4cf50000 - 0x00007ffd4cf86000 	C:\WINDOWS\SYSTEM32\WINMM.dll
0x00007ffd6d9d0000 - 0x00007ffd6d9db000 	C:\WINDOWS\SYSTEM32\VERSION.dll
0x00007ffd74620000 - 0x00007ffd74634000 	C:\WINDOWS\SYSTEM32\UMPDC.dll
0x00007ffd72ca0000 - 0x00007ffd72cba000 	C:\WINDOWS\SYSTEM32\kernel.appcore.dll
0x00007ffd5e090000 - 0x00007ffd5e09a000 	c:\Users\wwwgo\.vscode\extensions\redhat.java-1.38.0-win32-x64\jre\17.0.13-win32-x86_64\bin\jimage.dll
0x00007ffd73f70000 - 0x00007ffd741b1000 	C:\WINDOWS\SYSTEM32\DBGHELP.DLL
0x00007ffd76510000 - 0x00007ffd7688e000 	C:\WINDOWS\System32\combase.dll
0x00007ffd758b0000 - 0x00007ffd75986000 	C:\WINDOWS\System32\OLEAUT32.dll
0x00007ffd2ddf0000 - 0x00007ffd2de29000 	C:\WINDOWS\SYSTEM32\dbgcore.DLL
0x00007ffd751a0000 - 0x00007ffd75239000 	C:\WINDOWS\System32\bcryptPrimitives.dll
0x00007ffd5fc40000 - 0x00007ffd5fc4e000 	c:\Users\wwwgo\.vscode\extensions\redhat.java-1.38.0-win32-x64\jre\17.0.13-win32-x86_64\bin\instrument.dll
0x00007ffd36b50000 - 0x00007ffd36b75000 	c:\Users\wwwgo\.vscode\extensions\redhat.java-1.38.0-win32-x64\jre\17.0.13-win32-x86_64\bin\java.dll
0x00007ffd3e890000 - 0x00007ffd3e8a8000 	c:\Users\wwwgo\.vscode\extensions\redhat.java-1.38.0-win32-x64\jre\17.0.13-win32-x86_64\bin\zip.dll
0x00007ffd76ba0000 - 0x00007ffd772a0000 	C:\WINDOWS\System32\SHELL32.dll
0x00007ffd71a10000 - 0x00007ffd72241000 	C:\WINDOWS\SYSTEM32\windows.storage.dll
0x00007ffd761e0000 - 0x00007ffd762ba000 	C:\WINDOWS\System32\SHCORE.dll
0x00007ffd757b0000 - 0x00007ffd7580d000 	C:\WINDOWS\System32\shlwapi.dll
0x00007ffd746c0000 - 0x00007ffd746ee000 	C:\WINDOWS\SYSTEM32\profapi.dll
0x00007ffd3afd0000 - 0x00007ffd3afe9000 	C:\Users\wwwgo\.vscode\extensions\redhat.java-1.38.0-win32-x64\jre\17.0.13-win32-x86_64\bin\net.dll
0x00007ffd6c7c0000 - 0x00007ffd6c8e6000 	C:\WINDOWS\SYSTEM32\WINHTTP.dll
0x00007ffd73170000 - 0x00007ffd731d8000 	C:\WINDOWS\system32\mswsock.dll
0x00007ffd3af60000 - 0x00007ffd3af76000 	C:\Users\wwwgo\.vscode\extensions\redhat.java-1.38.0-win32-x64\jre\17.0.13-win32-x86_64\bin\nio.dll
0x00007ffd5fc30000 - 0x00007ffd5fc40000 	c:\Users\wwwgo\.vscode\extensions\redhat.java-1.38.0-win32-x64\jre\17.0.13-win32-x86_64\bin\verify.dll
0x00007ffd25950000 - 0x00007ffd25995000 	C:\Users\wwwgo\AppData\Roaming\Code\User\globalStorage\redhat.java\1.38.0\config_win\org.eclipse.equinox.launcher\org.eclipse.equinox.launcher.win32.win32.x86_64_1.2.1100.v20240722-2106\eclipse_11904.dll
0x00007ffd76040000 - 0x00007ffd761d9000 	C:\WINDOWS\System32\ole32.dll
0x00007ffd742e0000 - 0x00007ffd742fc000 	C:\WINDOWS\SYSTEM32\CRYPTSP.dll
0x00007ffd731e0000 - 0x00007ffd73218000 	C:\WINDOWS\system32\rsaenh.dll
0x00007ffd73250000 - 0x00007ffd7327b000 	C:\WINDOWS\SYSTEM32\USERENV.dll
0x00007ffd73e70000 - 0x00007ffd73e96000 	C:\WINDOWS\SYSTEM32\bcrypt.dll
0x00007ffd73730000 - 0x00007ffd7373c000 	C:\WINDOWS\SYSTEM32\CRYPTBASE.dll
0x00007ffd727a0000 - 0x00007ffd727d2000 	C:\WINDOWS\SYSTEM32\IPHLPAPI.DLL
0x00007ffd75d20000 - 0x00007ffd75d2a000 	C:\WINDOWS\System32\NSI.dll
0x00007ffd66d10000 - 0x00007ffd66d2e000 	C:\WINDOWS\SYSTEM32\dhcpcsvc6.DLL
0x00007ffd63e90000 - 0x00007ffd63eb5000 	C:\WINDOWS\SYSTEM32\dhcpcsvc.DLL
0x00007ffd727e0000 - 0x00007ffd72905000 	C:\WINDOWS\SYSTEM32\DNSAPI.dll
0x00007ffd25900000 - 0x00007ffd25949000 	C:\Users\wwwgo\AppData\Local\Temp\jna-113561791\jna8406021622039408608.dll
0x00007ffd768a0000 - 0x00007ffd768a8000 	C:\WINDOWS\System32\PSAPI.DLL
0x00007ffd06ab0000 - 0x00007ffd06ad7000 	C:\Users\wwwgo\.gradle\native\c067742578af261105cb4f569cf0c3c89f3d7b1fecec35dd04571415982c5e48\windows-amd64\native-platform.dll
0x00007ffd5dda0000 - 0x00007ffd5ddaa000 	C:\Users\wwwgo\.vscode\extensions\redhat.java-1.38.0-win32-x64\jre\17.0.13-win32-x86_64\bin\management.dll
0x00007ffd5d960000 - 0x00007ffd5d96b000 	C:\Users\wwwgo\.vscode\extensions\redhat.java-1.38.0-win32-x64\jre\17.0.13-win32-x86_64\bin\management_ext.dll
0x00007ffd5b7f0000 - 0x00007ffd5b7fe000 	C:\Users\wwwgo\.vscode\extensions\redhat.java-1.38.0-win32-x64\jre\17.0.13-win32-x86_64\bin\sunmscapi.dll
0x00007ffd74c30000 - 0x00007ffd74da6000 	C:\WINDOWS\System32\CRYPT32.dll
0x00007ffd73850000 - 0x00007ffd73880000 	C:\WINDOWS\SYSTEM32\ncrypt.dll
0x00007ffd73800000 - 0x00007ffd7383f000 	C:\WINDOWS\SYSTEM32\NTASN1.dll
0x00007ffd68d20000 - 0x00007ffd68d2b000 	C:\Windows\System32\rasadhlp.dll
0x00007ffd5b1d0000 - 0x00007ffd5b1d9000 	C:\Users\wwwgo\.vscode\extensions\redhat.java-1.38.0-win32-x64\jre\17.0.13-win32-x86_64\bin\extnet.dll
0x00007ffd61d00000 - 0x00007ffd61d85000 	C:\WINDOWS\System32\fwpuclnt.dll
0x00007ffd5f2a0000 - 0x00007ffd5f2a8000 	C:\WINDOWS\system32\wshunix.dll

dbghelp: loaded successfully - version: 4.0.5 - missing functions: none
symbol engine: initialized successfully - sym options: 0x614 - pdb path: .;c:\Users\wwwgo\.vscode\extensions\redhat.java-1.38.0-win32-x64\jre\17.0.13-win32-x86_64\bin;C:\WINDOWS\SYSTEM32;C:\WINDOWS\WinSxS\amd64_microsoft.windows.common-controls_6595b64144ccf1df_6.0.26100.2454_none_3e0b68a2e331ad60;c:\Users\wwwgo\.vscode\extensions\redhat.java-1.38.0-win32-x64\jre\17.0.13-win32-x86_64\bin\server;C:\Users\wwwgo\AppData\Roaming\Code\User\globalStorage\redhat.java\1.38.0\config_win\org.eclipse.equinox.launcher\org.eclipse.equinox.launcher.win32.win32.x86_64_1.2.1100.v20240722-2106;C:\Users\wwwgo\AppData\Local\Temp\jna-113561791;C:\Users\wwwgo\.gradle\native\c067742578af261105cb4f569cf0c3c89f3d7b1fecec35dd04571415982c5e48\windows-amd64

VM Arguments:
jvm_args: --add-modules=ALL-SYSTEM --add-opens=java.base/java.util=ALL-UNNAMED --add-opens=java.base/java.lang=ALL-UNNAMED --add-opens=java.base/sun.nio.fs=ALL-UNNAMED -Declipse.application=org.eclipse.jdt.ls.core.id1 -Dosgi.bundles.defaultStartLevel=4 -Declipse.product=org.eclipse.jdt.ls.core.product -Djava.import.generatesMetadataFilesAtProjectRoot=false -DDetectVMInstallationsJob.disabled=true -Dfile.encoding=utf8 -XX:+UseParallelGC -XX:GCTimeRatio=4 -XX:AdaptiveSizePolicyWeight=90 -Dsun.zip.disableMemoryMapping=true -Xmx1G -Xms100m -Xlog:disable -javaagent:c:\Users\wwwgo\.vscode\extensions\redhat.java-1.38.0-win32-x64\lombok\lombok-1.18.34.jar -XX:+HeapDumpOnOutOfMemoryError -XX:HeapDumpPath=c:\Users\wwwgo\AppData\Roaming\Code\User\workspaceStorage\249a18d9a02ff7ef2690f734e7d3763f\redhat.java -Daether.dependencyCollector.impl=bf 
java_command: c:\Users\wwwgo\.vscode\extensions\redhat.java-1.38.0-win32-x64\server\plugins\org.eclipse.equinox.launcher_1.6.900.v20240613-2009.jar -configuration c:\Users\wwwgo\AppData\Roaming\Code\User\globalStorage\redhat.java\1.38.0\config_win -data c:\Users\wwwgo\AppData\Roaming\Code\User\workspaceStorage\249a18d9a02ff7ef2690f734e7d3763f\redhat.java\jdt_ws --pipe=\\.\pipe\lsp-f872e1735471e585b5e63098a9f2c75e-sock
java_class_path (initial): c:\Users\wwwgo\.vscode\extensions\redhat.java-1.38.0-win32-x64\server\plugins\org.eclipse.equinox.launcher_1.6.900.v20240613-2009.jar
Launcher Type: SUN_STANDARD

[Global flags]
    uintx AdaptiveSizePolicyWeight                 = 90                                        {product} {command line}
     intx CICompilerCount                          = 3                                         {product} {ergonomic}
    uintx GCTimeRatio                              = 4                                         {product} {command line}
     bool HeapDumpOnOutOfMemoryError               = true                                   {manageable} {command line}
    ccstr HeapDumpPath                             = c:\Users\wwwgo\AppData\Roaming\Code\User\workspaceStorage\249a18d9a02ff7ef2690f734e7d3763f\redhat.java         {manageable} {command line}
   size_t InitialHeapSize                          = 104857600                                 {product} {command line}
   size_t MaxHeapSize                              = 1073741824                                {product} {command line}
   size_t MaxNewSize                               = 357564416                                 {product} {ergonomic}
   size_t MinHeapDeltaBytes                        = 524288                                    {product} {ergonomic}
   size_t MinHeapSize                              = 104857600                                 {product} {command line}
   size_t NewSize                                  = 34603008                                  {product} {ergonomic}
    uintx NonNMethodCodeHeapSize                   = 5832780                                {pd product} {ergonomic}
    uintx NonProfiledCodeHeapSize                  = 122912730                              {pd product} {ergonomic}
   size_t OldSize                                  = 70254592                                  {product} {ergonomic}
    uintx ProfiledCodeHeapSize                     = 122912730                              {pd product} {ergonomic}
    uintx ReservedCodeCacheSize                    = 251658240                              {pd product} {ergonomic}
     bool SegmentedCodeCache                       = true                                      {product} {ergonomic}
   size_t SoftMaxHeapSize                          = 1073741824                             {manageable} {ergonomic}
     bool UseCompressedClassPointers               = true                           {product lp64_product} {ergonomic}
     bool UseCompressedOops                        = true                           {product lp64_product} {ergonomic}
     bool UseLargePagesIndividualAllocation        = false                                  {pd product} {ergonomic}
     bool UseParallelGC                            = true                                      {product} {command line}

Logging:
Log output configuration:
 #0: stdout all=off uptime,level,tags
 #1: stderr all=off uptime,level,tags

Environment Variables:
JAVA_HOME=C:\Program Files\Microsoft\jdk-17.0.12.7-hotspot\
PATH=C:\Program Files\Microsoft\jdk-17.0.12.7-hotspot\bin;C:\Python312\Scripts\;C:\Python312\;C:\WINDOWS\system32;C:\WINDOWS;C:\WINDOWS\System32\Wbem;C:\WINDOWS\System32\WindowsPowerShell\v1.0\;C:\WINDOWS\System32\OpenSSH\;C:\Program Files\Git\cmd;C:\xampp2\php;C:\ProgramData\ComposerSetup\bin;C:\ProgramData\chocolatey\bin;C:\Program Files\nodejs\;%LOCALAPPDATA%\Android\Sdk\platform-tools;C:\Users\wwwgo\AppData\Local\Android\Sdk\tools;C:\Program Files\Microsoft\jdk-17.0.12.7-hotspot\bin;C:\Python312\Scripts\;C:\Python312\;C:\WINDOWS\system32;C:\WINDOWS;C:\WINDOWS\System32\Wbem;C:\WINDOWS\System32\WindowsPowerShell\v1.0\;C:\WINDOWS\System32\OpenSSH\;C:\Program Files\Git\cmd;C:\xampp2\php;C:\ProgramData\ComposerSetup\bin;C:\ProgramData\chocolatey\bin;C:\Program Files\nodejs\;C:\Users\wwwgo\AppData\Local\Android\Sdk\platform-tools;C:\Users\wwwgo\AppData\Local\Microsoft\WindowsApps;;C:\Users\wwwgo\AppData\Local\Programs\Microsoft VS Code\bin;C:\Users\wwwgo\AppData\Roaming\Composer\vendor\bin;C:\Users\wwwgo\AppData\Roaming\npm;C:\Program Files\android-sdk-windows\platform-tools;C:\Users\wwwgo\AppData\Local\Microsoft\WindowsApps
USERNAME=wwwgo
OS=Windows_NT
PROCESSOR_IDENTIFIER=Intel64 Family 6 Model 142 Stepping 12, GenuineIntel
TMP=C:\Users\wwwgo\AppData\Local\Temp
TEMP=C:\Users\wwwgo\AppData\Local\Temp



Periodic native trim disabled


---------------  S Y S T E M  ---------------

OS:
 Windows 11 , 64 bit Build 26100 (10.0.26100.2454)
OS uptime: 12 days 3:14 hours
Hyper-V role detected

CPU: total 4 (initial active 4) (2 cores per cpu, 2 threads per core) family 6 model 142 stepping 12 microcode 0xde, cx8, cmov, fxsr, ht, mmx, 3dnowpref, sse, sse2, sse3, ssse3, sse4.1, sse4.2, popcnt, lzcnt, tsc, tscinvbit, avx, avx2, aes, erms, clmul, bmi1, bmi2, adx, fma, vzeroupper, clflush, clflushopt, hv
Processor Information for all 4 processors :
  Max Mhz: 2592, Current Mhz: 2592, Mhz Limit: 2073

Memory: 4k page, system-wide physical 8025M (571M free)
TotalPageFile size 23385M (AvailPageFile size 6M)
current process WorkingSet (physical memory assigned to process): 422M, peak: 424M
current process commit charge ("private bytes"): 426M, peak: 430M

vm_info: OpenJDK 64-Bit Server VM (17.0.13+11) for windows-amd64 JRE (17.0.13+11), built on Oct 16 2024 00:10:08 by "admin" with MS VC++ 17.7 (VS2022)

END.
