#
# There is insufficient memory for the Java Runtime Environment to continue.
# Native memory allocation (malloc) failed to allocate 403936 bytes. Error detail: Chunk::new
# Possible reasons:
#   The system is out of physical RAM or swap space
#   This process is running with CompressedOops enabled, and the Java Heap may be blocking the growth of the native heap
# Possible solutions:
#   Reduce memory load on the system
#   Increase physical memory or swap space
#   Check if swap backing store is full
#   Decrease Java heap size (-Xmx/-Xms)
#   Decrease number of Java threads
#   Decrease Java thread stack sizes (-Xss)
#   Set larger code cache with -XX:ReservedCodeCacheSize=
#   JVM is running with Unscaled Compressed Oops mode in which the Java heap is
#     placed in the first 4GB address space. The Java Heap base address is the
#     maximum limit for the native heap growth. Please use -XX:HeapBaseMinAddress
#     to set the Java Heap base and to place the Java Heap above 4GB virtual address.
# This output file may be truncated or incomplete.
#
#  Out of Memory Error (arena.cpp:191), pid=5796, tid=11360
#
# JRE version: OpenJDK Runtime Environment Temurin-17.0.13+11 (17.0.13+11) (build 17.0.13+11)
# Java VM: OpenJDK 64-Bit Server VM Temurin-17.0.13+11 (17.0.13+11, mixed mode, tiered, compressed oops, compressed class ptrs, parallel gc, windows-amd64)
# No core dump will be written. Minidumps are not enabled by default on client versions of Windows
#

---------------  S U M M A R Y ------------

Command Line: --add-modules=ALL-SYSTEM --add-opens=java.base/java.util=ALL-UNNAMED --add-opens=java.base/java.lang=ALL-UNNAMED --add-opens=java.base/sun.nio.fs=ALL-UNNAMED -Declipse.application=org.eclipse.jdt.ls.core.id1 -Dosgi.bundles.defaultStartLevel=4 -Declipse.product=org.eclipse.jdt.ls.core.product -Djava.import.generatesMetadataFilesAtProjectRoot=false -DDetectVMInstallationsJob.disabled=true -Dfile.encoding=utf8 -XX:+UseParallelGC -XX:GCTimeRatio=4 -XX:AdaptiveSizePolicyWeight=90 -Dsun.zip.disableMemoryMapping=true -Xmx1G -Xms100m -Xlog:disable -javaagent:c:\Users\wwwgo\.vscode\extensions\redhat.java-1.37.0-win32-x64\lombok\lombok-1.18.34.jar -XX:+HeapDumpOnOutOfMemoryError -XX:HeapDumpPath=c:\Users\wwwgo\AppData\Roaming\Code\User\workspaceStorage\249a18d9a02ff7ef2690f734e7d3763f\redhat.java -Daether.dependencyCollector.impl=bf c:\Users\wwwgo\.vscode\extensions\redhat.java-1.37.0-win32-x64\server\plugins\org.eclipse.equinox.launcher_1.6.900.v20240613-2009.jar -configuration c:\Users\wwwgo\AppData\Roaming\Code\User\globalStorage\redhat.java\1.37.0\config_win -data c:\Users\wwwgo\AppData\Roaming\Code\User\workspaceStorage\249a18d9a02ff7ef2690f734e7d3763f\redhat.java\jdt_ws --pipe=\\.\pipe\lsp-84007ca08d436b5bebd7a02688a919b6-sock

Host: Intel(R) Core(TM) i3-10110U CPU @ 2.10GHz, 4 cores, 7G,  Windows 11 , 64 bit Build 22621 (10.0.22621.4391)
Time: Fri Dec 13 12:47:06 2024 India Standard Time elapsed time: 51.104389 seconds (0d 0h 0m 51s)

---------------  T H R E A D  ---------------

Current thread (0x000002157f16d940):  JavaThread "C2 CompilerThread0" daemon [_thread_in_native, id=11360, stack(0x00000069fbe00000,0x00000069fbf00000)]


Current CompileTask:
C2:  51104 6907       4       jdk.internal.jimage.ImageReader$SharedImageReader::makeDirectories (54 bytes)

Stack: [0x00000069fbe00000,0x00000069fbf00000]
Native frames: (J=compiled Java code, j=interpreted, Vv=VM code, C=native code)
V  [jvm.dll+0x682a19]
V  [jvm.dll+0x839538]
V  [jvm.dll+0x83afe3]
V  [jvm.dll+0x83b653]
V  [jvm.dll+0x24704f]
V  [jvm.dll+0xace34]
V  [jvm.dll+0xad4cc]
V  [jvm.dll+0x2ac84f]
V  [jvm.dll+0x588a79]
V  [jvm.dll+0x220ea2]
V  [jvm.dll+0x22129f]
V  [jvm.dll+0x21a2b0]
V  [jvm.dll+0x21738b]
V  [jvm.dll+0x1a3070]
V  [jvm.dll+0x22788c]
V  [jvm.dll+0x2259eb]
V  [jvm.dll+0x7eec98]
V  [jvm.dll+0x7e8ffc]
V  [jvm.dll+0x6818f7]
C  [ucrtbase.dll+0x29333]
C  [KERNEL32.DLL+0x1259d]
C  [ntdll.dll+0x5af38]


---------------  P R O C E S S  ---------------

Threads class SMR info:
_java_thread_list=0x00000215092f36d0, length=35, elements={
0x000002156d3077c0, 0x000002157f1443c0, 0x000002157f144f10, 0x000002157f13a920,
0x000002157f169990, 0x000002157f16a460, 0x000002157f16cd40, 0x000002157f16d940,
0x000002157f18ea70, 0x0000021506370f60, 0x000002156d365940, 0x0000021506718b00,
0x0000021506be2f70, 0x0000021506dc7610, 0x000002150672b5e0, 0x0000021506c17960,
0x0000021506ef2080, 0x0000021506eb3f90, 0x0000021506eb4ec0, 0x0000021506eb49b0,
0x0000021506eb44a0, 0x0000021506eb6d20, 0x0000021506eb53d0, 0x0000021506eb7230,
0x0000021506eb58e0, 0x0000021506eb7740, 0x00000215090d34b0, 0x00000215090ce8c0,
0x00000215090cfd00, 0x00000215090d39c0, 0x00000215090d0c30, 0x00000215090d1650,
0x00000215090d0210, 0x00000215090d3ed0, 0x00000215090d1140
}

Java Threads: ( => current thread )
  0x000002156d3077c0 JavaThread "main" [_thread_blocked, id=8368, stack(0x00000069fb500000,0x00000069fb600000)]
  0x000002157f1443c0 JavaThread "Reference Handler" daemon [_thread_blocked, id=15168, stack(0x00000069fb800000,0x00000069fb900000)]
  0x000002157f144f10 JavaThread "Finalizer" daemon [_thread_blocked, id=7008, stack(0x00000069fb900000,0x00000069fba00000)]
  0x000002157f13a920 JavaThread "Signal Dispatcher" daemon [_thread_blocked, id=18112, stack(0x00000069fba00000,0x00000069fbb00000)]
  0x000002157f169990 JavaThread "Attach Listener" daemon [_thread_blocked, id=5644, stack(0x00000069fbb00000,0x00000069fbc00000)]
  0x000002157f16a460 JavaThread "Service Thread" daemon [_thread_blocked, id=5476, stack(0x00000069fbc00000,0x00000069fbd00000)]
  0x000002157f16cd40 JavaThread "Monitor Deflation Thread" daemon [_thread_blocked, id=2608, stack(0x00000069fbd00000,0x00000069fbe00000)]
=>0x000002157f16d940 JavaThread "C2 CompilerThread0" daemon [_thread_in_native, id=11360, stack(0x00000069fbe00000,0x00000069fbf00000)]
  0x000002157f18ea70 JavaThread "C1 CompilerThread0" daemon [_thread_blocked, id=10844, stack(0x00000069fbf00000,0x00000069fc000000)]
  0x0000021506370f60 JavaThread "Sweeper thread" daemon [_thread_blocked, id=21948, stack(0x00000069fc000000,0x00000069fc100000)]
  0x000002156d365940 JavaThread "Common-Cleaner" daemon [_thread_blocked, id=6808, stack(0x00000069fc100000,0x00000069fc200000)]
  0x0000021506718b00 JavaThread "Notification Thread" daemon [_thread_blocked, id=9740, stack(0x00000069fc200000,0x00000069fc300000)]
  0x0000021506be2f70 JavaThread "Active Thread: Equinox Container: 37609d76-54f4-441e-8734-d4092d9549c1" [_thread_blocked, id=3380, stack(0x00000069fc700000,0x00000069fc800000)]
  0x0000021506dc7610 JavaThread "Refresh Thread: Equinox Container: 37609d76-54f4-441e-8734-d4092d9549c1" daemon [_thread_blocked, id=18552, stack(0x00000069fc800000,0x00000069fc900000)]
  0x000002150672b5e0 JavaThread "Framework Event Dispatcher: Equinox Container: 37609d76-54f4-441e-8734-d4092d9549c1" daemon [_thread_blocked, id=20740, stack(0x00000069fc900000,0x00000069fca00000)]
  0x0000021506c17960 JavaThread "Start Level: Equinox Container: 37609d76-54f4-441e-8734-d4092d9549c1" daemon [_thread_blocked, id=15688, stack(0x00000069fca00000,0x00000069fcb00000)]
  0x0000021506ef2080 JavaThread "Bundle File Closer" daemon [_thread_blocked, id=5536, stack(0x00000069fcb00000,0x00000069fcc00000)]
  0x0000021506eb3f90 JavaThread "SCR Component Actor" daemon [_thread_blocked, id=14208, stack(0x00000069fcc00000,0x00000069fcd00000)]
  0x0000021506eb4ec0 JavaThread "Worker-JM" [_thread_blocked, id=19580, stack(0x00000069fce00000,0x00000069fcf00000)]
  0x0000021506eb49b0 JavaThread "JNA Cleaner" daemon [_thread_blocked, id=21232, stack(0x00000069fcf00000,0x00000069fd000000)]
  0x0000021506eb44a0 JavaThread "Worker-0" [_thread_blocked, id=11836, stack(0x00000069fd000000,0x00000069fd100000)]
  0x0000021506eb6d20 JavaThread "Worker-1: Updating Maven Dependencies" [_thread_blocked, id=15836, stack(0x00000069fd100000,0x00000069fd200000)]
  0x0000021506eb53d0 JavaThread "Worker-2: Initialize After Load" [_thread_in_vm, id=11692, stack(0x00000069fd200000,0x00000069fd300000)]
  0x0000021506eb7230 JavaThread "Worker-3" [_thread_blocked, id=22456, stack(0x00000069fd300000,0x00000069fd400000)]
  0x0000021506eb58e0 JavaThread "Java indexing" daemon [_thread_blocked, id=20744, stack(0x00000069fd400000,0x00000069fd500000)]
  0x0000021506eb7740 JavaThread "Thread-2" daemon [_thread_in_native, id=22292, stack(0x00000069fd500000,0x00000069fd600000)]
  0x00000215090d34b0 JavaThread "Thread-3" daemon [_thread_in_native, id=20676, stack(0x00000069fd600000,0x00000069fd700000)]
  0x00000215090ce8c0 JavaThread "Thread-4" daemon [_thread_in_native, id=8908, stack(0x00000069fd700000,0x00000069fd800000)]
  0x00000215090cfd00 JavaThread "Thread-5" daemon [_thread_in_native, id=12708, stack(0x00000069fd800000,0x00000069fd900000)]
  0x00000215090d39c0 JavaThread "Thread-6" daemon [_thread_in_native, id=17508, stack(0x00000069fd900000,0x00000069fda00000)]
  0x00000215090d0c30 JavaThread "pool-2-thread-1" [_thread_blocked, id=21732, stack(0x00000069fda00000,0x00000069fdb00000)]
  0x00000215090d1650 JavaThread "Worker-4" [_thread_blocked, id=19276, stack(0x00000069fdb00000,0x00000069fdc00000)]
  0x00000215090d0210 JavaThread "Worker-5" [_thread_blocked, id=11556, stack(0x00000069fdc00000,0x00000069fdd00000)]
  0x00000215090d3ed0 JavaThread "WorkspaceEventsHandler" [_thread_blocked, id=16276, stack(0x00000069fdd00000,0x00000069fde00000)]
  0x00000215090d1140 JavaThread "pool-1-thread-1" [_thread_blocked, id=2492, stack(0x00000069fde00000,0x00000069fdf00000)]

Other Threads:
  0x000002157f07f650 VMThread "VM Thread" [stack: 0x00000069fb700000,0x00000069fb800000] [id=22180]
  0x0000021506710820 WatcherThread [stack: 0x00000069fc300000,0x00000069fc400000] [id=21208]
  0x000002156d31aa80 GCTaskThread "GC Thread#0" [stack: 0x00000069fb600000,0x00000069fb700000] [id=976]
  0x0000021506bda5c0 GCTaskThread "GC Thread#1" [stack: 0x00000069fc400000,0x00000069fc500000] [id=3736]
  0x0000021506bdac90 GCTaskThread "GC Thread#2" [stack: 0x00000069fc500000,0x00000069fc600000] [id=19864]
  0x0000021506d24070 GCTaskThread "GC Thread#3" [stack: 0x00000069fc600000,0x00000069fc700000] [id=17832]

Threads with active compile tasks:
C2 CompilerThread0    51146 6907       4       jdk.internal.jimage.ImageReader$SharedImageReader::makeDirectories (54 bytes)
C1 CompilerThread0    51146 6934       3       java.lang.invoke.MemberName::equals (69 bytes)

VM state: not at safepoint (normal execution)

VM Mutex/Monitor currently owned by a thread: None

Heap address: 0x00000000c0000000, size: 1024 MB, Compressed Oops mode: 32-bit

CDS archive(s) not mapped
Compressed class space mapped at: 0x0000000100000000-0x0000000140000000, reserved size: 1073741824
Narrow klass base: 0x0000000000000000, Narrow klass shift: 3, Narrow klass range: 0x140000000

GC Precious Log:
 CPUs: 4 total, 4 available
 Memory: 8025M
 Large Page Support: Disabled
 NUMA Support: Disabled
 Compressed Oops: Enabled (32-bit)
 Alignments: Space 512K, Generation 512K, Heap 2M
 Heap Min Capacity: 100M
 Heap Initial Capacity: 100M
 Heap Max Capacity: 1G
 Pre-touch: Disabled
 Parallel Workers: 4

Heap:
 PSYoungGen      total 22528K, used 5614K [0x00000000eab00000, 0x00000000ec380000, 0x0000000100000000)
  eden space 20992K, 19% used [0x00000000eab00000,0x00000000eaefd5c8,0x00000000ebf80000)
  from space 1536K, 99% used [0x00000000ec200000,0x00000000ec37e240,0x00000000ec380000)
  to   space 2048K, 0% used [0x00000000ec000000,0x00000000ec000000,0x00000000ec200000)
 ParOldGen       total 68608K, used 31525K [0x00000000c0000000, 0x00000000c4300000, 0x00000000eab00000)
  object space 68608K, 45% used [0x00000000c0000000,0x00000000c1ec96c0,0x00000000c4300000)
 Metaspace       used 53440K, committed 54528K, reserved 1114112K
  class space    used 5689K, committed 6144K, reserved 1048576K

Card table byte_map: [0x000002156cc90000,0x000002156cea0000] _byte_map_base: 0x000002156c690000

Marking Bits: (ParMarkBitMap*) 0x00007ffae0246940
 Begin Bits: [0x0000021500000000, 0x0000021501000000)
 End Bits:   [0x0000021501000000, 0x0000021502000000)

Polling page: 0x000002156b2c0000

Metaspace:

Usage:
  Non-class:     46.63 MB used.
      Class:      5.56 MB used.
       Both:     52.19 MB used.

Virtual space:
  Non-class space:       64.00 MB reserved,      47.25 MB ( 74%) committed,  1 nodes.
      Class space:        1.00 GB reserved,       6.00 MB ( <1%) committed,  1 nodes.
             Both:        1.06 GB reserved,      53.25 MB (  5%) committed. 

Chunk freelists:
   Non-Class:  617.00 KB
       Class:  10.03 MB
        Both:  10.64 MB

MaxMetaspaceSize: unlimited
CompressedClassSpaceSize: 1.00 GB
Initial GC threshold: 21.00 MB
Current GC threshold: 58.38 MB
CDS: off
MetaspaceReclaimPolicy: balanced
 - commit_granule_bytes: 65536.
 - commit_granule_words: 8192.
 - virtual_space_node_default_size: 8388608.
 - enlarge_chunks_in_place: 1.
 - new_chunks_are_fully_committed: 0.
 - uncommit_free_chunks: 1.
 - use_allocation_guard: 0.
 - handle_deallocations: 1.


Internal statistics:

num_allocs_failed_limit: 8.
num_arena_births: 566.
num_arena_deaths: 14.
num_vsnodes_births: 2.
num_vsnodes_deaths: 0.
num_space_committed: 852.
num_space_uncommitted: 0.
num_chunks_returned_to_freelist: 22.
num_chunks_taken_from_freelist: 2619.
num_chunk_merges: 13.
num_chunk_splits: 1623.
num_chunks_enlarged: 935.
num_inconsistent_stats: 0.

CodeHeap 'non-profiled nmethods': size=120000Kb used=2661Kb max_used=2661Kb free=117338Kb
 bounds [0x0000021577a60000, 0x0000021577d00000, 0x000002157ef90000]
CodeHeap 'profiled nmethods': size=120000Kb used=12197Kb max_used=12197Kb free=107802Kb
 bounds [0x000002156ff90000, 0x0000021570b80000, 0x00000215774c0000]
CodeHeap 'non-nmethods': size=5760Kb used=1304Kb max_used=1377Kb free=4455Kb
 bounds [0x00000215774c0000, 0x0000021577730000, 0x0000021577a60000]
 total_blobs=6764 nmethods=6126 adapters=552
 compilation: enabled
              stopped_count=0, restarted_count=0
 full_count=0

Compilation events (20 events):
Event: 50.975 Thread 0x000002157f16d940 nmethod 6898 0x0000021577cf3710 code [0x0000021577cf38e0, 0x0000021577cf41b8]
Event: 50.975 Thread 0x000002157f16d940 6889       4       java.util.ArrayList::hashCodeRange (68 bytes)
Event: 50.992 Thread 0x000002157f16d940 nmethod 6889 0x0000021577cf4810 code [0x0000021577cf49a0, 0x0000021577cf4ef8]
Event: 50.992 Thread 0x000002157f16d940 6884       4       java.util.ArrayList$SubList::iterator (5 bytes)
Event: 50.995 Thread 0x000002157f16d940 nmethod 6884 0x0000021577cf5210 code [0x0000021577cf53a0, 0x0000021577cf54f8]
Event: 50.995 Thread 0x000002157f16d940 6900       4       java.util.ArrayList::equalsRange (85 bytes)
Event: 50.995 Thread 0x000002157f18ea70 6901       1       org.eclipse.core.runtime.Status::getSeverity (5 bytes)
Event: 50.995 Thread 0x000002157f18ea70 nmethod 6901 0x0000021577cf5690 code [0x0000021577cf5820, 0x0000021577cf58f8]
Event: 51.016 Thread 0x000002157f16d940 nmethod 6900 0x0000021577cf5990 code [0x0000021577cf5b80, 0x0000021577cf6618]
Event: 51.016 Thread 0x000002157f16d940 6885       4       java.util.ArrayList$SubList$1::<init> (39 bytes)
Event: 51.017 Thread 0x000002157f16d940 nmethod 6885 0x0000021577cf6d10 code [0x0000021577cf6e80, 0x0000021577cf6f38]
Event: 51.017 Thread 0x000002157f16d940 6902       4       java.util.ArrayList$ArrayListSpliterator::tryAdvance (79 bytes)
Event: 51.020 Thread 0x000002157f16d940 nmethod 6902 0x0000021577cf7010 code [0x0000021577cf71a0, 0x0000021577cf7398]
Event: 51.020 Thread 0x000002157f16d940 6903       4       java.util.Arrays$ArrayList::toArray (15 bytes)
Event: 51.023 Thread 0x000002157f16d940 nmethod 6903 0x0000021577cf7610 code [0x0000021577cf77a0, 0x0000021577cf7918]
Event: 51.023 Thread 0x000002157f16d940 6904       4       java.util.stream.ReferencePipeline$2$1::accept (27 bytes)
Event: 51.026 Thread 0x000002157f16d940 nmethod 6904 0x0000021577cf7a10 code [0x0000021577cf7ba0, 0x0000021577cf7d78]
Event: 51.027 Thread 0x000002157f16d940 6905       4       java.nio.ByteBufferAsIntBufferL::get (31 bytes)
Event: 51.029 Thread 0x000002157f16d940 nmethod 6905 0x0000021577cf7f90 code [0x0000021577cf8120, 0x0000021577cf8238]
Event: 51.029 Thread 0x000002157f16d940 6907       4       jdk.internal.jimage.ImageReader$SharedImageReader::makeDirectories (54 bytes)

GC Heap History (20 events):
Event: 44.648 GC heap before
{Heap before GC invocations=15 (full 2):
 PSYoungGen      total 21504K, used 20992K [0x00000000eab00000, 0x00000000ec380000, 0x0000000100000000)
  eden space 20992K, 100% used [0x00000000eab00000,0x00000000ebf80000,0x00000000ebf80000)
  from space 512K, 0% used [0x00000000ec300000,0x00000000ec300000,0x00000000ec380000)
  to   space 1024K, 0% used [0x00000000ec180000,0x00000000ec180000,0x00000000ec280000)
 ParOldGen       total 68608K, used 22001K [0x00000000c0000000, 0x00000000c4300000, 0x00000000eab00000)
  object space 68608K, 32% used [0x00000000c0000000,0x00000000c157c5c0,0x00000000c4300000)
 Metaspace       used 38277K, committed 39104K, reserved 1114112K
  class space    used 3806K, committed 4160K, reserved 1048576K
}
Event: 44.653 GC heap after
{Heap after GC invocations=15 (full 2):
 PSYoungGen      total 22016K, used 1008K [0x00000000eab00000, 0x00000000ec380000, 0x0000000100000000)
  eden space 20992K, 0% used [0x00000000eab00000,0x00000000eab00000,0x00000000ebf80000)
  from space 1024K, 98% used [0x00000000ec180000,0x00000000ec27c378,0x00000000ec280000)
  to   space 1024K, 0% used [0x00000000ec280000,0x00000000ec280000,0x00000000ec380000)
 ParOldGen       total 68608K, used 22025K [0x00000000c0000000, 0x00000000c4300000, 0x00000000eab00000)
  object space 68608K, 32% used [0x00000000c0000000,0x00000000c15825c0,0x00000000c4300000)
 Metaspace       used 38277K, committed 39104K, reserved 1114112K
  class space    used 3806K, committed 4160K, reserved 1048576K
}
Event: 45.446 GC heap before
{Heap before GC invocations=16 (full 2):
 PSYoungGen      total 22016K, used 22000K [0x00000000eab00000, 0x00000000ec380000, 0x0000000100000000)
  eden space 20992K, 100% used [0x00000000eab00000,0x00000000ebf80000,0x00000000ebf80000)
  from space 1024K, 98% used [0x00000000ec180000,0x00000000ec27c378,0x00000000ec280000)
  to   space 1024K, 0% used [0x00000000ec280000,0x00000000ec280000,0x00000000ec380000)
 ParOldGen       total 68608K, used 22025K [0x00000000c0000000, 0x00000000c4300000, 0x00000000eab00000)
  object space 68608K, 32% used [0x00000000c0000000,0x00000000c15825c0,0x00000000c4300000)
 Metaspace       used 40200K, committed 41024K, reserved 1114112K
  class space    used 4059K, committed 4416K, reserved 1048576K
}
Event: 45.449 GC heap after
{Heap after GC invocations=16 (full 2):
 PSYoungGen      total 22016K, used 768K [0x00000000eab00000, 0x00000000ec380000, 0x0000000100000000)
  eden space 20992K, 0% used [0x00000000eab00000,0x00000000eab00000,0x00000000ebf80000)
  from space 1024K, 75% used [0x00000000ec280000,0x00000000ec340000,0x00000000ec380000)
  to   space 1024K, 0% used [0x00000000ec180000,0x00000000ec180000,0x00000000ec280000)
 ParOldGen       total 68608K, used 22900K [0x00000000c0000000, 0x00000000c4300000, 0x00000000eab00000)
  object space 68608K, 33% used [0x00000000c0000000,0x00000000c165d090,0x00000000c4300000)
 Metaspace       used 40200K, committed 41024K, reserved 1114112K
  class space    used 4059K, committed 4416K, reserved 1048576K
}
Event: 45.884 GC heap before
{Heap before GC invocations=17 (full 2):
 PSYoungGen      total 22016K, used 21760K [0x00000000eab00000, 0x00000000ec380000, 0x0000000100000000)
  eden space 20992K, 100% used [0x00000000eab00000,0x00000000ebf80000,0x00000000ebf80000)
  from space 1024K, 75% used [0x00000000ec280000,0x00000000ec340000,0x00000000ec380000)
  to   space 1024K, 0% used [0x00000000ec180000,0x00000000ec180000,0x00000000ec280000)
 ParOldGen       total 68608K, used 22900K [0x00000000c0000000, 0x00000000c4300000, 0x00000000eab00000)
  object space 68608K, 33% used [0x00000000c0000000,0x00000000c165d090,0x00000000c4300000)
 Metaspace       used 41918K, committed 42880K, reserved 1114112K
  class space    used 4259K, committed 4672K, reserved 1048576K
}
Event: 45.888 GC heap after
{Heap after GC invocations=17 (full 2):
 PSYoungGen      total 22016K, used 661K [0x00000000eab00000, 0x00000000ec300000, 0x0000000100000000)
  eden space 20992K, 0% used [0x00000000eab00000,0x00000000eab00000,0x00000000ebf80000)
  from space 1024K, 64% used [0x00000000ec180000,0x00000000ec2256f0,0x00000000ec280000)
  to   space 512K, 0% used [0x00000000ec280000,0x00000000ec280000,0x00000000ec300000)
 ParOldGen       total 68608K, used 23561K [0x00000000c0000000, 0x00000000c4300000, 0x00000000eab00000)
  object space 68608K, 34% used [0x00000000c0000000,0x00000000c1702560,0x00000000c4300000)
 Metaspace       used 41918K, committed 42880K, reserved 1114112K
  class space    used 4259K, committed 4672K, reserved 1048576K
}
Event: 46.415 GC heap before
{Heap before GC invocations=18 (full 2):
 PSYoungGen      total 22016K, used 21652K [0x00000000eab00000, 0x00000000ec300000, 0x0000000100000000)
  eden space 20992K, 99% used [0x00000000eab00000,0x00000000ebf7fbc0,0x00000000ebf80000)
  from space 1024K, 64% used [0x00000000ec180000,0x00000000ec2256f0,0x00000000ec280000)
  to   space 512K, 0% used [0x00000000ec280000,0x00000000ec280000,0x00000000ec300000)
 ParOldGen       total 68608K, used 23561K [0x00000000c0000000, 0x00000000c4300000, 0x00000000eab00000)
  object space 68608K, 34% used [0x00000000c0000000,0x00000000c1702560,0x00000000c4300000)
 Metaspace       used 44123K, committed 45120K, reserved 1114112K
  class space    used 4573K, committed 4992K, reserved 1048576K
}
Event: 46.419 GC heap after
{Heap after GC invocations=18 (full 2):
 PSYoungGen      total 21504K, used 493K [0x00000000eab00000, 0x00000000ec300000, 0x0000000100000000)
  eden space 20992K, 0% used [0x00000000eab00000,0x00000000eab00000,0x00000000ebf80000)
  from space 512K, 96% used [0x00000000ec280000,0x00000000ec2fb500,0x00000000ec300000)
  to   space 1536K, 0% used [0x00000000ec000000,0x00000000ec000000,0x00000000ec180000)
 ParOldGen       total 68608K, used 24368K [0x00000000c0000000, 0x00000000c4300000, 0x00000000eab00000)
  object space 68608K, 35% used [0x00000000c0000000,0x00000000c17cc0f0,0x00000000c4300000)
 Metaspace       used 44123K, committed 45120K, reserved 1114112K
  class space    used 4573K, committed 4992K, reserved 1048576K
}
Event: 46.909 GC heap before
{Heap before GC invocations=19 (full 2):
 PSYoungGen      total 21504K, used 21485K [0x00000000eab00000, 0x00000000ec300000, 0x0000000100000000)
  eden space 20992K, 100% used [0x00000000eab00000,0x00000000ebf80000,0x00000000ebf80000)
  from space 512K, 96% used [0x00000000ec280000,0x00000000ec2fb500,0x00000000ec300000)
  to   space 1536K, 0% used [0x00000000ec000000,0x00000000ec000000,0x00000000ec180000)
 ParOldGen       total 68608K, used 24368K [0x00000000c0000000, 0x00000000c4300000, 0x00000000eab00000)
  object space 68608K, 35% used [0x00000000c0000000,0x00000000c17cc0f0,0x00000000c4300000)
 Metaspace       used 46124K, committed 47104K, reserved 1114112K
  class space    used 4838K, committed 5248K, reserved 1048576K
}
Event: 46.913 GC heap after
{Heap after GC invocations=19 (full 2):
 PSYoungGen      total 22528K, used 1444K [0x00000000eab00000, 0x00000000ec300000, 0x0000000100000000)
  eden space 20992K, 0% used [0x00000000eab00000,0x00000000eab00000,0x00000000ebf80000)
  from space 1536K, 94% used [0x00000000ec000000,0x00000000ec1691f0,0x00000000ec180000)
  to   space 1536K, 0% used [0x00000000ec180000,0x00000000ec180000,0x00000000ec300000)
 ParOldGen       total 68608K, used 24873K [0x00000000c0000000, 0x00000000c4300000, 0x00000000eab00000)
  object space 68608K, 36% used [0x00000000c0000000,0x00000000c184a730,0x00000000c4300000)
 Metaspace       used 46124K, committed 47104K, reserved 1114112K
  class space    used 4838K, committed 5248K, reserved 1048576K
}
Event: 47.634 GC heap before
{Heap before GC invocations=20 (full 2):
 PSYoungGen      total 22528K, used 22436K [0x00000000eab00000, 0x00000000ec300000, 0x0000000100000000)
  eden space 20992K, 100% used [0x00000000eab00000,0x00000000ebf80000,0x00000000ebf80000)
  from space 1536K, 94% used [0x00000000ec000000,0x00000000ec1691f0,0x00000000ec180000)
  to   space 1536K, 0% used [0x00000000ec180000,0x00000000ec180000,0x00000000ec300000)
 ParOldGen       total 68608K, used 24873K [0x00000000c0000000, 0x00000000c4300000, 0x00000000eab00000)
  object space 68608K, 36% used [0x00000000c0000000,0x00000000c184a730,0x00000000c4300000)
 Metaspace       used 47392K, committed 48384K, reserved 1114112K
  class space    used 4964K, committed 5376K, reserved 1048576K
}
Event: 47.637 GC heap after
{Heap after GC invocations=20 (full 2):
 PSYoungGen      total 22528K, used 1170K [0x00000000eab00000, 0x00000000ec300000, 0x0000000100000000)
  eden space 20992K, 0% used [0x00000000eab00000,0x00000000eab00000,0x00000000ebf80000)
  from space 1536K, 76% used [0x00000000ec180000,0x00000000ec2a48f8,0x00000000ec300000)
  to   space 1536K, 0% used [0x00000000ec000000,0x00000000ec000000,0x00000000ec180000)
 ParOldGen       total 68608K, used 25826K [0x00000000c0000000, 0x00000000c4300000, 0x00000000eab00000)
  object space 68608K, 37% used [0x00000000c0000000,0x00000000c1938920,0x00000000c4300000)
 Metaspace       used 47392K, committed 48384K, reserved 1114112K
  class space    used 4964K, committed 5376K, reserved 1048576K
}
Event: 48.458 GC heap before
{Heap before GC invocations=21 (full 2):
 PSYoungGen      total 22528K, used 22162K [0x00000000eab00000, 0x00000000ec300000, 0x0000000100000000)
  eden space 20992K, 100% used [0x00000000eab00000,0x00000000ebf80000,0x00000000ebf80000)
  from space 1536K, 76% used [0x00000000ec180000,0x00000000ec2a48f8,0x00000000ec300000)
  to   space 1536K, 0% used [0x00000000ec000000,0x00000000ec000000,0x00000000ec180000)
 ParOldGen       total 68608K, used 25826K [0x00000000c0000000, 0x00000000c4300000, 0x00000000eab00000)
  object space 68608K, 37% used [0x00000000c0000000,0x00000000c1938920,0x00000000c4300000)
 Metaspace       used 49398K, committed 50432K, reserved 1114112K
  class space    used 5220K, committed 5632K, reserved 1048576K
}
Event: 48.465 GC heap after
{Heap after GC invocations=21 (full 2):
 PSYoungGen      total 22528K, used 1536K [0x00000000eab00000, 0x00000000ec580000, 0x0000000100000000)
  eden space 20992K, 0% used [0x00000000eab00000,0x00000000eab00000,0x00000000ebf80000)
  from space 1536K, 100% used [0x00000000ec000000,0x00000000ec180000,0x00000000ec180000)
  to   space 3072K, 0% used [0x00000000ec280000,0x00000000ec280000,0x00000000ec580000)
 ParOldGen       total 68608K, used 26842K [0x00000000c0000000, 0x00000000c4300000, 0x00000000eab00000)
  object space 68608K, 39% used [0x00000000c0000000,0x00000000c1a36a48,0x00000000c4300000)
 Metaspace       used 49398K, committed 50432K, reserved 1114112K
  class space    used 5220K, committed 5632K, reserved 1048576K
}
Event: 49.420 GC heap before
{Heap before GC invocations=22 (full 2):
 PSYoungGen      total 22528K, used 22528K [0x00000000eab00000, 0x00000000ec580000, 0x0000000100000000)
  eden space 20992K, 100% used [0x00000000eab00000,0x00000000ebf80000,0x00000000ebf80000)
  from space 1536K, 100% used [0x00000000ec000000,0x00000000ec180000,0x00000000ec180000)
  to   space 3072K, 0% used [0x00000000ec280000,0x00000000ec280000,0x00000000ec580000)
 ParOldGen       total 68608K, used 26842K [0x00000000c0000000, 0x00000000c4300000, 0x00000000eab00000)
  object space 68608K, 39% used [0x00000000c0000000,0x00000000c1a36a48,0x00000000c4300000)
 Metaspace       used 50708K, committed 51776K, reserved 1114112K
  class space    used 5375K, committed 5824K, reserved 1048576K
}
Event: 49.425 GC heap after
{Heap after GC invocations=22 (full 2):
 PSYoungGen      total 22528K, used 1280K [0x00000000eab00000, 0x00000000ec400000, 0x0000000100000000)
  eden space 20992K, 0% used [0x00000000eab00000,0x00000000eab00000,0x00000000ebf80000)
  from space 1536K, 83% used [0x00000000ec280000,0x00000000ec3c0000,0x00000000ec400000)
  to   space 2048K, 0% used [0x00000000ec000000,0x00000000ec000000,0x00000000ec200000)
 ParOldGen       total 68608K, used 28374K [0x00000000c0000000, 0x00000000c4300000, 0x00000000eab00000)
  object space 68608K, 41% used [0x00000000c0000000,0x00000000c1bb5a58,0x00000000c4300000)
 Metaspace       used 50708K, committed 51776K, reserved 1114112K
  class space    used 5375K, committed 5824K, reserved 1048576K
}
Event: 50.250 GC heap before
{Heap before GC invocations=23 (full 2):
 PSYoungGen      total 22528K, used 22272K [0x00000000eab00000, 0x00000000ec400000, 0x0000000100000000)
  eden space 20992K, 100% used [0x00000000eab00000,0x00000000ebf80000,0x00000000ebf80000)
  from space 1536K, 83% used [0x00000000ec280000,0x00000000ec3c0000,0x00000000ec400000)
  to   space 2048K, 0% used [0x00000000ec000000,0x00000000ec000000,0x00000000ec200000)
 ParOldGen       total 68608K, used 28374K [0x00000000c0000000, 0x00000000c4300000, 0x00000000eab00000)
  object space 68608K, 41% used [0x00000000c0000000,0x00000000c1bb5a58,0x00000000c4300000)
 Metaspace       used 52471K, committed 53568K, reserved 1114112K
  class space    used 5584K, committed 6016K, reserved 1048576K
}
Event: 50.258 GC heap after
{Heap after GC invocations=23 (full 2):
 PSYoungGen      total 23040K, used 1606K [0x00000000eab00000, 0x00000000ec380000, 0x0000000100000000)
  eden space 20992K, 0% used [0x00000000eab00000,0x00000000eab00000,0x00000000ebf80000)
  from space 2048K, 78% used [0x00000000ec000000,0x00000000ec191a90,0x00000000ec200000)
  to   space 1536K, 0% used [0x00000000ec200000,0x00000000ec200000,0x00000000ec380000)
 ParOldGen       total 68608K, used 29538K [0x00000000c0000000, 0x00000000c4300000, 0x00000000eab00000)
  object space 68608K, 43% used [0x00000000c0000000,0x00000000c1cd8a68,0x00000000c4300000)
 Metaspace       used 52471K, committed 53568K, reserved 1114112K
  class space    used 5584K, committed 6016K, reserved 1048576K
}
Event: 51.030 GC heap before
{Heap before GC invocations=24 (full 2):
 PSYoungGen      total 23040K, used 22598K [0x00000000eab00000, 0x00000000ec380000, 0x0000000100000000)
  eden space 20992K, 100% used [0x00000000eab00000,0x00000000ebf80000,0x00000000ebf80000)
  from space 2048K, 78% used [0x00000000ec000000,0x00000000ec191a90,0x00000000ec200000)
  to   space 1536K, 0% used [0x00000000ec200000,0x00000000ec200000,0x00000000ec380000)
 ParOldGen       total 68608K, used 29538K [0x00000000c0000000, 0x00000000c4300000, 0x00000000eab00000)
  object space 68608K, 43% used [0x00000000c0000000,0x00000000c1cd8a68,0x00000000c4300000)
 Metaspace       used 53350K, committed 54464K, reserved 1114112K
  class space    used 5679K, committed 6144K, reserved 1048576K
}
Event: 51.037 GC heap after
{Heap after GC invocations=24 (full 2):
 PSYoungGen      total 22528K, used 1528K [0x00000000eab00000, 0x00000000ec380000, 0x0000000100000000)
  eden space 20992K, 0% used [0x00000000eab00000,0x00000000eab00000,0x00000000ebf80000)
  from space 1536K, 99% used [0x00000000ec200000,0x00000000ec37e240,0x00000000ec380000)
  to   space 2048K, 0% used [0x00000000ec000000,0x00000000ec000000,0x00000000ec200000)
 ParOldGen       total 68608K, used 31525K [0x00000000c0000000, 0x00000000c4300000, 0x00000000eab00000)
  object space 68608K, 45% used [0x00000000c0000000,0x00000000c1ec96c0,0x00000000c4300000)
 Metaspace       used 53350K, committed 54464K, reserved 1114112K
  class space    used 5679K, committed 6144K, reserved 1048576K
}

Dll operation events (10 events):
Event: 0.013 Loaded shared library c:\Users\wwwgo\.vscode\extensions\redhat.java-1.37.0-win32-x64\jre\17.0.13-win32-x86_64\bin\java.dll
Event: 0.689 Loaded shared library c:\Users\wwwgo\.vscode\extensions\redhat.java-1.37.0-win32-x64\jre\17.0.13-win32-x86_64\bin\zip.dll
Event: 0.695 Loaded shared library C:\Users\wwwgo\.vscode\extensions\redhat.java-1.37.0-win32-x64\jre\17.0.13-win32-x86_64\bin\instrument.dll
Event: 0.716 Loaded shared library C:\Users\wwwgo\.vscode\extensions\redhat.java-1.37.0-win32-x64\jre\17.0.13-win32-x86_64\bin\net.dll
Event: 0.718 Loaded shared library C:\Users\wwwgo\.vscode\extensions\redhat.java-1.37.0-win32-x64\jre\17.0.13-win32-x86_64\bin\nio.dll
Event: 0.756 Loaded shared library C:\Users\wwwgo\.vscode\extensions\redhat.java-1.37.0-win32-x64\jre\17.0.13-win32-x86_64\bin\zip.dll
Event: 0.789 Loaded shared library C:\Users\wwwgo\.vscode\extensions\redhat.java-1.37.0-win32-x64\jre\17.0.13-win32-x86_64\bin\jimage.dll
Event: 0.924 Loaded shared library c:\Users\wwwgo\.vscode\extensions\redhat.java-1.37.0-win32-x64\jre\17.0.13-win32-x86_64\bin\verify.dll
Event: 12.602 Loaded shared library C:\Users\wwwgo\AppData\Roaming\Code\User\globalStorage\redhat.java\1.37.0\config_win\org.eclipse.equinox.launcher\org.eclipse.equinox.launcher.win32.win32.x86_64_1.2.1100.v20240722-2106\eclipse_11904.dll
Event: 39.024 Loaded shared library C:\Users\wwwgo\AppData\Local\Temp\jna-113561791\jna15577728338792984450.dll

Deoptimization events (20 events):
Event: 50.723 Thread 0x0000021506eb53d0 Uncommon trap: trap_request=0xffffffde fr.pc=0x0000021577b4cadc relative=0x000000000000053c
Event: 50.723 Thread 0x0000021506eb53d0 Uncommon trap: reason=class_check action=maybe_recompile pc=0x0000021577b4cadc method=java.util.ImmutableCollections$MapN.probe(Ljava/lang/Object;)I @ 1 c2
Event: 50.723 Thread 0x0000021506eb53d0 DEOPT PACKING pc=0x0000021577b4cadc sp=0x00000069fd2fd750
Event: 50.723 Thread 0x0000021506eb53d0 DEOPT UNPACKING pc=0x00000215775166a3 sp=0x00000069fd2fd700 mode 2
Event: 50.723 Thread 0x0000021506eb53d0 Uncommon trap: trap_request=0xffffffde fr.pc=0x0000021577b4cadc relative=0x000000000000053c
Event: 50.723 Thread 0x0000021506eb53d0 Uncommon trap: reason=class_check action=maybe_recompile pc=0x0000021577b4cadc method=java.util.ImmutableCollections$MapN.probe(Ljava/lang/Object;)I @ 1 c2
Event: 50.723 Thread 0x0000021506eb53d0 DEOPT PACKING pc=0x0000021577b4cadc sp=0x00000069fd2fd750
Event: 50.723 Thread 0x0000021506eb53d0 DEOPT UNPACKING pc=0x00000215775166a3 sp=0x00000069fd2fd700 mode 2
Event: 50.723 Thread 0x0000021506eb53d0 Uncommon trap: trap_request=0xffffffde fr.pc=0x0000021577b4cadc relative=0x000000000000053c
Event: 50.723 Thread 0x0000021506eb53d0 Uncommon trap: reason=class_check action=maybe_recompile pc=0x0000021577b4cadc method=java.util.ImmutableCollections$MapN.probe(Ljava/lang/Object;)I @ 1 c2
Event: 50.723 Thread 0x0000021506eb53d0 DEOPT PACKING pc=0x0000021577b4cadc sp=0x00000069fd2fd750
Event: 50.723 Thread 0x0000021506eb53d0 DEOPT UNPACKING pc=0x00000215775166a3 sp=0x00000069fd2fd700 mode 2
Event: 50.723 Thread 0x0000021506eb53d0 Uncommon trap: trap_request=0xffffffde fr.pc=0x0000021577b4cadc relative=0x000000000000053c
Event: 50.723 Thread 0x0000021506eb53d0 Uncommon trap: reason=class_check action=maybe_recompile pc=0x0000021577b4cadc method=java.util.ImmutableCollections$MapN.probe(Ljava/lang/Object;)I @ 1 c2
Event: 50.723 Thread 0x0000021506eb53d0 DEOPT PACKING pc=0x0000021577b4cadc sp=0x00000069fd2fd750
Event: 50.723 Thread 0x0000021506eb53d0 DEOPT UNPACKING pc=0x00000215775166a3 sp=0x00000069fd2fd700 mode 2
Event: 50.725 Thread 0x0000021506eb53d0 Uncommon trap: trap_request=0xffffff76 fr.pc=0x0000021577cdbd4c relative=0x00000000000007ec
Event: 50.725 Thread 0x0000021506eb53d0 Uncommon trap: reason=predicate action=maybe_recompile pc=0x0000021577cdbd4c method=java.util.TimSort.binarySort([Ljava/lang/Object;IIILjava/util/Comparator;)V @ 73 c2
Event: 50.725 Thread 0x0000021506eb53d0 DEOPT PACKING pc=0x0000021577cdbd4c sp=0x00000069fd2fd8f0
Event: 50.725 Thread 0x0000021506eb53d0 DEOPT UNPACKING pc=0x00000215775166a3 sp=0x00000069fd2fd8b0 mode 2

Classes loaded (20 events):
Event: 50.325 Loading class java/nio/ByteBufferAsIntBufferL
Event: 50.325 Loading class java/nio/ByteBufferAsIntBufferL done
Event: 50.329 Loading class jdk/internal/jimage/ImageReader$Directory
Event: 50.329 Loading class jdk/internal/jimage/ImageReader$Directory done
Event: 50.489 Loading class java/nio/file/FileTreeWalker$DirectoryNode
Event: 50.489 Loading class java/nio/file/FileTreeWalker$DirectoryNode done
Event: 50.489 Loading class java/nio/file/FileTreeWalker$Event
Event: 50.489 Loading class java/nio/file/FileTreeWalker$Event done
Event: 50.489 Loading class java/nio/file/FileTreeWalker$EventType
Event: 50.490 Loading class java/nio/file/FileTreeWalker$EventType done
Event: 50.490 Loading class java/nio/file/Files$3
Event: 50.490 Loading class java/nio/file/Files$3 done
Event: 50.490 Loading class java/nio/file/FileVisitResult
Event: 50.490 Loading class java/nio/file/FileVisitResult done
Event: 50.658 Loading class java/util/regex/Pattern$BackRef
Event: 50.658 Loading class java/util/regex/Pattern$BackRef done
Event: 50.789 Loading class java/nio/channels/Channels$ReadableByteChannelImpl
Event: 50.789 Loading class java/nio/channels/Channels$ReadableByteChannelImpl done
Event: 50.790 Loading class java/nio/channels/NonWritableChannelException
Event: 50.790 Loading class java/nio/channels/NonWritableChannelException done

Classes unloaded (7 events):
Event: 43.681 Thread 0x000002157f07f650 Unloading class 0x0000000100259000 'java/lang/invoke/LambdaForm$MH+0x0000000100259000'
Event: 43.681 Thread 0x000002157f07f650 Unloading class 0x0000000100258c00 'java/lang/invoke/LambdaForm$MH+0x0000000100258c00'
Event: 43.681 Thread 0x000002157f07f650 Unloading class 0x0000000100258800 'java/lang/invoke/LambdaForm$MH+0x0000000100258800'
Event: 43.681 Thread 0x000002157f07f650 Unloading class 0x0000000100258400 'java/lang/invoke/LambdaForm$MH+0x0000000100258400'
Event: 43.681 Thread 0x000002157f07f650 Unloading class 0x0000000100258000 'java/lang/invoke/LambdaForm$BMH+0x0000000100258000'
Event: 43.681 Thread 0x000002157f07f650 Unloading class 0x0000000100257c00 'java/lang/invoke/LambdaForm$DMH+0x0000000100257c00'
Event: 43.681 Thread 0x000002157f07f650 Unloading class 0x0000000100254400 'java/lang/invoke/LambdaForm$DMH+0x0000000100254400'

Classes redefined (0 events):
No events

Internal exceptions (20 events):
Event: 47.811 Thread 0x0000021506eb53d0 Exception <a 'sun/nio/fs/WindowsException'{0x00000000eb0f3828}> (0x00000000eb0f3828) 
thrown [s\src\hotspot\share\prims\jni.cpp, line 516]
Event: 48.189 Thread 0x0000021506eb44a0 Exception <a 'java/lang/NoSuchMethodError'{0x00000000eb9eaa20}: 'void java.lang.invoke.DirectMethodHandle$Holder.invokeStaticInit(java.lang.Object, java.lang.Object, java.lang.Object)'> (0x00000000eb9eaa20) 
thrown [s\src\hotspot\share\interpreter\linkResolver.cpp, line 759]
Event: 48.260 Thread 0x0000021506eb44a0 Exception <a 'java/lang/ExceptionInInitializerError'{0x00000000eba6a058}> (0x00000000eba6a058) 
thrown [s\src\hotspot\share\oops\instanceKlass.cpp, line 1218]
Event: 48.325 Thread 0x0000021506eb44a0 Implicit null exception at 0x0000021577b945af to 0x0000021577b94758
Event: 48.325 Thread 0x0000021506eb44a0 Implicit null exception at 0x0000021577aeff89 to 0x0000021577af13d8
Event: 48.332 Thread 0x0000021506eb44a0 Exception <a 'java/lang/NoSuchMethodError'{0x00000000ebc75370}: 'java.lang.Object java.lang.invoke.Invokers$Holder.invokeExact_MT(java.lang.Object, int, java.lang.Object)'> (0x00000000ebc75370) 
thrown [s\src\hotspot\share\interpreter\linkResolver.cpp, line 759]
Event: 48.568 Thread 0x0000021506eb53d0 Exception <a 'sun/nio/fs/WindowsException'{0x00000000eacbf9f0}> (0x00000000eacbf9f0) 
thrown [s\src\hotspot\share\prims\jni.cpp, line 516]
Event: 48.568 Thread 0x0000021506eb53d0 Exception <a 'sun/nio/fs/WindowsException'{0x00000000eacc0360}> (0x00000000eacc0360) 
thrown [s\src\hotspot\share\prims\jni.cpp, line 516]
Event: 48.572 Thread 0x0000021506eb53d0 Exception <a 'sun/nio/fs/WindowsException'{0x00000000eacc31a8}> (0x00000000eacc31a8) 
thrown [s\src\hotspot\share\prims\jni.cpp, line 516]
Event: 48.572 Thread 0x0000021506eb53d0 Exception <a 'sun/nio/fs/WindowsException'{0x00000000eacc3888}> (0x00000000eacc3888) 
thrown [s\src\hotspot\share\prims\jni.cpp, line 516]
Event: 48.574 Thread 0x0000021506eb53d0 Exception <a 'sun/nio/fs/WindowsException'{0x00000000eacc5878}> (0x00000000eacc5878) 
thrown [s\src\hotspot\share\prims\jni.cpp, line 516]
Event: 48.574 Thread 0x0000021506eb53d0 Exception <a 'sun/nio/fs/WindowsException'{0x00000000eacc5f58}> (0x00000000eacc5f58) 
thrown [s\src\hotspot\share\prims\jni.cpp, line 516]
Event: 48.576 Thread 0x0000021506eb53d0 Exception <a 'java/io/FileNotFoundException'{0x00000000eacc9788}> (0x00000000eacc9788) 
thrown [s\src\hotspot\share\prims\jni.cpp, line 516]
Event: 48.828 Thread 0x0000021506eb53d0 Exception <a 'sun/nio/fs/WindowsException'{0x00000000eb145908}> (0x00000000eb145908) 
thrown [s\src\hotspot\share\prims\jni.cpp, line 516]
Event: 49.531 Thread 0x0000021506eb44a0 Exception <a 'java/lang/NoClassDefFoundError'{0x00000000eaee2160}: com/google/inject/servlet/ServletModuleTargetVisitor> (0x00000000eaee2160) 
thrown [s\src\hotspot\share\classfile\systemDictionary.cpp, line 245]
Event: 49.976 Thread 0x0000021506eb53d0 Exception <a 'sun/nio/fs/WindowsException'{0x00000000eb946ea8}> (0x00000000eb946ea8) 
thrown [s\src\hotspot\share\prims\jni.cpp, line 516]
Event: 49.977 Thread 0x0000021506eb53d0 Exception <a 'sun/nio/fs/WindowsException'{0x00000000eb947830}> (0x00000000eb947830) 
thrown [s\src\hotspot\share\prims\jni.cpp, line 516]
Event: 50.248 Thread 0x0000021506eb53d0 Exception <a 'java/lang/NoSuchMethodError'{0x00000000ebf667f8}: 'java.lang.Object java.lang.invoke.Invokers$Holder.invoke_MT(java.lang.Object, java.lang.Object, java.lang.Object)'> (0x00000000ebf667f8) 
thrown [s\src\hotspot\share\interpreter\linkResolver.cpp, line 759]
Event: 50.646 Thread 0x0000021506eb53d0 Exception <a 'java/lang/NoSuchMethodError'{0x00000000eb0c8c28}: 'java.lang.Object java.lang.invoke.DirectMethodHandle$Holder.invokeSpecial(java.lang.Object, java.lang.Object, java.lang.Object, java.lang.Object, java.lang.Object, java.lang.Object, java.lang.Object, java.lang.Object, java.lang.Object, java.lang.Object)'> (0x00000000eb0c8c28) 
thrown [s\src\hotspot\share\interpreter\linkResolver.cpp, line 759]
Event: 50.647 Thread 0x0000021506eb53d0 Exception <a 'java/lang/NoSuchMethodError'{0x00000000eb0cd4b8}: 'java.lang.Object java.lang.invoke.Invokers$Holder.invoke_MT(java.lang.Object, java.lang.Object, java.lang.Object, java.lang.Object, java.lang.Object, java.lang.Object, java.lang.Object, java.lang.Object, java.lang.Object, java.lang.Object)'> (0x00000000eb0cd4b8) 
thrown [s\src\hotspot\share\interpreter\linkResolver.cpp, line 759]

VM Operations (20 events):
Event: 49.396 Executing VM operation: ParallelGCFailedAllocation
Event: 49.425 Executing VM operation: ParallelGCFailedAllocation done
Event: 49.813 Executing VM operation: HandshakeAllThreads
Event: 49.847 Executing VM operation: HandshakeAllThreads done
Event: 49.848 Executing VM operation: HandshakeAllThreads
Event: 49.848 Executing VM operation: HandshakeAllThreads done
Event: 50.032 Executing VM operation: ICBufferFull
Event: 50.047 Executing VM operation: ICBufferFull done
Event: 50.215 Executing VM operation: HandshakeAllThreads
Event: 50.215 Executing VM operation: HandshakeAllThreads done
Event: 50.250 Executing VM operation: ParallelGCFailedAllocation
Event: 50.258 Executing VM operation: ParallelGCFailedAllocation done
Event: 50.326 Executing VM operation: HandshakeAllThreads
Event: 50.326 Executing VM operation: HandshakeAllThreads done
Event: 50.327 Executing VM operation: HandshakeAllThreads
Event: 50.327 Executing VM operation: HandshakeAllThreads done
Event: 50.488 Executing VM operation: HandshakeAllThreads
Event: 50.488 Executing VM operation: HandshakeAllThreads done
Event: 51.030 Executing VM operation: ParallelGCFailedAllocation
Event: 51.037 Executing VM operation: ParallelGCFailedAllocation done

Memory protections (0 events):
No events

Nmethod flushes (20 events):
Event: 46.570 Thread 0x0000021506370f60 flushing  nmethod 0x00000215708def10
Event: 46.570 Thread 0x0000021506370f60 flushing  nmethod 0x00000215708e1910
Event: 46.570 Thread 0x0000021506370f60 flushing  nmethod 0x00000215708e8d90
Event: 46.570 Thread 0x0000021506370f60 flushing  nmethod 0x00000215708fea10
Event: 46.570 Thread 0x0000021506370f60 flushing  nmethod 0x0000021570908f90
Event: 46.570 Thread 0x0000021506370f60 flushing  nmethod 0x0000021570909910
Event: 46.570 Thread 0x0000021506370f60 flushing  nmethod 0x0000021570909e10
Event: 46.570 Thread 0x0000021506370f60 flushing  nmethod 0x0000021570912e10
Event: 46.570 Thread 0x0000021506370f60 flushing  nmethod 0x0000021570913b90
Event: 46.570 Thread 0x0000021506370f60 flushing  nmethod 0x0000021570919310
Event: 46.570 Thread 0x0000021506370f60 flushing  nmethod 0x0000021570919910
Event: 46.570 Thread 0x0000021506370f60 flushing  nmethod 0x0000021570919d90
Event: 46.571 Thread 0x0000021506370f60 flushing  nmethod 0x0000021570928a90
Event: 46.571 Thread 0x0000021506370f60 flushing  nmethod 0x000002157092d710
Event: 46.571 Thread 0x0000021506370f60 flushing  nmethod 0x0000021570934490
Event: 46.571 Thread 0x0000021506370f60 flushing  nmethod 0x000002157093de10
Event: 46.571 Thread 0x0000021506370f60 flushing  nmethod 0x000002157095f410
Event: 46.571 Thread 0x0000021506370f60 flushing  nmethod 0x0000021570964c10
Event: 46.571 Thread 0x0000021506370f60 flushing  nmethod 0x000002157096d710
Event: 46.571 Thread 0x0000021506370f60 flushing  nmethod 0x0000021570996990

Events (20 events):
Event: 35.398 Thread 0x0000021506c17960 Thread added: 0x0000021506eb3f90
Event: 35.677 Thread 0x0000021506c17960 Thread added: 0x0000021506eb6300
Event: 36.928 Thread 0x0000021506c17960 Thread added: 0x0000021506eb4ec0
Event: 39.105 Thread 0x0000021506c17960 Thread added: 0x0000021506eb49b0
Event: 39.955 Thread 0x0000021506c17960 Thread added: 0x0000021506eb44a0
Event: 41.017 Thread 0x0000021506c17960 Thread added: 0x0000021506eb6d20
Event: 43.130 Thread 0x0000021506eb44a0 Thread added: 0x0000021506eb53d0
Event: 43.427 Thread 0x0000021506eb53d0 Thread added: 0x0000021506eb7230
Event: 44.076 Thread 0x0000021506c17960 Thread added: 0x0000021506eb58e0
Event: 45.854 Thread 0x000002156d3077c0 Thread added: 0x0000021506eb7740
Event: 45.855 Thread 0x000002156d3077c0 Thread added: 0x00000215090d34b0
Event: 45.855 Thread 0x000002156d3077c0 Thread added: 0x00000215090ce8c0
Event: 45.856 Thread 0x000002156d3077c0 Thread added: 0x00000215090cfd00
Event: 45.856 Thread 0x000002156d3077c0 Thread added: 0x00000215090d39c0
Event: 45.960 Thread 0x000002156d3077c0 Thread added: 0x00000215090d0c30
Event: 46.115 Thread 0x0000021506eb7230 Thread added: 0x00000215090d1650
Event: 46.206 Thread 0x00000215090d1650 Thread added: 0x00000215090d0210
Event: 46.859 Thread 0x000002156d3077c0 Thread added: 0x00000215090d3ed0
Event: 46.860 Thread 0x000002156d3077c0 Thread added: 0x00000215090d1140
Event: 47.157 Thread 0x0000021506eb6300 Thread exited: 0x0000021506eb6300


Dynamic libraries:
0x00007ff6df340000 - 0x00007ff6df34e000 	c:\Users\wwwgo\.vscode\extensions\redhat.java-1.37.0-win32-x64\jre\17.0.13-win32-x86_64\bin\java.exe
0x00007ffb439d0000 - 0x00007ffb43be7000 	C:\WINDOWS\SYSTEM32\ntdll.dll
0x00007ffb42300000 - 0x00007ffb423c4000 	C:\WINDOWS\System32\KERNEL32.DLL
0x00007ffb410d0000 - 0x00007ffb4148a000 	C:\WINDOWS\System32\KERNELBASE.dll
0x00007ffb41490000 - 0x00007ffb415a1000 	C:\WINDOWS\System32\ucrtbase.dll
0x00007ffb35920000 - 0x00007ffb35937000 	c:\Users\wwwgo\.vscode\extensions\redhat.java-1.37.0-win32-x64\jre\17.0.13-win32-x86_64\bin\jli.dll
0x00007ffb43720000 - 0x00007ffb438ce000 	C:\WINDOWS\System32\USER32.dll
0x00007ffb40dc0000 - 0x00007ffb40de6000 	C:\WINDOWS\System32\win32u.dll
0x00007ffb42000000 - 0x00007ffb42029000 	C:\WINDOWS\System32\GDI32.dll
0x00007ffb40ca0000 - 0x00007ffb40dbb000 	C:\WINDOWS\System32\gdi32full.dll
0x00007ffb415b0000 - 0x00007ffb4164a000 	C:\WINDOWS\System32\msvcp_win.dll
0x00007ffb13900000 - 0x00007ffb1391e000 	c:\Users\wwwgo\.vscode\extensions\redhat.java-1.37.0-win32-x64\jre\17.0.13-win32-x86_64\bin\VCRUNTIME140.dll
0x00007ffb248d0000 - 0x00007ffb24b62000 	C:\WINDOWS\WinSxS\amd64_microsoft.windows.common-controls_6595b64144ccf1df_6.0.22621.4541_none_2710d1c57384c085\COMCTL32.dll
0x00007ffb427e0000 - 0x00007ffb42887000 	C:\WINDOWS\System32\msvcrt.dll
0x00007ffb41cc0000 - 0x00007ffb41cf1000 	C:\WINDOWS\System32\IMM32.DLL
0x00007ffb31520000 - 0x00007ffb3152c000 	c:\Users\wwwgo\.vscode\extensions\redhat.java-1.37.0-win32-x64\jre\17.0.13-win32-x86_64\bin\vcruntime140_1.dll
0x00007ffb0c360000 - 0x00007ffb0c3ed000 	c:\Users\wwwgo\.vscode\extensions\redhat.java-1.37.0-win32-x64\jre\17.0.13-win32-x86_64\bin\msvcp140.dll
0x00007ffadf6a0000 - 0x00007ffae030b000 	c:\Users\wwwgo\.vscode\extensions\redhat.java-1.37.0-win32-x64\jre\17.0.13-win32-x86_64\bin\server\jvm.dll
0x00007ffb41770000 - 0x00007ffb41822000 	C:\WINDOWS\System32\ADVAPI32.dll
0x00007ffb438d0000 - 0x00007ffb43977000 	C:\WINDOWS\System32\sechost.dll
0x00007ffb40df0000 - 0x00007ffb40e18000 	C:\WINDOWS\System32\bcrypt.dll
0x00007ffb43500000 - 0x00007ffb43614000 	C:\WINDOWS\System32\RPCRT4.dll
0x00007ffb42a90000 - 0x00007ffb42b01000 	C:\WINDOWS\System32\WS2_32.dll
0x00007ffb40ac0000 - 0x00007ffb40b0d000 	C:\WINDOWS\SYSTEM32\POWRPROF.dll
0x00007ffb36a10000 - 0x00007ffb36a44000 	C:\WINDOWS\SYSTEM32\WINMM.dll
0x00007ffb350d0000 - 0x00007ffb350da000 	C:\WINDOWS\SYSTEM32\VERSION.dll
0x00007ffb409a0000 - 0x00007ffb409b3000 	C:\WINDOWS\SYSTEM32\UMPDC.dll
0x00007ffb3fca0000 - 0x00007ffb3fcb8000 	C:\WINDOWS\SYSTEM32\kernel.appcore.dll
0x00007ffb28ba0000 - 0x00007ffb28baa000 	c:\Users\wwwgo\.vscode\extensions\redhat.java-1.37.0-win32-x64\jre\17.0.13-win32-x86_64\bin\jimage.dll
0x00007ffb3b4e0000 - 0x00007ffb3b712000 	C:\WINDOWS\SYSTEM32\DBGHELP.DLL
0x00007ffb423f0000 - 0x00007ffb4277f000 	C:\WINDOWS\System32\combase.dll
0x00007ffb41d00000 - 0x00007ffb41dd7000 	C:\WINDOWS\System32\OLEAUT32.dll
0x00007ffb35610000 - 0x00007ffb35642000 	C:\WINDOWS\SYSTEM32\dbgcore.DLL
0x00007ffb41050000 - 0x00007ffb410cb000 	C:\WINDOWS\System32\bcryptPrimitives.dll
0x00007ffb28ac0000 - 0x00007ffb28ace000 	c:\Users\wwwgo\.vscode\extensions\redhat.java-1.37.0-win32-x64\jre\17.0.13-win32-x86_64\bin\instrument.dll
0x00007ffb138d0000 - 0x00007ffb138f5000 	c:\Users\wwwgo\.vscode\extensions\redhat.java-1.37.0-win32-x64\jre\17.0.13-win32-x86_64\bin\java.dll
0x00007ffb13690000 - 0x00007ffb136a8000 	c:\Users\wwwgo\.vscode\extensions\redhat.java-1.37.0-win32-x64\jre\17.0.13-win32-x86_64\bin\zip.dll
0x00007ffb42b70000 - 0x00007ffb433e8000 	C:\WINDOWS\System32\SHELL32.dll
0x00007ffb3eb90000 - 0x00007ffb3f498000 	C:\WINDOWS\SYSTEM32\windows.storage.dll
0x00007ffb3ea50000 - 0x00007ffb3eb8f000 	C:\WINDOWS\SYSTEM32\wintypes.dll
0x00007ffb433f0000 - 0x00007ffb434ea000 	C:\WINDOWS\System32\SHCORE.dll
0x00007ffb42780000 - 0x00007ffb427de000 	C:\WINDOWS\System32\shlwapi.dll
0x00007ffb40bd0000 - 0x00007ffb40bfb000 	C:\WINDOWS\SYSTEM32\profapi.dll
0x00007ffb13670000 - 0x00007ffb13689000 	C:\Users\wwwgo\.vscode\extensions\redhat.java-1.37.0-win32-x64\jre\17.0.13-win32-x86_64\bin\net.dll
0x00007ffb37c50000 - 0x00007ffb37d86000 	C:\WINDOWS\SYSTEM32\WINHTTP.dll
0x00007ffb40120000 - 0x00007ffb40189000 	C:\WINDOWS\system32\mswsock.dll
0x00007ffb13650000 - 0x00007ffb13666000 	C:\Users\wwwgo\.vscode\extensions\redhat.java-1.37.0-win32-x64\jre\17.0.13-win32-x86_64\bin\nio.dll
0x00007ffb28890000 - 0x00007ffb288a0000 	c:\Users\wwwgo\.vscode\extensions\redhat.java-1.37.0-win32-x64\jre\17.0.13-win32-x86_64\bin\verify.dll
0x00007ffb311b0000 - 0x00007ffb311f5000 	C:\Users\wwwgo\AppData\Roaming\Code\User\globalStorage\redhat.java\1.37.0\config_win\org.eclipse.equinox.launcher\org.eclipse.equinox.launcher.win32.win32.x86_64_1.2.1100.v20240722-2106\eclipse_11904.dll
0x00007ffb42890000 - 0x00007ffb42a35000 	C:\WINDOWS\System32\ole32.dll
0x00007ffb40350000 - 0x00007ffb4036b000 	C:\WINDOWS\SYSTEM32\CRYPTSP.dll
0x00007ffb3fc00000 - 0x00007ffb3fc35000 	C:\WINDOWS\system32\rsaenh.dll
0x00007ffb401e0000 - 0x00007ffb40208000 	C:\WINDOWS\SYSTEM32\USERENV.dll
0x00007ffb40370000 - 0x00007ffb4037c000 	C:\WINDOWS\SYSTEM32\CRYPTBASE.dll
0x00007ffb3f740000 - 0x00007ffb3f76d000 	C:\WINDOWS\SYSTEM32\IPHLPAPI.DLL
0x00007ffb422f0000 - 0x00007ffb422f9000 	C:\WINDOWS\System32\NSI.dll
0x00007ffb37b40000 - 0x00007ffb37b59000 	C:\WINDOWS\SYSTEM32\dhcpcsvc6.DLL
0x00007ffb37b20000 - 0x00007ffb37b3f000 	C:\WINDOWS\SYSTEM32\dhcpcsvc.DLL
0x00007ffb3f7c0000 - 0x00007ffb3f8c2000 	C:\WINDOWS\SYSTEM32\DNSAPI.dll
0x00007ffb12310000 - 0x00007ffb12359000 	C:\Users\wwwgo\AppData\Local\Temp\jna-113561791\jna15577728338792984450.dll
0x00007ffb43980000 - 0x00007ffb43988000 	C:\WINDOWS\System32\PSAPI.DLL

dbghelp: loaded successfully - version: 4.0.5 - missing functions: none
symbol engine: initialized successfully - sym options: 0x614 - pdb path: .;c:\Users\wwwgo\.vscode\extensions\redhat.java-1.37.0-win32-x64\jre\17.0.13-win32-x86_64\bin;C:\WINDOWS\SYSTEM32;C:\WINDOWS\WinSxS\amd64_microsoft.windows.common-controls_6595b64144ccf1df_6.0.22621.4541_none_2710d1c57384c085;c:\Users\wwwgo\.vscode\extensions\redhat.java-1.37.0-win32-x64\jre\17.0.13-win32-x86_64\bin\server;C:\Users\wwwgo\AppData\Roaming\Code\User\globalStorage\redhat.java\1.37.0\config_win\org.eclipse.equinox.launcher\org.eclipse.equinox.launcher.win32.win32.x86_64_1.2.1100.v20240722-2106;C:\Users\wwwgo\AppData\Local\Temp\jna-113561791

VM Arguments:
jvm_args: --add-modules=ALL-SYSTEM --add-opens=java.base/java.util=ALL-UNNAMED --add-opens=java.base/java.lang=ALL-UNNAMED --add-opens=java.base/sun.nio.fs=ALL-UNNAMED -Declipse.application=org.eclipse.jdt.ls.core.id1 -Dosgi.bundles.defaultStartLevel=4 -Declipse.product=org.eclipse.jdt.ls.core.product -Djava.import.generatesMetadataFilesAtProjectRoot=false -DDetectVMInstallationsJob.disabled=true -Dfile.encoding=utf8 -XX:+UseParallelGC -XX:GCTimeRatio=4 -XX:AdaptiveSizePolicyWeight=90 -Dsun.zip.disableMemoryMapping=true -Xmx1G -Xms100m -Xlog:disable -javaagent:c:\Users\wwwgo\.vscode\extensions\redhat.java-1.37.0-win32-x64\lombok\lombok-1.18.34.jar -XX:+HeapDumpOnOutOfMemoryError -XX:HeapDumpPath=c:\Users\wwwgo\AppData\Roaming\Code\User\workspaceStorage\249a18d9a02ff7ef2690f734e7d3763f\redhat.java -Daether.dependencyCollector.impl=bf 
java_command: c:\Users\wwwgo\.vscode\extensions\redhat.java-1.37.0-win32-x64\server\plugins\org.eclipse.equinox.launcher_1.6.900.v20240613-2009.jar -configuration c:\Users\wwwgo\AppData\Roaming\Code\User\globalStorage\redhat.java\1.37.0\config_win -data c:\Users\wwwgo\AppData\Roaming\Code\User\workspaceStorage\249a18d9a02ff7ef2690f734e7d3763f\redhat.java\jdt_ws --pipe=\\.\pipe\lsp-84007ca08d436b5bebd7a02688a919b6-sock
java_class_path (initial): c:\Users\wwwgo\.vscode\extensions\redhat.java-1.37.0-win32-x64\server\plugins\org.eclipse.equinox.launcher_1.6.900.v20240613-2009.jar
Launcher Type: SUN_STANDARD

[Global flags]
    uintx AdaptiveSizePolicyWeight                 = 90                                        {product} {command line}
     intx CICompilerCount                          = 3                                         {product} {ergonomic}
    uintx GCTimeRatio                              = 4                                         {product} {command line}
     bool HeapDumpOnOutOfMemoryError               = true                                   {manageable} {command line}
    ccstr HeapDumpPath                             = c:\Users\wwwgo\AppData\Roaming\Code\User\workspaceStorage\249a18d9a02ff7ef2690f734e7d3763f\redhat.java         {manageable} {command line}
   size_t InitialHeapSize                          = 104857600                                 {product} {command line}
   size_t MaxHeapSize                              = 1073741824                                {product} {command line}
   size_t MaxNewSize                               = 357564416                                 {product} {ergonomic}
   size_t MinHeapDeltaBytes                        = 524288                                    {product} {ergonomic}
   size_t MinHeapSize                              = 104857600                                 {product} {command line}
   size_t NewSize                                  = 34603008                                  {product} {ergonomic}
    uintx NonNMethodCodeHeapSize                   = 5832780                                {pd product} {ergonomic}
    uintx NonProfiledCodeHeapSize                  = 122912730                              {pd product} {ergonomic}
   size_t OldSize                                  = 70254592                                  {product} {ergonomic}
    uintx ProfiledCodeHeapSize                     = 122912730                              {pd product} {ergonomic}
    uintx ReservedCodeCacheSize                    = 251658240                              {pd product} {ergonomic}
     bool SegmentedCodeCache                       = true                                      {product} {ergonomic}
   size_t SoftMaxHeapSize                          = 1073741824                             {manageable} {ergonomic}
     bool UseCompressedClassPointers               = true                           {product lp64_product} {ergonomic}
     bool UseCompressedOops                        = true                           {product lp64_product} {ergonomic}
     bool UseLargePagesIndividualAllocation        = false                                  {pd product} {ergonomic}
     bool UseParallelGC                            = true                                      {product} {command line}

Logging:
Log output configuration:
 #0: stdout all=off uptime,level,tags
 #1: stderr all=off uptime,level,tags

Environment Variables:
JAVA_HOME=C:\Program Files\Microsoft\jdk-17.0.12.7-hotspot\
PATH=C:\Program Files\Microsoft\jdk-17.0.12.7-hotspot\bin;C:\Python312\Scripts\;C:\Python312\;C:\WINDOWS\system32;C:\WINDOWS;C:\WINDOWS\System32\Wbem;C:\WINDOWS\System32\WindowsPowerShell\v1.0\;C:\WINDOWS\System32\OpenSSH\;C:\Program Files\Git\cmd;C:\xampp2\php;C:\ProgramData\ComposerSetup\bin;C:\ProgramData\chocolatey\bin;C:\Program Files\nodejs\;C:\Users\wwwgo\AppData\Local\Android\Sdk\platform-tools;C:\Users\wwwgo\AppData\Local\Android\Sdk\tools;C:\Users\wwwgo\AppData\Local\Android\Sdk\tools;C:\Users\wwwgo\AppData\Local\Android\Sdk\tools;C:\Program Files\Microsoft\jdk-17.0.12.7-hotspot\bin;C:\Python312\Scripts\;C:\Python312\;C:\WINDOWS\system32;C:\WINDOWS;C:\WINDOWS\System32\Wbem;C:\WINDOWS\System32\WindowsPowerShell\v1.0\;C:\WINDOWS\System32\OpenSSH\;C:\Program Files\Git\cmd;C:\xampp2\php;C:\ProgramData\ComposerSetup\bin;C:\ProgramData\chocolatey\bin;C:\Program Files\nodejs\;C:\Users\wwwgo\AppData\Local\Android\Sdk\platform-tools;C:\Users\wwwgo\AppData\Local\Microsoft\WindowsApps;;C:\Users\wwwgo\AppData\Local\Programs\Microsoft VS Code\bin;C:\Users\wwwgo\AppData\Roaming\Composer\vendor\bin;C:\Users\wwwgo\AppData\Roaming\npm;C:\Program Files\android-sdk-windows\platform-tools
USERNAME=wwwgo
OS=Windows_NT
PROCESSOR_IDENTIFIER=Intel64 Family 6 Model 142 Stepping 12, GenuineIntel
TMP=C:\Users\wwwgo\AppData\Local\Temp
TEMP=C:\Users\wwwgo\AppData\Local\Temp



Periodic native trim disabled


---------------  S Y S T E M  ---------------

OS:
 Windows 11 , 64 bit Build 22621 (10.0.22621.4391)
OS uptime: 1 days 19:00 hours
Hyper-V role detected

CPU: total 4 (initial active 4) (2 cores per cpu, 2 threads per core) family 6 model 142 stepping 12 microcode 0xde, cx8, cmov, fxsr, ht, mmx, 3dnowpref, sse, sse2, sse3, ssse3, sse4.1, sse4.2, popcnt, lzcnt, tsc, tscinvbit, avx, avx2, aes, erms, clmul, bmi1, bmi2, adx, fma, vzeroupper, clflush, clflushopt, hv
Processor Information for all 4 processors :
  Max Mhz: 2592, Current Mhz: 1495, Mhz Limit: 2073

Memory: 4k page, system-wide physical 8025M (214M free)
TotalPageFile size 23385M (AvailPageFile size 0M)
current process WorkingSet (physical memory assigned to process): 204M, peak: 204M
current process commit charge ("private bytes"): 270M, peak: 273M

vm_info: OpenJDK 64-Bit Server VM (17.0.13+11) for windows-amd64 JRE (17.0.13+11), built on Oct 16 2024 00:10:08 by "admin" with MS VC++ 17.7 (VS2022)

END.
